<?xml version="1.0" encoding="utf-8" ?>
<!-- DO NOT EDIT THIS FILE -->

<log version='2.0' source='tcet'>
	<!-- Opened annotation file /opt/intel/oneapi/advisor/2024.1/lib64/../config/tc/map.ant -->
	<!-- Opened annotation file /opt/intel/oneapi/advisor/2024.1/lib64/../config/tc/allocators.ant -->
	<msg id='1' display='false' source='map'>
		<type>START</type>
		<severity>INFO</severity>
		<timestamp>Thu Apr 11 09:12:22 2024</timestamp>
	</msg>
	<!-- Successfully loaded CCRT 13.15.8 at address 0x786561c2f000 - 0x786561c32000 -->
	<!-- Successfully loaded the TC Analysis Core 8.23.1 at address 0x786560061000 - 0x7865600aa000 -->
	<!-- Successfully loaded the TC Instrumentation Engine 8.23.1 at address 0x786561c3c000 - 0x786561e2d000 -->
	<!-- Environment: INTEL_LIBITTNOTIFY32=/opt/intel/oneapi/advisor/2024.1/lib32/runtime/libittnotify.so -->
	<!-- Environment: INTEL_LIBITTNOTIFY64=/opt/intel/oneapi/advisor/2024.1/lib64/runtime/libittnotify.so -->
	<!-- Environment: INTEL_JIT_PROFILER32=/opt/intel/oneapi/advisor/2024.1/lib32/libpinjitprofiling.so -->
	<!-- Environment: INTEL_JIT_PROFILER64=/opt/intel/oneapi/advisor/2024.1/lib64/libpinjitprofiling.so -->
	<!-- This is the instance of interest -->
	<msg id='2' source='tcet'>
		<type>EXEC_OF_INTEREST</type>
		<severity>INFO</severity>
		<timestamp>Thu Apr 11 09:12:22 2024</timestamp>
		<arg name='process'>/usr/bin/bash</arg>
		<arg name='pid'>59431</arg>
	</msg>
	<msg id='3' source='tcet'>
		<type>LOAD_MODULE</type>
		<severity>INFO</severity>
		<timestamp>Thu Apr 11 09:12:22 2024</timestamp>
		<arg name='module'>/usr/bin/bash</arg>
		<arg name='basement'>0x639b75fa9000</arg>
		<arg name='ceiling'>0x639b761095b7</arg>
		<arg name='id'>1</arg>
	</msg>
	<msg id='4' source='tcet'>
		<type>LOAD_MODULE</type>
		<severity>INFO</severity>
		<timestamp>Thu Apr 11 09:12:22 2024</timestamp>
		<arg name='module'>/lib64/ld-linux-x86-64.so.2</arg>
		<arg name='basement'>0x7865633fb000</arg>
		<arg name='ceiling'>0x7865634362d7</arg>
		<arg name='id'>2</arg>
	</msg>
	<msg id='5' source='tcet'>
		<type>LOAD_MODULE</type>
		<severity>INFO</severity>
		<timestamp>Thu Apr 11 09:12:22 2024</timestamp>
		<arg name='module'>[vdso]</arg>
		<arg name='basement'>0x7ffca39f9000</arg>
		<arg name='ceiling'>0x7ffca39fa0aa</arg>
		<arg name='id'>3</arg>
	</msg>
	<msg id='6' source='tcet'>
		<type>LOAD_MODULE</type>
		<severity>INFO</severity>
		<timestamp>Thu Apr 11 09:12:23 2024</timestamp>
		<arg name='module'>/lib/x86_64-linux-gnu/libtinfo.so.6</arg>
		<arg name='basement'>0x78654dbc0000</arg>
		<arg name='ceiling'>0x78654dbf191f</arg>
		<arg name='id'>4</arg>
	</msg>
	<msg id='7' source='tcet'>
		<type>LOAD_MODULE</type>
		<severity>INFO</severity>
		<timestamp>Thu Apr 11 09:12:23 2024</timestamp>
		<arg name='module'>/lib/x86_64-linux-gnu/libc.so.6</arg>
		<arg name='basement'>0x78654d800000</arg>
		<arg name='ceiling'>0x78654da28e4f</arg>
		<arg name='id'>5</arg>
	</msg>
	<!-- Forking process 59450 -->
	<!-- Forking process 59481 -->
	<!-- Forking process 59518 -->
	<!-- Forking process 59694 -->
	<msg id='8' source='tcet'>
		<type>UNLOAD_MODULE</type>
		<severity>INFO</severity>
		<timestamp>Thu Apr 11 09:13:24 2024</timestamp>
		<arg name='module'>/usr/bin/bash</arg>
		<arg name='id'>1</arg>
	</msg>
	<msg id='9' source='tcet'>
		<type>UNLOAD_MODULE</type>
		<severity>INFO</severity>
		<timestamp>Thu Apr 11 09:13:24 2024</timestamp>
		<arg name='module'>/lib64/ld-linux-x86-64.so.2</arg>
		<arg name='id'>2</arg>
	</msg>
	<msg id='10' source='tcet'>
		<type>UNLOAD_MODULE</type>
		<severity>INFO</severity>
		<timestamp>Thu Apr 11 09:13:24 2024</timestamp>
		<arg name='module'>[vdso]</arg>
		<arg name='id'>3</arg>
	</msg>
	<msg id='11' source='tcet'>
		<type>UNLOAD_MODULE</type>
		<severity>INFO</severity>
		<timestamp>Thu Apr 11 09:13:24 2024</timestamp>
		<arg name='module'>/lib/x86_64-linux-gnu/libtinfo.so.6</arg>
		<arg name='id'>4</arg>
	</msg>
	<msg id='12' source='tcet'>
		<type>UNLOAD_MODULE</type>
		<severity>INFO</severity>
		<timestamp>Thu Apr 11 09:13:24 2024</timestamp>
		<arg name='module'>/lib/x86_64-linux-gnu/libc.so.6</arg>
		<arg name='id'>5</arg>
	</msg>
	<msg id='13' source='tcet'>
		<type>PROCESS_TERMINATE</type>
		<severity>INFO</severity>
		<timestamp>Thu Apr 11 09:13:24 2024</timestamp>
		<arg name='process'>/usr/bin/bash</arg>
		<arg name='pid'>59431</arg>
	</msg>
	<msg id='14' source='map'>
		<type>NO_ANNOTATIONS</type>
		<severity>WARNING</severity>
		<timestamp>Thu Apr 11 09:13:24 2024</timestamp>
	</msg>
	<msg id='15' display='false' source='map'>
		<type>ANALYSIS_COMPLETE</type>
		<severity>INFO</severity>
		<timestamp>Thu Apr 11 09:13:24 2024</timestamp>
	</msg>
	<msg id='16' display='false' source='map'>
		<type>STOP</type>
		<severity>INFO</severity>
		<timestamp>Thu Apr 11 09:13:24 2024</timestamp>
	</msg>
</log>