<?xml version="1.0" encoding="utf-8" ?>
<!-- DO NOT EDIT THIS FILE -->

<log version='2.0' source='tcet'>
	<!-- Application /usr/bin/make has forked child pid 59582 -->
	<!-- Creating new child process (PID = 59582) -->
	<msg id='1' source='tcet'>
		<type>EXEC_PROCESS</type>
		<severity>INFO</severity>
		<timestamp>Thu Apr 11 09:12:41 2024</timestamp>
		<arg name='process'>/usr/bin/cmake</arg>
		<arg name='pid'>59582</arg>
	</msg>
	<!-- Opened annotation file /opt/intel/oneapi/advisor/2024.1/lib64/../config/tc/map.ant -->
	<!-- Opened annotation file /opt/intel/oneapi/advisor/2024.1/lib64/../config/tc/allocators.ant -->
	<msg id='2' display='false' source='map'>
		<type>START</type>
		<severity>INFO</severity>
		<timestamp>Thu Apr 11 09:12:41 2024</timestamp>
	</msg>
	<!-- Successfully loaded CCRT 13.15.8 at address 0x7057ee243000 - 0x7057ee246000 -->
	<!-- Successfully loaded the TC Analysis Core 8.23.1 at address 0x7057ec670000 - 0x7057ec6b9000 -->
	<!-- Successfully loaded the TC Instrumentation Engine 8.23.1 at address 0x7057ee250000 - 0x7057ee441000 -->
	<!-- Environment: INTEL_LIBITTNOTIFY32=/opt/intel/oneapi/advisor/2024.1/lib32/runtime/libittnotify.so -->
	<!-- Environment: INTEL_LIBITTNOTIFY64=/opt/intel/oneapi/advisor/2024.1/lib64/runtime/libittnotify.so -->
	<!-- Environment: INTEL_JIT_PROFILER32=/opt/intel/oneapi/advisor/2024.1/lib32/libpinjitprofiling.so -->
	<!-- Environment: INTEL_JIT_PROFILER64=/opt/intel/oneapi/advisor/2024.1/lib64/libpinjitprofiling.so -->
	<!-- This is the instance of interest -->
	<msg id='3' source='tcet'>
		<type>EXEC_OF_INTEREST</type>
		<severity>INFO</severity>
		<timestamp>Thu Apr 11 09:12:41 2024</timestamp>
		<arg name='process'>/usr/bin/cmake</arg>
		<arg name='pid'>59582</arg>
	</msg>
	<msg id='4' source='tcet'>
		<type>LOAD_MODULE</type>
		<severity>INFO</severity>
		<timestamp>Thu Apr 11 09:12:41 2024</timestamp>
		<arg name='module'>/usr/bin/cmake</arg>
		<arg name='basement'>0x5d12c54b5000</arg>
		<arg name='ceiling'>0x5d12c5b2da27</arg>
		<arg name='id'>1</arg>
	</msg>
	<msg id='5' source='tcet'>
		<type>LOAD_MODULE</type>
		<severity>INFO</severity>
		<timestamp>Thu Apr 11 09:12:41 2024</timestamp>
		<arg name='module'>/lib64/ld-linux-x86-64.so.2</arg>
		<arg name='basement'>0x7057efa0f000</arg>
		<arg name='ceiling'>0x7057efa4a2d7</arg>
		<arg name='id'>2</arg>
	</msg>
	<msg id='6' source='tcet'>
		<type>LOAD_MODULE</type>
		<severity>INFO</severity>
		<timestamp>Thu Apr 11 09:12:41 2024</timestamp>
		<arg name='module'>[vdso]</arg>
		<arg name='basement'>0x7ffeae17f000</arg>
		<arg name='ceiling'>0x7ffeae1800aa</arg>
		<arg name='id'>3</arg>
	</msg>
	<msg id='7' source='tcet'>
		<type>LOAD_MODULE</type>
		<severity>INFO</severity>
		<timestamp>Thu Apr 11 09:12:41 2024</timestamp>
		<arg name='module'>/lib/x86_64-linux-gnu/libz.so.1</arg>
		<arg name='basement'>0x7057d9a59000</arg>
		<arg name='ceiling'>0x7057d9a740b7</arg>
		<arg name='id'>4</arg>
	</msg>
	<msg id='8' source='tcet'>
		<type>LOAD_MODULE</type>
		<severity>INFO</severity>
		<timestamp>Thu Apr 11 09:12:41 2024</timestamp>
		<arg name='module'>/lib/x86_64-linux-gnu/libarchive.so.13</arg>
		<arg name='basement'>0x7057d9837000</arg>
		<arg name='ceiling'>0x7057d9900687</arg>
		<arg name='id'>5</arg>
	</msg>
	<msg id='9' source='tcet'>
		<type>LOAD_MODULE</type>
		<severity>INFO</severity>
		<timestamp>Thu Apr 11 09:12:41 2024</timestamp>
		<arg name='module'>/lib/x86_64-linux-gnu/libcurl.so.4</arg>
		<arg name='basement'>0x7057d9790000</arg>
		<arg name='ceiling'>0x7057d9836367</arg>
		<arg name='id'>6</arg>
	</msg>
	<msg id='10' source='tcet'>
		<type>LOAD_MODULE</type>
		<severity>INFO</severity>
		<timestamp>Thu Apr 11 09:12:41 2024</timestamp>
		<arg name='module'>/lib/x86_64-linux-gnu/libjsoncpp.so.25</arg>
		<arg name='basement'>0x7057d975b000</arg>
		<arg name='ceiling'>0x7057d978f2a7</arg>
		<arg name='id'>7</arg>
	</msg>
	<msg id='11' source='tcet'>
		<type>LOAD_MODULE</type>
		<severity>INFO</severity>
		<timestamp>Thu Apr 11 09:12:41 2024</timestamp>
		<arg name='module'>/lib/x86_64-linux-gnu/libuv.so.1</arg>
		<arg name='basement'>0x7057d9719000</arg>
		<arg name='ceiling'>0x7057d974a6cf</arg>
		<arg name='id'>8</arg>
	</msg>
	<msg id='12' source='tcet'>
		<type>LOAD_MODULE</type>
		<severity>INFO</severity>
		<timestamp>Thu Apr 11 09:12:41 2024</timestamp>
		<arg name='module'>/lib/x86_64-linux-gnu/librhash.so.0</arg>
		<arg name='basement'>0x7057d96e5000</arg>
		<arg name='ceiling'>0x7057d971846f</arg>
		<arg name='id'>9</arg>
	</msg>
	<msg id='13' source='tcet'>
		<type>LOAD_MODULE</type>
		<severity>INFO</severity>
		<timestamp>Thu Apr 11 09:12:41 2024</timestamp>
		<arg name='module'>/lib/x86_64-linux-gnu/libstdc++.so.6</arg>
		<arg name='basement'>0x7057d9400000</arg>
		<arg name='ceiling'>0x7057d962b8bf</arg>
		<arg name='id'>10</arg>
	</msg>
	<msg id='14' source='tcet'>
		<type>LOAD_MODULE</type>
		<severity>INFO</severity>
		<timestamp>Thu Apr 11 09:12:41 2024</timestamp>
		<arg name='module'>/lib/x86_64-linux-gnu/libm.so.6</arg>
		<arg name='basement'>0x7057d9319000</arg>
		<arg name='ceiling'>0x7057d93ff107</arg>
		<arg name='id'>11</arg>
	</msg>
	<msg id='15' source='tcet'>
		<type>LOAD_MODULE</type>
		<severity>INFO</severity>
		<timestamp>Thu Apr 11 09:12:41 2024</timestamp>
		<arg name='module'>/lib/x86_64-linux-gnu/libgcc_s.so.1</arg>
		<arg name='basement'>0x7057d96bc000</arg>
		<arg name='ceiling'>0x7057d96db2e7</arg>
		<arg name='id'>12</arg>
	</msg>
	<msg id='16' source='tcet'>
		<type>LOAD_MODULE</type>
		<severity>INFO</severity>
		<timestamp>Thu Apr 11 09:12:41 2024</timestamp>
		<arg name='module'>/lib/x86_64-linux-gnu/libc.so.6</arg>
		<arg name='basement'>0x7057d9000000</arg>
		<arg name='ceiling'>0x7057d9228e4f</arg>
		<arg name='id'>13</arg>
	</msg>
	<msg id='17' source='tcet'>
		<type>LOAD_MODULE</type>
		<severity>INFO</severity>
		<timestamp>Thu Apr 11 09:12:42 2024</timestamp>
		<arg name='module'>/lib/x86_64-linux-gnu/libnettle.so.8</arg>
		<arg name='basement'>0x7057d92d3000</arg>
		<arg name='ceiling'>0x7057d93180d7</arg>
		<arg name='id'>14</arg>
	</msg>
	<msg id='18' source='tcet'>
		<type>LOAD_MODULE</type>
		<severity>INFO</severity>
		<timestamp>Thu Apr 11 09:12:42 2024</timestamp>
		<arg name='module'>/lib/x86_64-linux-gnu/libacl.so.1</arg>
		<arg name='basement'>0x7057d9633000</arg>
		<arg name='ceiling'>0x7057d963c01f</arg>
		<arg name='id'>15</arg>
	</msg>
	<msg id='19' source='tcet'>
		<type>LOAD_MODULE</type>
		<severity>INFO</severity>
		<timestamp>Thu Apr 11 09:12:42 2024</timestamp>
		<arg name='module'>/lib/x86_64-linux-gnu/liblzma.so.5</arg>
		<arg name='basement'>0x7057d92a0000</arg>
		<arg name='ceiling'>0x7057d92d2017</arg>
		<arg name='id'>16</arg>
	</msg>
	<msg id='20' source='tcet'>
		<type>LOAD_MODULE</type>
		<severity>INFO</severity>
		<timestamp>Thu Apr 11 09:12:42 2024</timestamp>
		<arg name='module'>/lib/x86_64-linux-gnu/libzstd.so.1</arg>
		<arg name='basement'>0x7057d8f31000</arg>
		<arg name='ceiling'>0x7057d8fff037</arg>
		<arg name='id'>17</arg>
	</msg>
	<msg id='21' source='tcet'>
		<type>LOAD_MODULE</type>
		<severity>INFO</severity>
		<timestamp>Thu Apr 11 09:12:42 2024</timestamp>
		<arg name='module'>/lib/x86_64-linux-gnu/liblz4.so.1</arg>
		<arg name='basement'>0x7057d9280000</arg>
		<arg name='ceiling'>0x7057d929f05f</arg>
		<arg name='id'>18</arg>
	</msg>
	<msg id='22' source='tcet'>
		<type>LOAD_MODULE</type>
		<severity>INFO</severity>
		<timestamp>Thu Apr 11 09:12:42 2024</timestamp>
		<arg name='module'>/lib/x86_64-linux-gnu/libbz2.so.1.0</arg>
		<arg name='basement'>0x7057d926d000</arg>
		<arg name='ceiling'>0x7057d927fc27</arg>
		<arg name='id'>19</arg>
	</msg>
	<msg id='23' source='tcet'>
		<type>LOAD_MODULE</type>
		<severity>INFO</severity>
		<timestamp>Thu Apr 11 09:12:42 2024</timestamp>
		<arg name='module'>/lib/x86_64-linux-gnu/libxml2.so.2</arg>
		<arg name='basement'>0x7057d8d4f000</arg>
		<arg name='ceiling'>0x7057d8f30dd7</arg>
		<arg name='id'>20</arg>
	</msg>
	<msg id='24' source='tcet'>
		<type>LOAD_MODULE</type>
		<severity>INFO</severity>
		<timestamp>Thu Apr 11 09:12:42 2024</timestamp>
		<arg name='module'>/lib/x86_64-linux-gnu/libnghttp2.so.14</arg>
		<arg name='basement'>0x7057d8d25000</arg>
		<arg name='ceiling'>0x7057d8d4e10f</arg>
		<arg name='id'>21</arg>
	</msg>
	<msg id='25' source='tcet'>
		<type>LOAD_MODULE</type>
		<severity>INFO</severity>
		<timestamp>Thu Apr 11 09:12:42 2024</timestamp>
		<arg name='module'>/lib/x86_64-linux-gnu/libidn2.so.0</arg>
		<arg name='basement'>0x7057d8d04000</arg>
		<arg name='ceiling'>0x7057d8d2400f</arg>
		<arg name='id'>22</arg>
	</msg>
	<msg id='26' source='tcet'>
		<type>LOAD_MODULE</type>
		<severity>INFO</severity>
		<timestamp>Thu Apr 11 09:12:42 2024</timestamp>
		<arg name='module'>/lib/x86_64-linux-gnu/librtmp.so.1</arg>
		<arg name='basement'>0x7057d922a000</arg>
		<arg name='ceiling'>0x7057d92483af</arg>
		<arg name='id'>23</arg>
	</msg>
	<msg id='27' source='tcet'>
		<type>LOAD_MODULE</type>
		<severity>INFO</severity>
		<timestamp>Thu Apr 11 09:12:42 2024</timestamp>
		<arg name='module'>/lib/x86_64-linux-gnu/libssh.so.4</arg>
		<arg name='basement'>0x7057d8c76000</arg>
		<arg name='ceiling'>0x7057d8ce25df</arg>
		<arg name='id'>24</arg>
	</msg>
	<msg id='28' source='tcet'>
		<type>LOAD_MODULE</type>
		<severity>INFO</severity>
		<timestamp>Thu Apr 11 09:12:42 2024</timestamp>
		<arg name='module'>/lib/x86_64-linux-gnu/libpsl.so.5</arg>
		<arg name='basement'>0x7057d8c62000</arg>
		<arg name='ceiling'>0x7057d8c7500f</arg>
		<arg name='id'>25</arg>
	</msg>
	<msg id='29' source='tcet'>
		<type>LOAD_MODULE</type>
		<severity>INFO</severity>
		<timestamp>Thu Apr 11 09:12:42 2024</timestamp>
		<arg name='module'>/lib/x86_64-linux-gnu/libssl.so.3</arg>
		<arg name='basement'>0x7057d8b9d000</arg>
		<arg name='ceiling'>0x7057d8c407ef</arg>
		<arg name='id'>26</arg>
	</msg>
	<msg id='30' source='tcet'>
		<type>LOAD_MODULE</type>
		<severity>INFO</severity>
		<timestamp>Thu Apr 11 09:12:42 2024</timestamp>
		<arg name='module'>/lib/x86_64-linux-gnu/libcrypto.so.3</arg>
		<arg name='basement'>0x7057d8600000</arg>
		<arg name='ceiling'>0x7057d8a424bf</arg>
		<arg name='id'>27</arg>
	</msg>
	<msg id='31' source='tcet'>
		<type>LOAD_MODULE</type>
		<severity>INFO</severity>
		<timestamp>Thu Apr 11 09:12:42 2024</timestamp>
		<arg name='module'>/lib/x86_64-linux-gnu/libgssapi_krb5.so.2</arg>
		<arg name='basement'>0x7057d8b49000</arg>
		<arg name='ceiling'>0x7057d8b9c3df</arg>
		<arg name='id'>28</arg>
	</msg>
	<msg id='32' source='tcet'>
		<type>LOAD_MODULE</type>
		<severity>INFO</severity>
		<timestamp>Thu Apr 11 09:12:42 2024</timestamp>
		<arg name='module'>/lib/x86_64-linux-gnu/libldap-2.5.so.0</arg>
		<arg name='basement'>0x7057d8aea000</arg>
		<arg name='ceiling'>0x7057d8b48b5f</arg>
		<arg name='id'>29</arg>
	</msg>
	<msg id='33' source='tcet'>
		<type>LOAD_MODULE</type>
		<severity>INFO</severity>
		<timestamp>Thu Apr 11 09:12:42 2024</timestamp>
		<arg name='module'>/lib/x86_64-linux-gnu/liblber-2.5.so.0</arg>
		<arg name='basement'>0x7057d8ad9000</arg>
		<arg name='ceiling'>0x7057d8ae91a7</arg>
		<arg name='id'>30</arg>
	</msg>
	<msg id='34' source='tcet'>
		<type>LOAD_MODULE</type>
		<severity>INFO</severity>
		<timestamp>Thu Apr 11 09:12:42 2024</timestamp>
		<arg name='module'>/lib/x86_64-linux-gnu/libbrotlidec.so.1</arg>
		<arg name='basement'>0x7057d8acb000</arg>
		<arg name='ceiling'>0x7057d8ad8067</arg>
		<arg name='id'>31</arg>
	</msg>
	<msg id='35' source='tcet'>
		<type>LOAD_MODULE</type>
		<severity>INFO</severity>
		<timestamp>Thu Apr 11 09:12:42 2024</timestamp>
		<arg name='module'>/lib/x86_64-linux-gnu/libicuuc.so.70</arg>
		<arg name='basement'>0x7057d8405000</arg>
		<arg name='ceiling'>0x7057d85ff2df</arg>
		<arg name='id'>32</arg>
	</msg>
	<msg id='36' source='tcet'>
		<type>LOAD_MODULE</type>
		<severity>INFO</severity>
		<timestamp>Thu Apr 11 09:12:42 2024</timestamp>
		<arg name='module'>/lib/x86_64-linux-gnu/libunistring.so.2</arg>
		<arg name='basement'>0x7057d825b000</arg>
		<arg name='ceiling'>0x7057d84048e7</arg>
		<arg name='id'>33</arg>
	</msg>
	<msg id='37' source='tcet'>
		<type>LOAD_MODULE</type>
		<severity>INFO</severity>
		<timestamp>Thu Apr 11 09:12:42 2024</timestamp>
		<arg name='module'>/lib/x86_64-linux-gnu/libgnutls.so.30</arg>
		<arg name='basement'>0x7057d8070000</arg>
		<arg name='ceiling'>0x7057d825a7ff</arg>
		<arg name='id'>34</arg>
	</msg>
	<msg id='38' source='tcet'>
		<type>LOAD_MODULE</type>
		<severity>INFO</severity>
		<timestamp>Thu Apr 11 09:12:42 2024</timestamp>
		<arg name='module'>/lib/x86_64-linux-gnu/libhogweed.so.6</arg>
		<arg name='basement'>0x7057d8a70000</arg>
		<arg name='ceiling'>0x7057d8ab7337</arg>
		<arg name='id'>35</arg>
	</msg>
	<msg id='39' source='tcet'>
		<type>LOAD_MODULE</type>
		<severity>INFO</severity>
		<timestamp>Thu Apr 11 09:12:42 2024</timestamp>
		<arg name='module'>/lib/x86_64-linux-gnu/libgmp.so.10</arg>
		<arg name='basement'>0x7057d7fee000</arg>
		<arg name='ceiling'>0x7057d806f20f</arg>
		<arg name='id'>36</arg>
	</msg>
	<msg id='40' source='tcet'>
		<type>LOAD_MODULE</type>
		<severity>INFO</severity>
		<timestamp>Thu Apr 11 09:12:42 2024</timestamp>
		<arg name='module'>/lib/x86_64-linux-gnu/libkrb5.so.3</arg>
		<arg name='basement'>0x7057d7f23000</arg>
		<arg name='ceiling'>0x7057d7fedc6f</arg>
		<arg name='id'>37</arg>
	</msg>
	<msg id='41' source='tcet'>
		<type>LOAD_MODULE</type>
		<severity>INFO</severity>
		<timestamp>Thu Apr 11 09:12:42 2024</timestamp>
		<arg name='module'>/lib/x86_64-linux-gnu/libk5crypto.so.3</arg>
		<arg name='basement'>0x7057d7ef4000</arg>
		<arg name='ceiling'>0x7057d7f22037</arg>
		<arg name='id'>38</arg>
	</msg>
	<msg id='42' source='tcet'>
		<type>LOAD_MODULE</type>
		<severity>INFO</severity>
		<timestamp>Thu Apr 11 09:12:42 2024</timestamp>
		<arg name='module'>/lib/x86_64-linux-gnu/libcom_err.so.2</arg>
		<arg name='basement'>0x7057d8a6a000</arg>
		<arg name='ceiling'>0x7057d8a6f047</arg>
		<arg name='id'>39</arg>
	</msg>
	<msg id='43' source='tcet'>
		<type>LOAD_MODULE</type>
		<severity>INFO</severity>
		<timestamp>Thu Apr 11 09:12:42 2024</timestamp>
		<arg name='module'>/lib/x86_64-linux-gnu/libkrb5support.so.0</arg>
		<arg name='basement'>0x7057d8a5c000</arg>
		<arg name='ceiling'>0x7057d8a693cf</arg>
		<arg name='id'>40</arg>
	</msg>
	<msg id='44' source='tcet'>
		<type>LOAD_MODULE</type>
		<severity>INFO</severity>
		<timestamp>Thu Apr 11 09:12:42 2024</timestamp>
		<arg name='module'>/lib/x86_64-linux-gnu/libsasl2.so.2</arg>
		<arg name='basement'>0x7057d7ed9000</arg>
		<arg name='ceiling'>0x7057d7ef33ef</arg>
		<arg name='id'>41</arg>
	</msg>
	<msg id='45' source='tcet'>
		<type>LOAD_MODULE</type>
		<severity>INFO</severity>
		<timestamp>Thu Apr 11 09:12:42 2024</timestamp>
		<arg name='module'>/lib/x86_64-linux-gnu/libbrotlicommon.so.1</arg>
		<arg name='basement'>0x7057d7eb6000</arg>
		<arg name='ceiling'>0x7057d7ed8037</arg>
		<arg name='id'>42</arg>
	</msg>
	<msg id='46' source='tcet'>
		<type>LOAD_MODULE</type>
		<severity>INFO</severity>
		<timestamp>Thu Apr 11 09:12:42 2024</timestamp>
		<arg name='module'>/lib/x86_64-linux-gnu/libicudata.so.70</arg>
		<arg name='basement'>0x7057d6200000</arg>
		<arg name='ceiling'>0x7057d7e1d017</arg>
		<arg name='id'>43</arg>
	</msg>
	<msg id='47' source='tcet'>
		<type>LOAD_MODULE</type>
		<severity>INFO</severity>
		<timestamp>Thu Apr 11 09:12:42 2024</timestamp>
		<arg name='module'>/lib/x86_64-linux-gnu/libp11-kit.so.0</arg>
		<arg name='basement'>0x7057d60c5000</arg>
		<arg name='ceiling'>0x7057d61ffbc7</arg>
		<arg name='id'>44</arg>
	</msg>
	<msg id='48' source='tcet'>
		<type>LOAD_MODULE</type>
		<severity>INFO</severity>
		<timestamp>Thu Apr 11 09:12:42 2024</timestamp>
		<arg name='module'>/lib/x86_64-linux-gnu/libtasn1.so.6</arg>
		<arg name='basement'>0x7057d8a44000</arg>
		<arg name='ceiling'>0x7057d8a5b227</arg>
		<arg name='id'>45</arg>
	</msg>
	<msg id='49' source='tcet'>
		<type>LOAD_MODULE</type>
		<severity>INFO</severity>
		<timestamp>Thu Apr 11 09:12:42 2024</timestamp>
		<arg name='module'>/lib/x86_64-linux-gnu/libkeyutils.so.1</arg>
		<arg name='basement'>0x7057d7eaf000</arg>
		<arg name='ceiling'>0x7057d7eb500f</arg>
		<arg name='id'>46</arg>
	</msg>
	<msg id='50' source='tcet'>
		<type>LOAD_MODULE</type>
		<severity>INFO</severity>
		<timestamp>Thu Apr 11 09:12:42 2024</timestamp>
		<arg name='module'>/lib/x86_64-linux-gnu/libresolv.so.2</arg>
		<arg name='basement'>0x7057d7e9b000</arg>
		<arg name='ceiling'>0x7057d7eaea47</arg>
		<arg name='id'>47</arg>
	</msg>
	<msg id='51' source='tcet'>
		<type>LOAD_MODULE</type>
		<severity>INFO</severity>
		<timestamp>Thu Apr 11 09:12:42 2024</timestamp>
		<arg name='module'>/lib/x86_64-linux-gnu/libffi.so.8</arg>
		<arg name='basement'>0x7057d7e8e000</arg>
		<arg name='ceiling'>0x7057d7e9a62f</arg>
		<arg name='id'>48</arg>
	</msg>
	<msg id='52' source='tcet'>
		<type>UNLOAD_MODULE</type>
		<severity>INFO</severity>
		<timestamp>Thu Apr 11 09:12:45 2024</timestamp>
		<arg name='module'>/usr/bin/cmake</arg>
		<arg name='id'>1</arg>
	</msg>
	<msg id='53' source='tcet'>
		<type>UNLOAD_MODULE</type>
		<severity>INFO</severity>
		<timestamp>Thu Apr 11 09:12:45 2024</timestamp>
		<arg name='module'>/lib64/ld-linux-x86-64.so.2</arg>
		<arg name='id'>2</arg>
	</msg>
	<msg id='54' source='tcet'>
		<type>UNLOAD_MODULE</type>
		<severity>INFO</severity>
		<timestamp>Thu Apr 11 09:12:45 2024</timestamp>
		<arg name='module'>[vdso]</arg>
		<arg name='id'>3</arg>
	</msg>
	<msg id='55' source='tcet'>
		<type>UNLOAD_MODULE</type>
		<severity>INFO</severity>
		<timestamp>Thu Apr 11 09:12:45 2024</timestamp>
		<arg name='module'>/lib/x86_64-linux-gnu/libz.so.1</arg>
		<arg name='id'>4</arg>
	</msg>
	<msg id='56' source='tcet'>
		<type>UNLOAD_MODULE</type>
		<severity>INFO</severity>
		<timestamp>Thu Apr 11 09:12:45 2024</timestamp>
		<arg name='module'>/lib/x86_64-linux-gnu/libarchive.so.13</arg>
		<arg name='id'>5</arg>
	</msg>
	<msg id='57' source='tcet'>
		<type>UNLOAD_MODULE</type>
		<severity>INFO</severity>
		<timestamp>Thu Apr 11 09:12:45 2024</timestamp>
		<arg name='module'>/lib/x86_64-linux-gnu/libcurl.so.4</arg>
		<arg name='id'>6</arg>
	</msg>
	<msg id='58' source='tcet'>
		<type>UNLOAD_MODULE</type>
		<severity>INFO</severity>
		<timestamp>Thu Apr 11 09:12:45 2024</timestamp>
		<arg name='module'>/lib/x86_64-linux-gnu/libjsoncpp.so.25</arg>
		<arg name='id'>7</arg>
	</msg>
	<msg id='59' source='tcet'>
		<type>UNLOAD_MODULE</type>
		<severity>INFO</severity>
		<timestamp>Thu Apr 11 09:12:45 2024</timestamp>
		<arg name='module'>/lib/x86_64-linux-gnu/libuv.so.1</arg>
		<arg name='id'>8</arg>
	</msg>
	<msg id='60' source='tcet'>
		<type>UNLOAD_MODULE</type>
		<severity>INFO</severity>
		<timestamp>Thu Apr 11 09:12:45 2024</timestamp>
		<arg name='module'>/lib/x86_64-linux-gnu/librhash.so.0</arg>
		<arg name='id'>9</arg>
	</msg>
	<msg id='61' source='tcet'>
		<type>UNLOAD_MODULE</type>
		<severity>INFO</severity>
		<timestamp>Thu Apr 11 09:12:45 2024</timestamp>
		<arg name='module'>/lib/x86_64-linux-gnu/libstdc++.so.6</arg>
		<arg name='id'>10</arg>
	</msg>
	<msg id='62' source='tcet'>
		<type>UNLOAD_MODULE</type>
		<severity>INFO</severity>
		<timestamp>Thu Apr 11 09:12:45 2024</timestamp>
		<arg name='module'>/lib/x86_64-linux-gnu/libm.so.6</arg>
		<arg name='id'>11</arg>
	</msg>
	<msg id='63' source='tcet'>
		<type>UNLOAD_MODULE</type>
		<severity>INFO</severity>
		<timestamp>Thu Apr 11 09:12:45 2024</timestamp>
		<arg name='module'>/lib/x86_64-linux-gnu/libgcc_s.so.1</arg>
		<arg name='id'>12</arg>
	</msg>
	<msg id='64' source='tcet'>
		<type>UNLOAD_MODULE</type>
		<severity>INFO</severity>
		<timestamp>Thu Apr 11 09:12:45 2024</timestamp>
		<arg name='module'>/lib/x86_64-linux-gnu/libc.so.6</arg>
		<arg name='id'>13</arg>
	</msg>
	<msg id='65' source='tcet'>
		<type>UNLOAD_MODULE</type>
		<severity>INFO</severity>
		<timestamp>Thu Apr 11 09:12:45 2024</timestamp>
		<arg name='module'>/lib/x86_64-linux-gnu/libnettle.so.8</arg>
		<arg name='id'>14</arg>
	</msg>
	<msg id='66' source='tcet'>
		<type>UNLOAD_MODULE</type>
		<severity>INFO</severity>
		<timestamp>Thu Apr 11 09:12:45 2024</timestamp>
		<arg name='module'>/lib/x86_64-linux-gnu/libacl.so.1</arg>
		<arg name='id'>15</arg>
	</msg>
	<msg id='67' source='tcet'>
		<type>UNLOAD_MODULE</type>
		<severity>INFO</severity>
		<timestamp>Thu Apr 11 09:12:45 2024</timestamp>
		<arg name='module'>/lib/x86_64-linux-gnu/liblzma.so.5</arg>
		<arg name='id'>16</arg>
	</msg>
	<msg id='68' source='tcet'>
		<type>UNLOAD_MODULE</type>
		<severity>INFO</severity>
		<timestamp>Thu Apr 11 09:12:45 2024</timestamp>
		<arg name='module'>/lib/x86_64-linux-gnu/libzstd.so.1</arg>
		<arg name='id'>17</arg>
	</msg>
	<msg id='69' source='tcet'>
		<type>UNLOAD_MODULE</type>
		<severity>INFO</severity>
		<timestamp>Thu Apr 11 09:12:45 2024</timestamp>
		<arg name='module'>/lib/x86_64-linux-gnu/liblz4.so.1</arg>
		<arg name='id'>18</arg>
	</msg>
	<msg id='70' source='tcet'>
		<type>UNLOAD_MODULE</type>
		<severity>INFO</severity>
		<timestamp>Thu Apr 11 09:12:45 2024</timestamp>
		<arg name='module'>/lib/x86_64-linux-gnu/libbz2.so.1.0</arg>
		<arg name='id'>19</arg>
	</msg>
	<msg id='71' source='tcet'>
		<type>UNLOAD_MODULE</type>
		<severity>INFO</severity>
		<timestamp>Thu Apr 11 09:12:45 2024</timestamp>
		<arg name='module'>/lib/x86_64-linux-gnu/libxml2.so.2</arg>
		<arg name='id'>20</arg>
	</msg>
	<msg id='72' source='tcet'>
		<type>UNLOAD_MODULE</type>
		<severity>INFO</severity>
		<timestamp>Thu Apr 11 09:12:45 2024</timestamp>
		<arg name='module'>/lib/x86_64-linux-gnu/libnghttp2.so.14</arg>
		<arg name='id'>21</arg>
	</msg>
	<msg id='73' source='tcet'>
		<type>UNLOAD_MODULE</type>
		<severity>INFO</severity>
		<timestamp>Thu Apr 11 09:12:45 2024</timestamp>
		<arg name='module'>/lib/x86_64-linux-gnu/libidn2.so.0</arg>
		<arg name='id'>22</arg>
	</msg>
	<msg id='74' source='tcet'>
		<type>UNLOAD_MODULE</type>
		<severity>INFO</severity>
		<timestamp>Thu Apr 11 09:12:45 2024</timestamp>
		<arg name='module'>/lib/x86_64-linux-gnu/librtmp.so.1</arg>
		<arg name='id'>23</arg>
	</msg>
	<msg id='75' source='tcet'>
		<type>UNLOAD_MODULE</type>
		<severity>INFO</severity>
		<timestamp>Thu Apr 11 09:12:45 2024</timestamp>
		<arg name='module'>/lib/x86_64-linux-gnu/libssh.so.4</arg>
		<arg name='id'>24</arg>
	</msg>
	<msg id='76' source='tcet'>
		<type>UNLOAD_MODULE</type>
		<severity>INFO</severity>
		<timestamp>Thu Apr 11 09:12:45 2024</timestamp>
		<arg name='module'>/lib/x86_64-linux-gnu/libpsl.so.5</arg>
		<arg name='id'>25</arg>
	</msg>
	<msg id='77' source='tcet'>
		<type>UNLOAD_MODULE</type>
		<severity>INFO</severity>
		<timestamp>Thu Apr 11 09:12:45 2024</timestamp>
		<arg name='module'>/lib/x86_64-linux-gnu/libssl.so.3</arg>
		<arg name='id'>26</arg>
	</msg>
	<msg id='78' source='tcet'>
		<type>UNLOAD_MODULE</type>
		<severity>INFO</severity>
		<timestamp>Thu Apr 11 09:12:45 2024</timestamp>
		<arg name='module'>/lib/x86_64-linux-gnu/libcrypto.so.3</arg>
		<arg name='id'>27</arg>
	</msg>
	<msg id='79' source='tcet'>
		<type>UNLOAD_MODULE</type>
		<severity>INFO</severity>
		<timestamp>Thu Apr 11 09:12:45 2024</timestamp>
		<arg name='module'>/lib/x86_64-linux-gnu/libgssapi_krb5.so.2</arg>
		<arg name='id'>28</arg>
	</msg>
	<msg id='80' source='tcet'>
		<type>UNLOAD_MODULE</type>
		<severity>INFO</severity>
		<timestamp>Thu Apr 11 09:12:45 2024</timestamp>
		<arg name='module'>/lib/x86_64-linux-gnu/libldap-2.5.so.0</arg>
		<arg name='id'>29</arg>
	</msg>
	<msg id='81' source='tcet'>
		<type>UNLOAD_MODULE</type>
		<severity>INFO</severity>
		<timestamp>Thu Apr 11 09:12:45 2024</timestamp>
		<arg name='module'>/lib/x86_64-linux-gnu/liblber-2.5.so.0</arg>
		<arg name='id'>30</arg>
	</msg>
	<msg id='82' source='tcet'>
		<type>UNLOAD_MODULE</type>
		<severity>INFO</severity>
		<timestamp>Thu Apr 11 09:12:45 2024</timestamp>
		<arg name='module'>/lib/x86_64-linux-gnu/libbrotlidec.so.1</arg>
		<arg name='id'>31</arg>
	</msg>
	<msg id='83' source='tcet'>
		<type>UNLOAD_MODULE</type>
		<severity>INFO</severity>
		<timestamp>Thu Apr 11 09:12:45 2024</timestamp>
		<arg name='module'>/lib/x86_64-linux-gnu/libicuuc.so.70</arg>
		<arg name='id'>32</arg>
	</msg>
	<msg id='84' source='tcet'>
		<type>UNLOAD_MODULE</type>
		<severity>INFO</severity>
		<timestamp>Thu Apr 11 09:12:45 2024</timestamp>
		<arg name='module'>/lib/x86_64-linux-gnu/libunistring.so.2</arg>
		<arg name='id'>33</arg>
	</msg>
	<msg id='85' source='tcet'>
		<type>UNLOAD_MODULE</type>
		<severity>INFO</severity>
		<timestamp>Thu Apr 11 09:12:45 2024</timestamp>
		<arg name='module'>/lib/x86_64-linux-gnu/libgnutls.so.30</arg>
		<arg name='id'>34</arg>
	</msg>
	<msg id='86' source='tcet'>
		<type>UNLOAD_MODULE</type>
		<severity>INFO</severity>
		<timestamp>Thu Apr 11 09:12:45 2024</timestamp>
		<arg name='module'>/lib/x86_64-linux-gnu/libhogweed.so.6</arg>
		<arg name='id'>35</arg>
	</msg>
	<msg id='87' source='tcet'>
		<type>UNLOAD_MODULE</type>
		<severity>INFO</severity>
		<timestamp>Thu Apr 11 09:12:45 2024</timestamp>
		<arg name='module'>/lib/x86_64-linux-gnu/libgmp.so.10</arg>
		<arg name='id'>36</arg>
	</msg>
	<msg id='88' source='tcet'>
		<type>UNLOAD_MODULE</type>
		<severity>INFO</severity>
		<timestamp>Thu Apr 11 09:12:45 2024</timestamp>
		<arg name='module'>/lib/x86_64-linux-gnu/libkrb5.so.3</arg>
		<arg name='id'>37</arg>
	</msg>
	<msg id='89' source='tcet'>
		<type>UNLOAD_MODULE</type>
		<severity>INFO</severity>
		<timestamp>Thu Apr 11 09:12:45 2024</timestamp>
		<arg name='module'>/lib/x86_64-linux-gnu/libk5crypto.so.3</arg>
		<arg name='id'>38</arg>
	</msg>
	<msg id='90' source='tcet'>
		<type>UNLOAD_MODULE</type>
		<severity>INFO</severity>
		<timestamp>Thu Apr 11 09:12:45 2024</timestamp>
		<arg name='module'>/lib/x86_64-linux-gnu/libcom_err.so.2</arg>
		<arg name='id'>39</arg>
	</msg>
	<msg id='91' source='tcet'>
		<type>UNLOAD_MODULE</type>
		<severity>INFO</severity>
		<timestamp>Thu Apr 11 09:12:45 2024</timestamp>
		<arg name='module'>/lib/x86_64-linux-gnu/libkrb5support.so.0</arg>
		<arg name='id'>40</arg>
	</msg>
	<msg id='92' source='tcet'>
		<type>UNLOAD_MODULE</type>
		<severity>INFO</severity>
		<timestamp>Thu Apr 11 09:12:45 2024</timestamp>
		<arg name='module'>/lib/x86_64-linux-gnu/libsasl2.so.2</arg>
		<arg name='id'>41</arg>
	</msg>
	<msg id='93' source='tcet'>
		<type>UNLOAD_MODULE</type>
		<severity>INFO</severity>
		<timestamp>Thu Apr 11 09:12:45 2024</timestamp>
		<arg name='module'>/lib/x86_64-linux-gnu/libbrotlicommon.so.1</arg>
		<arg name='id'>42</arg>
	</msg>
	<msg id='94' source='tcet'>
		<type>UNLOAD_MODULE</type>
		<severity>INFO</severity>
		<timestamp>Thu Apr 11 09:12:45 2024</timestamp>
		<arg name='module'>/lib/x86_64-linux-gnu/libicudata.so.70</arg>
		<arg name='id'>43</arg>
	</msg>
	<msg id='95' source='tcet'>
		<type>UNLOAD_MODULE</type>
		<severity>INFO</severity>
		<timestamp>Thu Apr 11 09:12:45 2024</timestamp>
		<arg name='module'>/lib/x86_64-linux-gnu/libp11-kit.so.0</arg>
		<arg name='id'>44</arg>
	</msg>
	<msg id='96' source='tcet'>
		<type>UNLOAD_MODULE</type>
		<severity>INFO</severity>
		<timestamp>Thu Apr 11 09:12:45 2024</timestamp>
		<arg name='module'>/lib/x86_64-linux-gnu/libtasn1.so.6</arg>
		<arg name='id'>45</arg>
	</msg>
	<msg id='97' source='tcet'>
		<type>UNLOAD_MODULE</type>
		<severity>INFO</severity>
		<timestamp>Thu Apr 11 09:12:45 2024</timestamp>
		<arg name='module'>/lib/x86_64-linux-gnu/libkeyutils.so.1</arg>
		<arg name='id'>46</arg>
	</msg>
	<msg id='98' source='tcet'>
		<type>UNLOAD_MODULE</type>
		<severity>INFO</severity>
		<timestamp>Thu Apr 11 09:12:45 2024</timestamp>
		<arg name='module'>/lib/x86_64-linux-gnu/libresolv.so.2</arg>
		<arg name='id'>47</arg>
	</msg>
	<msg id='99' source='tcet'>
		<type>UNLOAD_MODULE</type>
		<severity>INFO</severity>
		<timestamp>Thu Apr 11 09:12:45 2024</timestamp>
		<arg name='module'>/lib/x86_64-linux-gnu/libffi.so.8</arg>
		<arg name='id'>48</arg>
	</msg>
	<msg id='100' source='tcet'>
		<type>PROCESS_TERMINATE</type>
		<severity>INFO</severity>
		<timestamp>Thu Apr 11 09:12:45 2024</timestamp>
		<arg name='process'>/usr/bin/cmake</arg>
		<arg name='pid'>59582</arg>
	</msg>
	<msg id='101' source='map'>
		<type>NO_ANNOTATIONS</type>
		<severity>WARNING</severity>
		<timestamp>Thu Apr 11 09:12:45 2024</timestamp>
	</msg>
	<msg id='102' display='false' source='map'>
		<type>ANALYSIS_COMPLETE</type>
		<severity>INFO</severity>
		<timestamp>Thu Apr 11 09:12:45 2024</timestamp>
	</msg>
	<msg id='103' display='false' source='map'>
		<type>STOP</type>
		<severity>INFO</severity>
		<timestamp>Thu Apr 11 09:12:45 2024</timestamp>
	</msg>
</log>