<?xml version="1.0" encoding="utf-8" ?>
<!-- DO NOT EDIT THIS FILE -->

<log version='2.0' source='tcet'>
	<!-- Application /usr/bin/make has forked child pid 59678 -->
	<!-- Creating new child process (PID = 59678) -->
	<msg id='1' source='tcet'>
		<type>EXEC_PROCESS</type>
		<severity>INFO</severity>
		<timestamp>Thu Apr 11 09:13:13 2024</timestamp>
		<arg name='process'>/usr/bin/dash</arg>
		<arg name='pid'>59678</arg>
	</msg>
	<!-- Opened annotation file /opt/intel/oneapi/advisor/2024.1/lib64/../config/tc/map.ant -->
	<!-- Opened annotation file /opt/intel/oneapi/advisor/2024.1/lib64/../config/tc/allocators.ant -->
	<msg id='2' display='false' source='map'>
		<type>START</type>
		<severity>INFO</severity>
		<timestamp>Thu Apr 11 09:13:13 2024</timestamp>
	</msg>
	<!-- Successfully loaded CCRT 13.15.8 at address 0x79b44c74d000 - 0x79b44c750000 -->
	<!-- Successfully loaded the TC Analysis Core 8.23.1 at address 0x79b44ab6a000 - 0x79b44abb3000 -->
	<!-- Successfully loaded the TC Instrumentation Engine 8.23.1 at address 0x79b44c75a000 - 0x79b44c94b000 -->
	<!-- Environment: INTEL_LIBITTNOTIFY32=/opt/intel/oneapi/advisor/2024.1/lib32/runtime/libittnotify.so -->
	<!-- Environment: INTEL_LIBITTNOTIFY64=/opt/intel/oneapi/advisor/2024.1/lib64/runtime/libittnotify.so -->
	<!-- Environment: INTEL_JIT_PROFILER32=/opt/intel/oneapi/advisor/2024.1/lib32/libpinjitprofiling.so -->
	<!-- Environment: INTEL_JIT_PROFILER64=/opt/intel/oneapi/advisor/2024.1/lib64/libpinjitprofiling.so -->
	<!-- This is the instance of interest -->
	<msg id='3' source='tcet'>
		<type>EXEC_OF_INTEREST</type>
		<severity>INFO</severity>
		<timestamp>Thu Apr 11 09:13:13 2024</timestamp>
		<arg name='process'>/usr/bin/dash</arg>
		<arg name='pid'>59678</arg>
	</msg>
	<msg id='4' source='tcet'>
		<type>LOAD_MODULE</type>
		<severity>INFO</severity>
		<timestamp>Thu Apr 11 09:13:13 2024</timestamp>
		<arg name='module'>/usr/bin/dash</arg>
		<arg name='basement'>0x63fc182fc000</arg>
		<arg name='ceiling'>0x63fc1831debf</arg>
		<arg name='id'>1</arg>
	</msg>
	<msg id='5' source='tcet'>
		<type>LOAD_MODULE</type>
		<severity>INFO</severity>
		<timestamp>Thu Apr 11 09:13:13 2024</timestamp>
		<arg name='module'>/lib64/ld-linux-x86-64.so.2</arg>
		<arg name='basement'>0x79b44df19000</arg>
		<arg name='ceiling'>0x79b44df542d7</arg>
		<arg name='id'>2</arg>
	</msg>
	<msg id='6' source='tcet'>
		<type>LOAD_MODULE</type>
		<severity>INFO</severity>
		<timestamp>Thu Apr 11 09:13:13 2024</timestamp>
		<arg name='module'>[vdso]</arg>
		<arg name='basement'>0x7fff9c0da000</arg>
		<arg name='ceiling'>0x7fff9c0db0aa</arg>
		<arg name='id'>3</arg>
	</msg>
	<msg id='7' display='false' source='tcet'>
		<type>STOP_PROCESSED</type>
		<severity>INFO</severity>
		<timestamp>Thu Apr 11 09:13:14 2024</timestamp>
	</msg>
	<msg id='8' source='tcet'>
		<type>UNLOAD_MODULE</type>
		<severity>INFO</severity>
		<timestamp>Thu Apr 11 09:13:14 2024</timestamp>
		<arg name='module'>/usr/bin/dash</arg>
		<arg name='id'>1</arg>
	</msg>
	<msg id='9' source='tcet'>
		<type>UNLOAD_MODULE</type>
		<severity>INFO</severity>
		<timestamp>Thu Apr 11 09:13:14 2024</timestamp>
		<arg name='module'>/lib64/ld-linux-x86-64.so.2</arg>
		<arg name='id'>2</arg>
	</msg>
	<msg id='10' source='tcet'>
		<type>UNLOAD_MODULE</type>
		<severity>INFO</severity>
		<timestamp>Thu Apr 11 09:13:14 2024</timestamp>
		<arg name='module'>[vdso]</arg>
		<arg name='id'>3</arg>
	</msg>
	<msg id='11' source='tcet'>
		<type>PROCESS_TERMINATE</type>
		<severity>INFO</severity>
		<timestamp>Thu Apr 11 09:13:14 2024</timestamp>
		<arg name='process'>/usr/bin/dash</arg>
		<arg name='pid'>59678</arg>
	</msg>
	<msg id='12' source='map'>
		<type>NO_ANNOTATIONS</type>
		<severity>WARNING</severity>
		<timestamp>Thu Apr 11 09:13:14 2024</timestamp>
	</msg>
	<msg id='13' display='false' source='map'>
		<type>ANALYSIS_COMPLETE</type>
		<severity>INFO</severity>
		<timestamp>Thu Apr 11 09:13:14 2024</timestamp>
	</msg>
	<msg id='14' display='false' source='map'>
		<type>STOP</type>
		<severity>INFO</severity>
		<timestamp>Thu Apr 11 09:13:14 2024</timestamp>
	</msg>
</log>