<?xml version="1.0" encoding="utf-8" ?>
<!-- DO NOT EDIT THIS FILE -->

<log version='2.0' source='tcet'>
	<!-- Application /usr/bin/dash has forked child pid 59604 -->
	<!-- Creating new child process (PID = 59604) -->
	<msg id='1' source='tcet'>
		<type>EXEC_PROCESS</type>
		<severity>INFO</severity>
		<timestamp>Thu Apr 11 09:12:49 2024</timestamp>
		<arg name='process'>/usr/bin/cmake</arg>
		<arg name='pid'>59604</arg>
	</msg>
	<!-- Opened annotation file /opt/intel/oneapi/advisor/2024.1/lib64/../config/tc/map.ant -->
	<!-- Opened annotation file /opt/intel/oneapi/advisor/2024.1/lib64/../config/tc/allocators.ant -->
	<msg id='2' display='false' source='map'>
		<type>START</type>
		<severity>INFO</severity>
		<timestamp>Thu Apr 11 09:12:49 2024</timestamp>
	</msg>
	<!-- Successfully loaded CCRT 13.15.8 at address 0x7a8ae6f71000 - 0x7a8ae6f74000 -->
	<!-- Successfully loaded the TC Analysis Core 8.23.1 at address 0x7a8ae539e000 - 0x7a8ae53e7000 -->
	<!-- Successfully loaded the TC Instrumentation Engine 8.23.1 at address 0x7a8ae6f7e000 - 0x7a8ae716f000 -->
	<!-- Environment: INTEL_LIBITTNOTIFY32=/opt/intel/oneapi/advisor/2024.1/lib32/runtime/libittnotify.so -->
	<!-- Environment: INTEL_LIBITTNOTIFY64=/opt/intel/oneapi/advisor/2024.1/lib64/runtime/libittnotify.so -->
	<!-- Environment: INTEL_JIT_PROFILER32=/opt/intel/oneapi/advisor/2024.1/lib32/libpinjitprofiling.so -->
	<!-- Environment: INTEL_JIT_PROFILER64=/opt/intel/oneapi/advisor/2024.1/lib64/libpinjitprofiling.so -->
	<!-- This is the instance of interest -->
	<msg id='3' source='tcet'>
		<type>EXEC_OF_INTEREST</type>
		<severity>INFO</severity>
		<timestamp>Thu Apr 11 09:12:49 2024</timestamp>
		<arg name='process'>/usr/bin/cmake</arg>
		<arg name='pid'>59604</arg>
	</msg>
	<msg id='4' source='tcet'>
		<type>LOAD_MODULE</type>
		<severity>INFO</severity>
		<timestamp>Thu Apr 11 09:12:49 2024</timestamp>
		<arg name='module'>/usr/bin/cmake</arg>
		<arg name='basement'>0x6447c92c6000</arg>
		<arg name='ceiling'>0x6447c993ea27</arg>
		<arg name='id'>1</arg>
	</msg>
	<msg id='5' source='tcet'>
		<type>LOAD_MODULE</type>
		<severity>INFO</severity>
		<timestamp>Thu Apr 11 09:12:49 2024</timestamp>
		<arg name='module'>/lib64/ld-linux-x86-64.so.2</arg>
		<arg name='basement'>0x7a8ae873d000</arg>
		<arg name='ceiling'>0x7a8ae87782d7</arg>
		<arg name='id'>2</arg>
	</msg>
	<msg id='6' source='tcet'>
		<type>LOAD_MODULE</type>
		<severity>INFO</severity>
		<timestamp>Thu Apr 11 09:12:49 2024</timestamp>
		<arg name='module'>[vdso]</arg>
		<arg name='basement'>0x7ffcaff4e000</arg>
		<arg name='ceiling'>0x7ffcaff4f0aa</arg>
		<arg name='id'>3</arg>
	</msg>
	<msg id='7' source='tcet'>
		<type>LOAD_MODULE</type>
		<severity>INFO</severity>
		<timestamp>Thu Apr 11 09:12:49 2024</timestamp>
		<arg name='module'>/lib/x86_64-linux-gnu/libz.so.1</arg>
		<arg name='basement'>0x7a8ad2787000</arg>
		<arg name='ceiling'>0x7a8ad27a20b7</arg>
		<arg name='id'>4</arg>
	</msg>
	<msg id='8' source='tcet'>
		<type>LOAD_MODULE</type>
		<severity>INFO</severity>
		<timestamp>Thu Apr 11 09:12:49 2024</timestamp>
		<arg name='module'>/lib/x86_64-linux-gnu/libarchive.so.13</arg>
		<arg name='basement'>0x7a8ad2565000</arg>
		<arg name='ceiling'>0x7a8ad262e687</arg>
		<arg name='id'>5</arg>
	</msg>
	<msg id='9' source='tcet'>
		<type>LOAD_MODULE</type>
		<severity>INFO</severity>
		<timestamp>Thu Apr 11 09:12:49 2024</timestamp>
		<arg name='module'>/lib/x86_64-linux-gnu/libcurl.so.4</arg>
		<arg name='basement'>0x7a8ad24be000</arg>
		<arg name='ceiling'>0x7a8ad2564367</arg>
		<arg name='id'>6</arg>
	</msg>
	<msg id='10' source='tcet'>
		<type>LOAD_MODULE</type>
		<severity>INFO</severity>
		<timestamp>Thu Apr 11 09:12:49 2024</timestamp>
		<arg name='module'>/lib/x86_64-linux-gnu/libjsoncpp.so.25</arg>
		<arg name='basement'>0x7a8ad2489000</arg>
		<arg name='ceiling'>0x7a8ad24bd2a7</arg>
		<arg name='id'>7</arg>
	</msg>
	<msg id='11' source='tcet'>
		<type>LOAD_MODULE</type>
		<severity>INFO</severity>
		<timestamp>Thu Apr 11 09:12:49 2024</timestamp>
		<arg name='module'>/lib/x86_64-linux-gnu/libuv.so.1</arg>
		<arg name='basement'>0x7a8ad2447000</arg>
		<arg name='ceiling'>0x7a8ad24786cf</arg>
		<arg name='id'>8</arg>
	</msg>
	<msg id='12' source='tcet'>
		<type>LOAD_MODULE</type>
		<severity>INFO</severity>
		<timestamp>Thu Apr 11 09:12:49 2024</timestamp>
		<arg name='module'>/lib/x86_64-linux-gnu/librhash.so.0</arg>
		<arg name='basement'>0x7a8ad2413000</arg>
		<arg name='ceiling'>0x7a8ad244646f</arg>
		<arg name='id'>9</arg>
	</msg>
	<msg id='13' source='tcet'>
		<type>LOAD_MODULE</type>
		<severity>INFO</severity>
		<timestamp>Thu Apr 11 09:12:49 2024</timestamp>
		<arg name='module'>/lib/x86_64-linux-gnu/libstdc++.so.6</arg>
		<arg name='basement'>0x7a8ad2000000</arg>
		<arg name='ceiling'>0x7a8ad222b8bf</arg>
		<arg name='id'>10</arg>
	</msg>
	<msg id='14' source='tcet'>
		<type>LOAD_MODULE</type>
		<severity>INFO</severity>
		<timestamp>Thu Apr 11 09:12:50 2024</timestamp>
		<arg name='module'>/lib/x86_64-linux-gnu/libm.so.6</arg>
		<arg name='basement'>0x7a8ad2329000</arg>
		<arg name='ceiling'>0x7a8ad240f107</arg>
		<arg name='id'>11</arg>
	</msg>
	<msg id='15' source='tcet'>
		<type>LOAD_MODULE</type>
		<severity>INFO</severity>
		<timestamp>Thu Apr 11 09:12:50 2024</timestamp>
		<arg name='module'>/lib/x86_64-linux-gnu/libgcc_s.so.1</arg>
		<arg name='basement'>0x7a8ad2303000</arg>
		<arg name='ceiling'>0x7a8ad23222e7</arg>
		<arg name='id'>12</arg>
	</msg>
	<msg id='16' source='tcet'>
		<type>LOAD_MODULE</type>
		<severity>INFO</severity>
		<timestamp>Thu Apr 11 09:12:50 2024</timestamp>
		<arg name='module'>/lib/x86_64-linux-gnu/libc.so.6</arg>
		<arg name='basement'>0x7a8ad1c00000</arg>
		<arg name='ceiling'>0x7a8ad1e28e4f</arg>
		<arg name='id'>13</arg>
	</msg>
	<msg id='17' source='tcet'>
		<type>LOAD_MODULE</type>
		<severity>INFO</severity>
		<timestamp>Thu Apr 11 09:12:50 2024</timestamp>
		<arg name='module'>/lib/x86_64-linux-gnu/libnettle.so.8</arg>
		<arg name='basement'>0x7a8ad222e000</arg>
		<arg name='ceiling'>0x7a8ad22730d7</arg>
		<arg name='id'>14</arg>
	</msg>
	<msg id='18' source='tcet'>
		<type>LOAD_MODULE</type>
		<severity>INFO</severity>
		<timestamp>Thu Apr 11 09:12:50 2024</timestamp>
		<arg name='module'>/lib/x86_64-linux-gnu/libacl.so.1</arg>
		<arg name='basement'>0x7a8ad227a000</arg>
		<arg name='ceiling'>0x7a8ad228301f</arg>
		<arg name='id'>15</arg>
	</msg>
	<msg id='19' source='tcet'>
		<type>LOAD_MODULE</type>
		<severity>INFO</severity>
		<timestamp>Thu Apr 11 09:12:50 2024</timestamp>
		<arg name='module'>/lib/x86_64-linux-gnu/liblzma.so.5</arg>
		<arg name='basement'>0x7a8ad1fcd000</arg>
		<arg name='ceiling'>0x7a8ad1fff017</arg>
		<arg name='id'>16</arg>
	</msg>
	<msg id='20' source='tcet'>
		<type>LOAD_MODULE</type>
		<severity>INFO</severity>
		<timestamp>Thu Apr 11 09:12:50 2024</timestamp>
		<arg name='module'>/lib/x86_64-linux-gnu/libzstd.so.1</arg>
		<arg name='basement'>0x7a8ad1efe000</arg>
		<arg name='ceiling'>0x7a8ad1fcc037</arg>
		<arg name='id'>17</arg>
	</msg>
	<msg id='21' source='tcet'>
		<type>LOAD_MODULE</type>
		<severity>INFO</severity>
		<timestamp>Thu Apr 11 09:12:50 2024</timestamp>
		<arg name='module'>/lib/x86_64-linux-gnu/liblz4.so.1</arg>
		<arg name='basement'>0x7a8ad1ede000</arg>
		<arg name='ceiling'>0x7a8ad1efd05f</arg>
		<arg name='id'>18</arg>
	</msg>
	<msg id='22' source='tcet'>
		<type>LOAD_MODULE</type>
		<severity>INFO</severity>
		<timestamp>Thu Apr 11 09:12:50 2024</timestamp>
		<arg name='module'>/lib/x86_64-linux-gnu/libbz2.so.1.0</arg>
		<arg name='basement'>0x7a8ad1ecb000</arg>
		<arg name='ceiling'>0x7a8ad1eddc27</arg>
		<arg name='id'>19</arg>
	</msg>
	<msg id='23' source='tcet'>
		<type>LOAD_MODULE</type>
		<severity>INFO</severity>
		<timestamp>Thu Apr 11 09:12:50 2024</timestamp>
		<arg name='module'>/lib/x86_64-linux-gnu/libxml2.so.2</arg>
		<arg name='basement'>0x7a8ad1a1e000</arg>
		<arg name='ceiling'>0x7a8ad1bffdd7</arg>
		<arg name='id'>20</arg>
	</msg>
	<msg id='24' source='tcet'>
		<type>LOAD_MODULE</type>
		<severity>INFO</severity>
		<timestamp>Thu Apr 11 09:12:50 2024</timestamp>
		<arg name='module'>/lib/x86_64-linux-gnu/libnghttp2.so.14</arg>
		<arg name='basement'>0x7a8ad1e7d000</arg>
		<arg name='ceiling'>0x7a8ad1ea610f</arg>
		<arg name='id'>21</arg>
	</msg>
	<msg id='25' source='tcet'>
		<type>LOAD_MODULE</type>
		<severity>INFO</severity>
		<timestamp>Thu Apr 11 09:12:50 2024</timestamp>
		<arg name='module'>/lib/x86_64-linux-gnu/libidn2.so.0</arg>
		<arg name='basement'>0x7a8ad1e5c000</arg>
		<arg name='ceiling'>0x7a8ad1e7c00f</arg>
		<arg name='id'>22</arg>
	</msg>
	<msg id='26' source='tcet'>
		<type>LOAD_MODULE</type>
		<severity>INFO</severity>
		<timestamp>Thu Apr 11 09:12:50 2024</timestamp>
		<arg name='module'>/lib/x86_64-linux-gnu/librtmp.so.1</arg>
		<arg name='basement'>0x7a8ad19ff000</arg>
		<arg name='ceiling'>0x7a8ad1a1d3af</arg>
		<arg name='id'>23</arg>
	</msg>
	<msg id='27' source='tcet'>
		<type>LOAD_MODULE</type>
		<severity>INFO</severity>
		<timestamp>Thu Apr 11 09:12:50 2024</timestamp>
		<arg name='module'>/lib/x86_64-linux-gnu/libssh.so.4</arg>
		<arg name='basement'>0x7a8ad1992000</arg>
		<arg name='ceiling'>0x7a8ad19fe5df</arg>
		<arg name='id'>24</arg>
	</msg>
	<msg id='28' source='tcet'>
		<type>LOAD_MODULE</type>
		<severity>INFO</severity>
		<timestamp>Thu Apr 11 09:12:50 2024</timestamp>
		<arg name='module'>/lib/x86_64-linux-gnu/libpsl.so.5</arg>
		<arg name='basement'>0x7a8ad197e000</arg>
		<arg name='ceiling'>0x7a8ad199100f</arg>
		<arg name='id'>25</arg>
	</msg>
	<msg id='29' source='tcet'>
		<type>LOAD_MODULE</type>
		<severity>INFO</severity>
		<timestamp>Thu Apr 11 09:12:50 2024</timestamp>
		<arg name='module'>/lib/x86_64-linux-gnu/libssl.so.3</arg>
		<arg name='basement'>0x7a8ad18b9000</arg>
		<arg name='ceiling'>0x7a8ad195c7ef</arg>
		<arg name='id'>26</arg>
	</msg>
	<msg id='30' source='tcet'>
		<type>LOAD_MODULE</type>
		<severity>INFO</severity>
		<timestamp>Thu Apr 11 09:12:50 2024</timestamp>
		<arg name='module'>/lib/x86_64-linux-gnu/libcrypto.so.3</arg>
		<arg name='basement'>0x7a8ad1400000</arg>
		<arg name='ceiling'>0x7a8ad18424bf</arg>
		<arg name='id'>27</arg>
	</msg>
	<msg id='31' source='tcet'>
		<type>LOAD_MODULE</type>
		<severity>INFO</severity>
		<timestamp>Thu Apr 11 09:12:50 2024</timestamp>
		<arg name='module'>/lib/x86_64-linux-gnu/libgssapi_krb5.so.2</arg>
		<arg name='basement'>0x7a8ad1865000</arg>
		<arg name='ceiling'>0x7a8ad18b83df</arg>
		<arg name='id'>28</arg>
	</msg>
	<msg id='32' source='tcet'>
		<type>LOAD_MODULE</type>
		<severity>INFO</severity>
		<timestamp>Thu Apr 11 09:12:50 2024</timestamp>
		<arg name='module'>/lib/x86_64-linux-gnu/libldap-2.5.so.0</arg>
		<arg name='basement'>0x7a8ad13a1000</arg>
		<arg name='ceiling'>0x7a8ad13ffb5f</arg>
		<arg name='id'>29</arg>
	</msg>
	<msg id='33' source='tcet'>
		<type>LOAD_MODULE</type>
		<severity>INFO</severity>
		<timestamp>Thu Apr 11 09:12:50 2024</timestamp>
		<arg name='module'>/lib/x86_64-linux-gnu/liblber-2.5.so.0</arg>
		<arg name='basement'>0x7a8ad1e2a000</arg>
		<arg name='ceiling'>0x7a8ad1e3a1a7</arg>
		<arg name='id'>30</arg>
	</msg>
	<msg id='34' source='tcet'>
		<type>LOAD_MODULE</type>
		<severity>INFO</severity>
		<timestamp>Thu Apr 11 09:12:50 2024</timestamp>
		<arg name='module'>/lib/x86_64-linux-gnu/libbrotlidec.so.1</arg>
		<arg name='basement'>0x7a8ad1857000</arg>
		<arg name='ceiling'>0x7a8ad1864067</arg>
		<arg name='id'>31</arg>
	</msg>
	<msg id='35' source='tcet'>
		<type>LOAD_MODULE</type>
		<severity>INFO</severity>
		<timestamp>Thu Apr 11 09:12:50 2024</timestamp>
		<arg name='module'>/lib/x86_64-linux-gnu/libicuuc.so.70</arg>
		<arg name='basement'>0x7a8ad11a6000</arg>
		<arg name='ceiling'>0x7a8ad13a02df</arg>
		<arg name='id'>32</arg>
	</msg>
	<msg id='36' source='tcet'>
		<type>LOAD_MODULE</type>
		<severity>INFO</severity>
		<timestamp>Thu Apr 11 09:12:50 2024</timestamp>
		<arg name='module'>/lib/x86_64-linux-gnu/libunistring.so.2</arg>
		<arg name='basement'>0x7a8ad0ffc000</arg>
		<arg name='ceiling'>0x7a8ad11a58e7</arg>
		<arg name='id'>33</arg>
	</msg>
	<msg id='37' source='tcet'>
		<type>LOAD_MODULE</type>
		<severity>INFO</severity>
		<timestamp>Thu Apr 11 09:12:50 2024</timestamp>
		<arg name='module'>/lib/x86_64-linux-gnu/libgnutls.so.30</arg>
		<arg name='basement'>0x7a8ad0e11000</arg>
		<arg name='ceiling'>0x7a8ad0ffb7ff</arg>
		<arg name='id'>34</arg>
	</msg>
	<msg id='38' source='tcet'>
		<type>LOAD_MODULE</type>
		<severity>INFO</severity>
		<timestamp>Thu Apr 11 09:12:50 2024</timestamp>
		<arg name='module'>/lib/x86_64-linux-gnu/libhogweed.so.6</arg>
		<arg name='basement'>0x7a8ad0dc9000</arg>
		<arg name='ceiling'>0x7a8ad0e10337</arg>
		<arg name='id'>35</arg>
	</msg>
	<msg id='39' source='tcet'>
		<type>LOAD_MODULE</type>
		<severity>INFO</severity>
		<timestamp>Thu Apr 11 09:12:50 2024</timestamp>
		<arg name='module'>/lib/x86_64-linux-gnu/libgmp.so.10</arg>
		<arg name='basement'>0x7a8ad0d47000</arg>
		<arg name='ceiling'>0x7a8ad0dc820f</arg>
		<arg name='id'>36</arg>
	</msg>
	<msg id='40' source='tcet'>
		<type>LOAD_MODULE</type>
		<severity>INFO</severity>
		<timestamp>Thu Apr 11 09:12:50 2024</timestamp>
		<arg name='module'>/lib/x86_64-linux-gnu/libkrb5.so.3</arg>
		<arg name='basement'>0x7a8ad0c7c000</arg>
		<arg name='ceiling'>0x7a8ad0d46c6f</arg>
		<arg name='id'>37</arg>
	</msg>
	<msg id='41' source='tcet'>
		<type>LOAD_MODULE</type>
		<severity>INFO</severity>
		<timestamp>Thu Apr 11 09:12:50 2024</timestamp>
		<arg name='module'>/lib/x86_64-linux-gnu/libk5crypto.so.3</arg>
		<arg name='basement'>0x7a8ad0c4d000</arg>
		<arg name='ceiling'>0x7a8ad0c7b037</arg>
		<arg name='id'>38</arg>
	</msg>
	<msg id='42' source='tcet'>
		<type>LOAD_MODULE</type>
		<severity>INFO</severity>
		<timestamp>Thu Apr 11 09:12:50 2024</timestamp>
		<arg name='module'>/lib/x86_64-linux-gnu/libcom_err.so.2</arg>
		<arg name='basement'>0x7a8ad1843000</arg>
		<arg name='ceiling'>0x7a8ad1848047</arg>
		<arg name='id'>39</arg>
	</msg>
	<msg id='43' source='tcet'>
		<type>LOAD_MODULE</type>
		<severity>INFO</severity>
		<timestamp>Thu Apr 11 09:12:50 2024</timestamp>
		<arg name='module'>/lib/x86_64-linux-gnu/libkrb5support.so.0</arg>
		<arg name='basement'>0x7a8ad0c3f000</arg>
		<arg name='ceiling'>0x7a8ad0c4c3cf</arg>
		<arg name='id'>40</arg>
	</msg>
	<msg id='44' source='tcet'>
		<type>LOAD_MODULE</type>
		<severity>INFO</severity>
		<timestamp>Thu Apr 11 09:12:50 2024</timestamp>
		<arg name='module'>/lib/x86_64-linux-gnu/libsasl2.so.2</arg>
		<arg name='basement'>0x7a8ad0c24000</arg>
		<arg name='ceiling'>0x7a8ad0c3e3ef</arg>
		<arg name='id'>41</arg>
	</msg>
	<msg id='45' source='tcet'>
		<type>LOAD_MODULE</type>
		<severity>INFO</severity>
		<timestamp>Thu Apr 11 09:12:50 2024</timestamp>
		<arg name='module'>/lib/x86_64-linux-gnu/libbrotlicommon.so.1</arg>
		<arg name='basement'>0x7a8ad0c01000</arg>
		<arg name='ceiling'>0x7a8ad0c23037</arg>
		<arg name='id'>42</arg>
	</msg>
	<msg id='46' source='tcet'>
		<type>LOAD_MODULE</type>
		<severity>INFO</severity>
		<timestamp>Thu Apr 11 09:12:50 2024</timestamp>
		<arg name='module'>/lib/x86_64-linux-gnu/libicudata.so.70</arg>
		<arg name='basement'>0x7a8acee00000</arg>
		<arg name='ceiling'>0x7a8ad0a1d017</arg>
		<arg name='id'>43</arg>
	</msg>
	<msg id='47' source='tcet'>
		<type>LOAD_MODULE</type>
		<severity>INFO</severity>
		<timestamp>Thu Apr 11 09:12:50 2024</timestamp>
		<arg name='module'>/lib/x86_64-linux-gnu/libp11-kit.so.0</arg>
		<arg name='basement'>0x7a8ad0ac6000</arg>
		<arg name='ceiling'>0x7a8ad0c00bc7</arg>
		<arg name='id'>44</arg>
	</msg>
	<msg id='48' source='tcet'>
		<type>LOAD_MODULE</type>
		<severity>INFO</severity>
		<timestamp>Thu Apr 11 09:12:50 2024</timestamp>
		<arg name='module'>/lib/x86_64-linux-gnu/libtasn1.so.6</arg>
		<arg name='basement'>0x7a8ad0aae000</arg>
		<arg name='ceiling'>0x7a8ad0ac5227</arg>
		<arg name='id'>45</arg>
	</msg>
	<msg id='49' source='tcet'>
		<type>LOAD_MODULE</type>
		<severity>INFO</severity>
		<timestamp>Thu Apr 11 09:12:50 2024</timestamp>
		<arg name='module'>/lib/x86_64-linux-gnu/libkeyutils.so.1</arg>
		<arg name='basement'>0x7a8ad0aa7000</arg>
		<arg name='ceiling'>0x7a8ad0aad00f</arg>
		<arg name='id'>46</arg>
	</msg>
	<msg id='50' source='tcet'>
		<type>LOAD_MODULE</type>
		<severity>INFO</severity>
		<timestamp>Thu Apr 11 09:12:50 2024</timestamp>
		<arg name='module'>/lib/x86_64-linux-gnu/libresolv.so.2</arg>
		<arg name='basement'>0x7a8ad0a93000</arg>
		<arg name='ceiling'>0x7a8ad0aa6a47</arg>
		<arg name='id'>47</arg>
	</msg>
	<msg id='51' source='tcet'>
		<type>LOAD_MODULE</type>
		<severity>INFO</severity>
		<timestamp>Thu Apr 11 09:12:50 2024</timestamp>
		<arg name='module'>/lib/x86_64-linux-gnu/libffi.so.8</arg>
		<arg name='basement'>0x7a8ad0a7c000</arg>
		<arg name='ceiling'>0x7a8ad0a8862f</arg>
		<arg name='id'>48</arg>
	</msg>
	<msg id='52' source='tcet'>
		<type>UNLOAD_MODULE</type>
		<severity>INFO</severity>
		<timestamp>Thu Apr 11 09:12:55 2024</timestamp>
		<arg name='module'>/usr/bin/cmake</arg>
		<arg name='id'>1</arg>
	</msg>
	<msg id='53' source='tcet'>
		<type>UNLOAD_MODULE</type>
		<severity>INFO</severity>
		<timestamp>Thu Apr 11 09:12:55 2024</timestamp>
		<arg name='module'>/lib64/ld-linux-x86-64.so.2</arg>
		<arg name='id'>2</arg>
	</msg>
	<msg id='54' source='tcet'>
		<type>UNLOAD_MODULE</type>
		<severity>INFO</severity>
		<timestamp>Thu Apr 11 09:12:55 2024</timestamp>
		<arg name='module'>[vdso]</arg>
		<arg name='id'>3</arg>
	</msg>
	<msg id='55' source='tcet'>
		<type>UNLOAD_MODULE</type>
		<severity>INFO</severity>
		<timestamp>Thu Apr 11 09:12:55 2024</timestamp>
		<arg name='module'>/lib/x86_64-linux-gnu/libz.so.1</arg>
		<arg name='id'>4</arg>
	</msg>
	<msg id='56' source='tcet'>
		<type>UNLOAD_MODULE</type>
		<severity>INFO</severity>
		<timestamp>Thu Apr 11 09:12:55 2024</timestamp>
		<arg name='module'>/lib/x86_64-linux-gnu/libarchive.so.13</arg>
		<arg name='id'>5</arg>
	</msg>
	<msg id='57' source='tcet'>
		<type>UNLOAD_MODULE</type>
		<severity>INFO</severity>
		<timestamp>Thu Apr 11 09:12:55 2024</timestamp>
		<arg name='module'>/lib/x86_64-linux-gnu/libcurl.so.4</arg>
		<arg name='id'>6</arg>
	</msg>
	<msg id='58' source='tcet'>
		<type>UNLOAD_MODULE</type>
		<severity>INFO</severity>
		<timestamp>Thu Apr 11 09:12:55 2024</timestamp>
		<arg name='module'>/lib/x86_64-linux-gnu/libjsoncpp.so.25</arg>
		<arg name='id'>7</arg>
	</msg>
	<msg id='59' source='tcet'>
		<type>UNLOAD_MODULE</type>
		<severity>INFO</severity>
		<timestamp>Thu Apr 11 09:12:55 2024</timestamp>
		<arg name='module'>/lib/x86_64-linux-gnu/libuv.so.1</arg>
		<arg name='id'>8</arg>
	</msg>
	<msg id='60' source='tcet'>
		<type>UNLOAD_MODULE</type>
		<severity>INFO</severity>
		<timestamp>Thu Apr 11 09:12:55 2024</timestamp>
		<arg name='module'>/lib/x86_64-linux-gnu/librhash.so.0</arg>
		<arg name='id'>9</arg>
	</msg>
	<msg id='61' source='tcet'>
		<type>UNLOAD_MODULE</type>
		<severity>INFO</severity>
		<timestamp>Thu Apr 11 09:12:55 2024</timestamp>
		<arg name='module'>/lib/x86_64-linux-gnu/libstdc++.so.6</arg>
		<arg name='id'>10</arg>
	</msg>
	<msg id='62' source='tcet'>
		<type>UNLOAD_MODULE</type>
		<severity>INFO</severity>
		<timestamp>Thu Apr 11 09:12:55 2024</timestamp>
		<arg name='module'>/lib/x86_64-linux-gnu/libm.so.6</arg>
		<arg name='id'>11</arg>
	</msg>
	<msg id='63' source='tcet'>
		<type>UNLOAD_MODULE</type>
		<severity>INFO</severity>
		<timestamp>Thu Apr 11 09:12:55 2024</timestamp>
		<arg name='module'>/lib/x86_64-linux-gnu/libgcc_s.so.1</arg>
		<arg name='id'>12</arg>
	</msg>
	<msg id='64' source='tcet'>
		<type>UNLOAD_MODULE</type>
		<severity>INFO</severity>
		<timestamp>Thu Apr 11 09:12:55 2024</timestamp>
		<arg name='module'>/lib/x86_64-linux-gnu/libc.so.6</arg>
		<arg name='id'>13</arg>
	</msg>
	<msg id='65' source='tcet'>
		<type>UNLOAD_MODULE</type>
		<severity>INFO</severity>
		<timestamp>Thu Apr 11 09:12:55 2024</timestamp>
		<arg name='module'>/lib/x86_64-linux-gnu/libnettle.so.8</arg>
		<arg name='id'>14</arg>
	</msg>
	<msg id='66' source='tcet'>
		<type>UNLOAD_MODULE</type>
		<severity>INFO</severity>
		<timestamp>Thu Apr 11 09:12:55 2024</timestamp>
		<arg name='module'>/lib/x86_64-linux-gnu/libacl.so.1</arg>
		<arg name='id'>15</arg>
	</msg>
	<msg id='67' source='tcet'>
		<type>UNLOAD_MODULE</type>
		<severity>INFO</severity>
		<timestamp>Thu Apr 11 09:12:55 2024</timestamp>
		<arg name='module'>/lib/x86_64-linux-gnu/liblzma.so.5</arg>
		<arg name='id'>16</arg>
	</msg>
	<msg id='68' source='tcet'>
		<type>UNLOAD_MODULE</type>
		<severity>INFO</severity>
		<timestamp>Thu Apr 11 09:12:55 2024</timestamp>
		<arg name='module'>/lib/x86_64-linux-gnu/libzstd.so.1</arg>
		<arg name='id'>17</arg>
	</msg>
	<msg id='69' source='tcet'>
		<type>UNLOAD_MODULE</type>
		<severity>INFO</severity>
		<timestamp>Thu Apr 11 09:12:55 2024</timestamp>
		<arg name='module'>/lib/x86_64-linux-gnu/liblz4.so.1</arg>
		<arg name='id'>18</arg>
	</msg>
	<msg id='70' source='tcet'>
		<type>UNLOAD_MODULE</type>
		<severity>INFO</severity>
		<timestamp>Thu Apr 11 09:12:55 2024</timestamp>
		<arg name='module'>/lib/x86_64-linux-gnu/libbz2.so.1.0</arg>
		<arg name='id'>19</arg>
	</msg>
	<msg id='71' source='tcet'>
		<type>UNLOAD_MODULE</type>
		<severity>INFO</severity>
		<timestamp>Thu Apr 11 09:12:55 2024</timestamp>
		<arg name='module'>/lib/x86_64-linux-gnu/libxml2.so.2</arg>
		<arg name='id'>20</arg>
	</msg>
	<msg id='72' source='tcet'>
		<type>UNLOAD_MODULE</type>
		<severity>INFO</severity>
		<timestamp>Thu Apr 11 09:12:55 2024</timestamp>
		<arg name='module'>/lib/x86_64-linux-gnu/libnghttp2.so.14</arg>
		<arg name='id'>21</arg>
	</msg>
	<msg id='73' source='tcet'>
		<type>UNLOAD_MODULE</type>
		<severity>INFO</severity>
		<timestamp>Thu Apr 11 09:12:55 2024</timestamp>
		<arg name='module'>/lib/x86_64-linux-gnu/libidn2.so.0</arg>
		<arg name='id'>22</arg>
	</msg>
	<msg id='74' source='tcet'>
		<type>UNLOAD_MODULE</type>
		<severity>INFO</severity>
		<timestamp>Thu Apr 11 09:12:55 2024</timestamp>
		<arg name='module'>/lib/x86_64-linux-gnu/librtmp.so.1</arg>
		<arg name='id'>23</arg>
	</msg>
	<msg id='75' source='tcet'>
		<type>UNLOAD_MODULE</type>
		<severity>INFO</severity>
		<timestamp>Thu Apr 11 09:12:55 2024</timestamp>
		<arg name='module'>/lib/x86_64-linux-gnu/libssh.so.4</arg>
		<arg name='id'>24</arg>
	</msg>
	<msg id='76' source='tcet'>
		<type>UNLOAD_MODULE</type>
		<severity>INFO</severity>
		<timestamp>Thu Apr 11 09:12:55 2024</timestamp>
		<arg name='module'>/lib/x86_64-linux-gnu/libpsl.so.5</arg>
		<arg name='id'>25</arg>
	</msg>
	<msg id='77' source='tcet'>
		<type>UNLOAD_MODULE</type>
		<severity>INFO</severity>
		<timestamp>Thu Apr 11 09:12:55 2024</timestamp>
		<arg name='module'>/lib/x86_64-linux-gnu/libssl.so.3</arg>
		<arg name='id'>26</arg>
	</msg>
	<msg id='78' source='tcet'>
		<type>UNLOAD_MODULE</type>
		<severity>INFO</severity>
		<timestamp>Thu Apr 11 09:12:55 2024</timestamp>
		<arg name='module'>/lib/x86_64-linux-gnu/libcrypto.so.3</arg>
		<arg name='id'>27</arg>
	</msg>
	<msg id='79' source='tcet'>
		<type>UNLOAD_MODULE</type>
		<severity>INFO</severity>
		<timestamp>Thu Apr 11 09:12:55 2024</timestamp>
		<arg name='module'>/lib/x86_64-linux-gnu/libgssapi_krb5.so.2</arg>
		<arg name='id'>28</arg>
	</msg>
	<msg id='80' source='tcet'>
		<type>UNLOAD_MODULE</type>
		<severity>INFO</severity>
		<timestamp>Thu Apr 11 09:12:55 2024</timestamp>
		<arg name='module'>/lib/x86_64-linux-gnu/libldap-2.5.so.0</arg>
		<arg name='id'>29</arg>
	</msg>
	<msg id='81' source='tcet'>
		<type>UNLOAD_MODULE</type>
		<severity>INFO</severity>
		<timestamp>Thu Apr 11 09:12:55 2024</timestamp>
		<arg name='module'>/lib/x86_64-linux-gnu/liblber-2.5.so.0</arg>
		<arg name='id'>30</arg>
	</msg>
	<msg id='82' source='tcet'>
		<type>UNLOAD_MODULE</type>
		<severity>INFO</severity>
		<timestamp>Thu Apr 11 09:12:55 2024</timestamp>
		<arg name='module'>/lib/x86_64-linux-gnu/libbrotlidec.so.1</arg>
		<arg name='id'>31</arg>
	</msg>
	<msg id='83' source='tcet'>
		<type>UNLOAD_MODULE</type>
		<severity>INFO</severity>
		<timestamp>Thu Apr 11 09:12:55 2024</timestamp>
		<arg name='module'>/lib/x86_64-linux-gnu/libicuuc.so.70</arg>
		<arg name='id'>32</arg>
	</msg>
	<msg id='84' source='tcet'>
		<type>UNLOAD_MODULE</type>
		<severity>INFO</severity>
		<timestamp>Thu Apr 11 09:12:55 2024</timestamp>
		<arg name='module'>/lib/x86_64-linux-gnu/libunistring.so.2</arg>
		<arg name='id'>33</arg>
	</msg>
	<msg id='85' source='tcet'>
		<type>UNLOAD_MODULE</type>
		<severity>INFO</severity>
		<timestamp>Thu Apr 11 09:12:55 2024</timestamp>
		<arg name='module'>/lib/x86_64-linux-gnu/libgnutls.so.30</arg>
		<arg name='id'>34</arg>
	</msg>
	<msg id='86' source='tcet'>
		<type>UNLOAD_MODULE</type>
		<severity>INFO</severity>
		<timestamp>Thu Apr 11 09:12:55 2024</timestamp>
		<arg name='module'>/lib/x86_64-linux-gnu/libhogweed.so.6</arg>
		<arg name='id'>35</arg>
	</msg>
	<msg id='87' source='tcet'>
		<type>UNLOAD_MODULE</type>
		<severity>INFO</severity>
		<timestamp>Thu Apr 11 09:12:55 2024</timestamp>
		<arg name='module'>/lib/x86_64-linux-gnu/libgmp.so.10</arg>
		<arg name='id'>36</arg>
	</msg>
	<msg id='88' source='tcet'>
		<type>UNLOAD_MODULE</type>
		<severity>INFO</severity>
		<timestamp>Thu Apr 11 09:12:55 2024</timestamp>
		<arg name='module'>/lib/x86_64-linux-gnu/libkrb5.so.3</arg>
		<arg name='id'>37</arg>
	</msg>
	<msg id='89' source='tcet'>
		<type>UNLOAD_MODULE</type>
		<severity>INFO</severity>
		<timestamp>Thu Apr 11 09:12:55 2024</timestamp>
		<arg name='module'>/lib/x86_64-linux-gnu/libk5crypto.so.3</arg>
		<arg name='id'>38</arg>
	</msg>
	<msg id='90' source='tcet'>
		<type>UNLOAD_MODULE</type>
		<severity>INFO</severity>
		<timestamp>Thu Apr 11 09:12:55 2024</timestamp>
		<arg name='module'>/lib/x86_64-linux-gnu/libcom_err.so.2</arg>
		<arg name='id'>39</arg>
	</msg>
	<msg id='91' source='tcet'>
		<type>UNLOAD_MODULE</type>
		<severity>INFO</severity>
		<timestamp>Thu Apr 11 09:12:55 2024</timestamp>
		<arg name='module'>/lib/x86_64-linux-gnu/libkrb5support.so.0</arg>
		<arg name='id'>40</arg>
	</msg>
	<msg id='92' source='tcet'>
		<type>UNLOAD_MODULE</type>
		<severity>INFO</severity>
		<timestamp>Thu Apr 11 09:12:55 2024</timestamp>
		<arg name='module'>/lib/x86_64-linux-gnu/libsasl2.so.2</arg>
		<arg name='id'>41</arg>
	</msg>
	<msg id='93' source='tcet'>
		<type>UNLOAD_MODULE</type>
		<severity>INFO</severity>
		<timestamp>Thu Apr 11 09:12:55 2024</timestamp>
		<arg name='module'>/lib/x86_64-linux-gnu/libbrotlicommon.so.1</arg>
		<arg name='id'>42</arg>
	</msg>
	<msg id='94' source='tcet'>
		<type>UNLOAD_MODULE</type>
		<severity>INFO</severity>
		<timestamp>Thu Apr 11 09:12:55 2024</timestamp>
		<arg name='module'>/lib/x86_64-linux-gnu/libicudata.so.70</arg>
		<arg name='id'>43</arg>
	</msg>
	<msg id='95' source='tcet'>
		<type>UNLOAD_MODULE</type>
		<severity>INFO</severity>
		<timestamp>Thu Apr 11 09:12:55 2024</timestamp>
		<arg name='module'>/lib/x86_64-linux-gnu/libp11-kit.so.0</arg>
		<arg name='id'>44</arg>
	</msg>
	<msg id='96' source='tcet'>
		<type>UNLOAD_MODULE</type>
		<severity>INFO</severity>
		<timestamp>Thu Apr 11 09:12:55 2024</timestamp>
		<arg name='module'>/lib/x86_64-linux-gnu/libtasn1.so.6</arg>
		<arg name='id'>45</arg>
	</msg>
	<msg id='97' source='tcet'>
		<type>UNLOAD_MODULE</type>
		<severity>INFO</severity>
		<timestamp>Thu Apr 11 09:12:55 2024</timestamp>
		<arg name='module'>/lib/x86_64-linux-gnu/libkeyutils.so.1</arg>
		<arg name='id'>46</arg>
	</msg>
	<msg id='98' source='tcet'>
		<type>UNLOAD_MODULE</type>
		<severity>INFO</severity>
		<timestamp>Thu Apr 11 09:12:55 2024</timestamp>
		<arg name='module'>/lib/x86_64-linux-gnu/libresolv.so.2</arg>
		<arg name='id'>47</arg>
	</msg>
	<msg id='99' source='tcet'>
		<type>UNLOAD_MODULE</type>
		<severity>INFO</severity>
		<timestamp>Thu Apr 11 09:12:55 2024</timestamp>
		<arg name='module'>/lib/x86_64-linux-gnu/libffi.so.8</arg>
		<arg name='id'>48</arg>
	</msg>
	<msg id='100' source='tcet'>
		<type>PROCESS_TERMINATE</type>
		<severity>INFO</severity>
		<timestamp>Thu Apr 11 09:12:55 2024</timestamp>
		<arg name='process'>/usr/bin/cmake</arg>
		<arg name='pid'>59604</arg>
	</msg>
	<msg id='101' source='map'>
		<type>NO_ANNOTATIONS</type>
		<severity>WARNING</severity>
		<timestamp>Thu Apr 11 09:12:55 2024</timestamp>
	</msg>
	<msg id='102' display='false' source='map'>
		<type>ANALYSIS_COMPLETE</type>
		<severity>INFO</severity>
		<timestamp>Thu Apr 11 09:12:55 2024</timestamp>
	</msg>
	<msg id='103' display='false' source='map'>
		<type>STOP</type>
		<severity>INFO</severity>
		<timestamp>Thu Apr 11 09:12:55 2024</timestamp>
	</msg>
</log>