<?xml version="1.0" encoding="utf-8" ?>
<!-- DO NOT EDIT THIS FILE -->

<log version='2.0' source='tcet'>
	<!-- Application /usr/bin/bash has forked child pid 59694 -->
	<!-- Creating new child process (PID = 59694) -->
	<msg id='1' source='tcet'>
		<type>EXEC_PROCESS</type>
		<severity>INFO</severity>
		<timestamp>Thu Apr 11 09:13:15 2024</timestamp>
		<arg name='process'>/home/popos/Desktop/SPP_2D_convolution/big-board-2d-convolution-codepk37/build/bin/tester</arg>
		<arg name='pid'>59694</arg>
	</msg>
	<!-- Opened annotation file /opt/intel/oneapi/advisor/2024.1/lib64/../config/tc/map.ant -->
	<!-- Opened annotation file /opt/intel/oneapi/advisor/2024.1/lib64/../config/tc/allocators.ant -->
	<msg id='2' display='false' source='map'>
		<type>START</type>
		<severity>INFO</severity>
		<timestamp>Thu Apr 11 09:13:15 2024</timestamp>
	</msg>
	<!-- Successfully loaded CCRT 13.15.8 at address 0x7f8768146000 - 0x7f8768149000 -->
	<!-- Successfully loaded the TC Analysis Core 8.23.1 at address 0x7f8766573000 - 0x7f87665bc000 -->
	<!-- Successfully loaded the TC Instrumentation Engine 8.23.1 at address 0x7f8768153000 - 0x7f8768344000 -->
	<!-- Environment: INTEL_LIBITTNOTIFY32=/opt/intel/oneapi/advisor/2024.1/lib32/runtime/libittnotify.so -->
	<!-- Environment: INTEL_LIBITTNOTIFY64=/opt/intel/oneapi/advisor/2024.1/lib64/runtime/libittnotify.so -->
	<!-- Environment: INTEL_JIT_PROFILER32=/opt/intel/oneapi/advisor/2024.1/lib32/libpinjitprofiling.so -->
	<!-- Environment: INTEL_JIT_PROFILER64=/opt/intel/oneapi/advisor/2024.1/lib64/libpinjitprofiling.so -->
	<!-- This is the instance of interest -->
	<msg id='3' source='tcet'>
		<type>EXEC_OF_INTEREST</type>
		<severity>INFO</severity>
		<timestamp>Thu Apr 11 09:13:15 2024</timestamp>
		<arg name='process'>/home/popos/Desktop/SPP_2D_convolution/big-board-2d-convolution-codepk37/build/bin/tester</arg>
		<arg name='pid'>59694</arg>
	</msg>
	<msg id='4' source='tcet'>
		<type>LOAD_MODULE</type>
		<severity>INFO</severity>
		<timestamp>Thu Apr 11 09:13:15 2024</timestamp>
		<arg name='module'>/home/popos/Desktop/SPP_2D_convolution/big-board-2d-convolution-codepk37/build/bin/tester</arg>
		<arg name='basement'>0x5eed8f1eb000</arg>
		<arg name='ceiling'>0x5eed8f1f728f</arg>
		<arg name='id'>1</arg>
	</msg>
	<msg id='5' source='tcet'>
		<type>LOAD_MODULE</type>
		<severity>INFO</severity>
		<timestamp>Thu Apr 11 09:13:15 2024</timestamp>
		<arg name='module'>/lib64/ld-linux-x86-64.so.2</arg>
		<arg name='basement'>0x7f8769912000</arg>
		<arg name='ceiling'>0x7f876994d2d7</arg>
		<arg name='id'>2</arg>
	</msg>
	<msg id='6' source='tcet'>
		<type>LOAD_MODULE</type>
		<severity>INFO</severity>
		<timestamp>Thu Apr 11 09:13:15 2024</timestamp>
		<arg name='module'>[vdso]</arg>
		<arg name='basement'>0x7ffcb63d6000</arg>
		<arg name='ceiling'>0x7ffcb63d70aa</arg>
		<arg name='id'>3</arg>
	</msg>
	<msg id='7' source='tcet'>
		<type>LOAD_MODULE</type>
		<severity>INFO</severity>
		<timestamp>Thu Apr 11 09:13:15 2024</timestamp>
		<arg name='module'>/lib/x86_64-linux-gnu/libgomp.so.1</arg>
		<arg name='basement'>0x7f8754467000</arg>
		<arg name='ceiling'>0x7f87544b094f</arg>
		<arg name='id'>4</arg>
	</msg>
	<msg id='8' source='tcet'>
		<type>UNSUPPORTED_MODULE</type>
		<severity>WARNING</severity>
		<timestamp>Thu Apr 11 09:13:15 2024</timestamp>
		<arg name='desc'>GNU OpenMP Runtime module</arg>
	</msg>
	<msg id='9' source='tcet'>
		<type>LOAD_MODULE</type>
		<severity>INFO</severity>
		<timestamp>Thu Apr 11 09:13:15 2024</timestamp>
		<arg name='module'>/lib/x86_64-linux-gnu/libstdc++.so.6</arg>
		<arg name='basement'>0x7f8754000000</arg>
		<arg name='ceiling'>0x7f875422b8bf</arg>
		<arg name='id'>5</arg>
	</msg>
	<msg id='10' source='tcet'>
		<type>LOAD_MODULE</type>
		<severity>INFO</severity>
		<timestamp>Thu Apr 11 09:13:15 2024</timestamp>
		<arg name='module'>/lib/x86_64-linux-gnu/libgcc_s.so.1</arg>
		<arg name='basement'>0x7f8754333000</arg>
		<arg name='ceiling'>0x7f87543522e7</arg>
		<arg name='id'>6</arg>
	</msg>
	<msg id='11' source='tcet'>
		<type>LOAD_MODULE</type>
		<severity>INFO</severity>
		<timestamp>Thu Apr 11 09:13:15 2024</timestamp>
		<arg name='module'>/lib/x86_64-linux-gnu/libc.so.6</arg>
		<arg name='basement'>0x7f8753c00000</arg>
		<arg name='ceiling'>0x7f8753e28e4f</arg>
		<arg name='id'>7</arg>
	</msg>
	<msg id='12' source='tcet'>
		<type>LOAD_MODULE</type>
		<severity>INFO</severity>
		<timestamp>Thu Apr 11 09:13:15 2024</timestamp>
		<arg name='module'>/lib/x86_64-linux-gnu/libm.so.6</arg>
		<arg name='basement'>0x7f8753f19000</arg>
		<arg name='ceiling'>0x7f8753fff107</arg>
		<arg name='id'>8</arg>
	</msg>
	<msg id='13' source='tcet'>
		<type>UNLOAD_MODULE</type>
		<severity>INFO</severity>
		<timestamp>Thu Apr 11 09:13:24 2024</timestamp>
		<arg name='module'>/home/popos/Desktop/SPP_2D_convolution/big-board-2d-convolution-codepk37/build/bin/tester</arg>
		<arg name='id'>1</arg>
	</msg>
	<msg id='14' source='tcet'>
		<type>UNLOAD_MODULE</type>
		<severity>INFO</severity>
		<timestamp>Thu Apr 11 09:13:24 2024</timestamp>
		<arg name='module'>/lib64/ld-linux-x86-64.so.2</arg>
		<arg name='id'>2</arg>
	</msg>
	<msg id='15' source='tcet'>
		<type>UNLOAD_MODULE</type>
		<severity>INFO</severity>
		<timestamp>Thu Apr 11 09:13:24 2024</timestamp>
		<arg name='module'>[vdso]</arg>
		<arg name='id'>3</arg>
	</msg>
	<msg id='16' source='tcet'>
		<type>UNLOAD_MODULE</type>
		<severity>INFO</severity>
		<timestamp>Thu Apr 11 09:13:24 2024</timestamp>
		<arg name='module'>/lib/x86_64-linux-gnu/libgomp.so.1</arg>
		<arg name='id'>4</arg>
	</msg>
	<msg id='17' source='tcet'>
		<type>UNLOAD_MODULE</type>
		<severity>INFO</severity>
		<timestamp>Thu Apr 11 09:13:24 2024</timestamp>
		<arg name='module'>/lib/x86_64-linux-gnu/libstdc++.so.6</arg>
		<arg name='id'>5</arg>
	</msg>
	<msg id='18' source='tcet'>
		<type>UNLOAD_MODULE</type>
		<severity>INFO</severity>
		<timestamp>Thu Apr 11 09:13:24 2024</timestamp>
		<arg name='module'>/lib/x86_64-linux-gnu/libgcc_s.so.1</arg>
		<arg name='id'>6</arg>
	</msg>
	<msg id='19' source='tcet'>
		<type>UNLOAD_MODULE</type>
		<severity>INFO</severity>
		<timestamp>Thu Apr 11 09:13:24 2024</timestamp>
		<arg name='module'>/lib/x86_64-linux-gnu/libc.so.6</arg>
		<arg name='id'>7</arg>
	</msg>
	<msg id='20' source='tcet'>
		<type>UNLOAD_MODULE</type>
		<severity>INFO</severity>
		<timestamp>Thu Apr 11 09:13:24 2024</timestamp>
		<arg name='module'>/lib/x86_64-linux-gnu/libm.so.6</arg>
		<arg name='id'>8</arg>
	</msg>
	<msg id='21' source='tcet'>
		<type>PROCESS_TERMINATE</type>
		<severity>INFO</severity>
		<timestamp>Thu Apr 11 09:13:24 2024</timestamp>
		<arg name='process'>/home/popos/Desktop/SPP_2D_convolution/big-board-2d-convolution-codepk37/build/bin/tester</arg>
		<arg name='pid'>59694</arg>
	</msg>
	<msg id='22' source='map'>
		<type>NO_ANNOTATIONS</type>
		<severity>WARNING</severity>
		<timestamp>Thu Apr 11 09:13:24 2024</timestamp>
	</msg>
	<msg id='23' display='false' source='map'>
		<type>ANALYSIS_COMPLETE</type>
		<severity>INFO</severity>
		<timestamp>Thu Apr 11 09:13:24 2024</timestamp>
	</msg>
	<msg id='24' display='false' source='map'>
		<type>STOP</type>
		<severity>INFO</severity>
		<timestamp>Thu Apr 11 09:13:24 2024</timestamp>
	</msg>
</log>