0 [131221229582272] INFO perfrun.launcher <> - Launcher main begin
1 [131221229582272] INFO perfrun.launcher <> - MessageCatalogInit finished
1 [131221229582272] INFO perfrun.launcher <> - Launcher instance created
1 [131221229582272] INFO perfrun.launcher <> - argc = 7; cmdline = /opt/intel/oneapi/advisor/2024.1/bin64/advixe-runss --ui-output-format xml --ui-output-fd 6 --option-file /home/popos/Desktop/SPP_2D_convolution/big-board-2d-convolution-codepk37/src/e000/hs005/config/runss.options 
156 [131221229582272] INFO perfrun.launcher <> - create msngr2::ICliToolContext
156 [131221229582272] INFO perfrun.launcher <> - create file finder object
156 [131221229582272] INFO perfrun.launcher <> - create a result directory: pattern = /home/popos/Desktop/SPP_2D_convolution/big-board-2d-convolution-codepk37/src/e000/hs005 pid = 4294967295
157 [131221229582272] INFO perfrun.sdk <> - checked that the directory /home/popos/Desktop/SPP_2D_convolution/big-board-2d-convolution-codepk37/src/e000/hs005 is a local directory
157 [131221229582272] INFO perfrun.sdk <> - the directory /home/popos/Desktop/SPP_2D_convolution/big-board-2d-convolution-codepk37/src/e000/hs005 is a local directory with FS type ID 61267
158 [131221229582272] INFO perfrun.launcher <> - create data directory = /home/popos/Desktop/SPP_2D_convolution/big-board-2d-convolution-codepk37/src/e000/hs005/data.0
158 [131221229582272] INFO perfrun.launcher <> - Creating the master collection flag
167 [131221229582272] INFO perfrun.launcher <> - Done creating the master collection flag
168 [131221073946176] INFO perfrun.launcher <> - plugin [remoteplug] was disabled because it doesn't support the given collection type.
168 [131221073946176] INFO perfrun.sdk <> - Allocating TMU :/home/popos/Desktop/SPP_2D_convolution/big-board-2d-convolution-codepk37/src/e000/hs005/data.0/systemcollector-54861-pop-os-pk.sc
168 [131221073946176] INFO perfrun.launcher <> - plugin [] was disabled because it doesn't support the given collection type.
168 [131221073946176] INFO perfrun.launcher <> - plugin [gpu] was disabled because it doesn't support the given collection type.
168 [131221073946176] INFO perfrun.launcher <> - plugin [] was disabled because it doesn't support the given collection type.
168 [131221073946176] INFO perfrun.launcher <> - plugin [] was disabled because it doesn't support the given collection type.
168 [131221073946176] INFO perfrun.launcher <> - plugin [] was disabled because it doesn't support the given collection type.
168 [131221073946176] INFO perfrun.mrte <> - system-wide mode is 0
168 [131221073946176] INFO perfrun.mrte <> - Getting  mrte profiling environment ...
174 [131221073946176] INFO perfrun.mrte <> - INTEL_MRTE_DATA_DIR=/home/popos/Desktop/SPP_2D_convolution/big-board-2d-convolution-codepk37/src/e000/hs005/data.0
174 [131221073946176] INFO perfrun.mrte <> - INTEL_MRTE_HOST_NAME=pop-os-pk
174 [131221073946176] INFO perfrun.mrte <> - JAVA_TOOL_OPTIONS=-agentlib:advixe_tpssmrte_javaprof_1.0 -Dsun.boot.library.path=/opt/intel/oneapi/advisor/2024.1/lib32/runtime:/opt/intel/oneapi/advisor/2024.1/lib64/runtime
174 [131221073946176] INFO perfrun.mrte <> - LD_LIBRARY_PATH=/opt/intel/oneapi/advisor/2024.1/lib32/runtime:/opt/intel/oneapi/advisor/2024.1/lib64/runtime
174 [131221073946176] INFO perfrun.mrte <> - Data directory: /home/popos/Desktop/SPP_2D_convolution/big-board-2d-convolution-codepk37/src/e000/hs005/data.0
174 [131221073946176] INFO perfrun.mrte <> - Mrte plugin is initialized
174 [131221073946176] INFO perfrun.launcher <> - plugin [] was disabled because it doesn't support the given collection type.
174 [131221073946176] INFO perfrun.launcher <> - plugin [] was disabled because it doesn't support the given collection type.
174 [131221073946176] INFO perfrun.launcher <> - plugin [] was disabled because it doesn't support the given collection type.
174 [131221073946176] INFO perfrun.launcher <> - plugin [] was disabled because it doesn't support the given collection type.
174 [131221073946176] INFO perfrun.launcher <> - plugin [] was disabled because it doesn't support the given collection type.
174 [131221073946176] INFO perfrun.launcher <> - plugin [] was disabled because it doesn't support the given collection type.
174 [131221073946176] INFO perfrun.launcher <> - plugin [] was disabled because it doesn't support the given collection type.
174 [131221073946176] INFO perfrun.tpss <> - initialize tpss controller
174 [131221073946176] INFO perfrun.tpss <> - configure collection mode: value = cpu:stack
175 [131221073946176] INFO perfrun.tpss <> - default obj-size-min=1024
175 [131221073946176] INFO perfrun.tpss <> - default hash-table-size=0
175 [131221073946176] INFO perfrun.launcher <> - plugin [] was disabled because it doesn't support the given collection type.
175 [131221073946176] INFO perfrun.launcher <> - plugin [] was disabled because it doesn't support the given collection type.
175 [131221073946176] INFO perfrun.launcher <> - plugin [] was disabled because it doesn't support the given collection type.
175 [131221073946176] INFO perfrun.launcher <> - plugin [] was disabled because it doesn't support the given collection type.
175 [131221073946176] INFO perfrun.launcher <> - plugin [] was disabled because it doesn't support the given collection type.
175 [131221073946176] INFO perfrun.launcher <> - plugin [] was disabled because it doesn't support the given collection type.
175 [131221073946176] INFO perfrun.launcher <> - plugin [] was disabled because it doesn't support the given collection type.
175 [131221073946176] INFO perfrun.launcher <> - plugin [] was disabled because it doesn't support the given collection type.
175 [131221073946176] INFO perfrun.launcher <> - plugin [] was disabled because it doesn't support the given collection type.
175 [131221229582272] INFO perfrun.launcher <> - set environment variable: LD_LIBRARY_PATH = /opt/intel/oneapi/advisor/2024.1/lib32/runtime:/opt/intel/oneapi/advisor/2024.1/lib64/runtime
175 [131221229582272] INFO perfrun.launcher <> - set environment variable: INTEL_LIBITTNOTIFY32 = /opt/intel/oneapi/advisor/2024.1/lib32/runtime/libittnotify_collector.so
175 [131221229582272] INFO perfrun.launcher <> - set environment variable: INTEL_LIBITTNOTIFY64 = /opt/intel/oneapi/advisor/2024.1/lib64/runtime/libittnotify_collector.so
175 [131221229582272] INFO perfrun.launcher <> - set environment variable: INTEL_ITTNOTIFY_GROUPS = 
175 [131221229582272] INFO perfrun.launcher <> - set environment variable: INTEL_JIT_PROFILER32 = /opt/intel/oneapi/advisor/2024.1/lib32/runtime/libittnotify_collector.so
175 [131221229582272] INFO perfrun.launcher <> - set environment variable: INTEL_JIT_PROFILER64 = /opt/intel/oneapi/advisor/2024.1/lib64/runtime/libittnotify_collector.so
175 [131221229582272] INFO perfrun.launcher <> - set environment variable: ENABLE_JITPROFILING = 1
175 [131221229582272] INFO perfrun.launcher <> - set environment variable: CL_CONFIG_USE_VTUNE = True
175 [131221229582272] INFO perfrun.launcher <> - set environment variable: KMP_FORKJOIN_FRAMES = 0
175 [131221229582272] INFO perfrun.launcher <> - set environment variable: KMP_FORKJOIN_FRAMES_MODE = 0
175 [131221229582272] INFO perfrun.launcher <> - set environment variable: INTEL_MRTE_DATA_DIR = /home/popos/Desktop/SPP_2D_convolution/big-board-2d-convolution-codepk37/src/e000/hs005/data.0
175 [131221229582272] INFO perfrun.launcher <> - set environment variable: INTEL_MRTE_HOST_NAME = pop-os-pk
175 [131221229582272] INFO perfrun.launcher <> - set environment variable: JAVA_TOOL_OPTIONS = -agentlib:advixe_tpssmrte_javaprof_1.0 -Dsun.boot.library.path=/opt/intel/oneapi/advisor/2024.1/lib32/runtime:/opt/intel/oneapi/advisor/2024.1/lib64/runtime
175 [131221229582272] INFO perfrun.launcher <> - set environment variable: LD_LIBRARY_PATH = /opt/intel/oneapi/advisor/2024.1/lib32/runtime:/opt/intel/oneapi/advisor/2024.1/lib64/runtime
175 [131221229582272] INFO perfrun.launcher <> - RpcServer: run RPC server to handle requests
176 [131221229582272] INFO perfrun.launcher <> - Launcher: command line to start before modification = ./a.out
176 [131221229582272] INFO perfrun.launcher <> - Launcher: command line to start after modification = /opt/intel/oneapi/advisor/2024.1/bin64/pin -error_file /home/popos/Desktop/SPP_2D_convolution/big-board-2d-convolution-codepk37/src/e000/hs005/data.0/pinerr.tpsslog -detach_reattach -follow_execv -tool_load_option deepbind -t64 /opt/intel/oneapi/advisor/2024.1/lib64/libtpsstool.so -t /opt/intel/oneapi/advisor/2024.1/lib32/libtpsstool.so -server_name tpss_ipc.54861 -prd_dir /opt/intel/oneapi/advisor/2024.1 -- ./a.out
176 [131221229582272] INFO perfrun.launcher <> - ProcessCreator object was created
177 [131221229582272] INFO perfrun.launcher <> - Launcher: the process was started in suspend mode
178 [131221073946176] WARN perfrun.system <> - Could not do anything with /sys/kernel/debug/kvm: boost::filesystem::status: Permission denied [system:13]: "/sys/kernel/debug/kvm", at file: vcs/perfrun1/plugins/system/src/trace_writer.cpp:787
178 [131221073946176] WARN perfrun.system <> - Folder "/var/run/libvirt/qemu/"doesn't exist, at file: vcs/perfrun1/plugins/system/src/trace_writer.cpp:800
179 [131221073946176] WARN perfrun.sdk <> - Failed to find xl binary on any of the system paths: /bin, /sbin, /usr/bin, /usr/sbin., at file: vcs/perfrun1/sdk/src/utils.cpp:204
184 [131221073946176] INFO perfrun.vdso <> - Helper runtool '/opt/intel/oneapi/advisor/2024.1/bin32/advixe-runss -dump-vdso -r /home/popos/Desktop/SPP_2D_convolution/big-board-2d-convolution-codepk37/src/e000/hs005 --tmp-dir /tmp/advixe-tmp-popos' returned 1
237 [131221073946176] INFO perfrun.vdso <> - Helper runtool '/opt/intel/oneapi/advisor/2024.1/bin64/advixe-runss -dump-vdso -r /home/popos/Desktop/SPP_2D_convolution/big-board-2d-convolution-codepk37/src/e000/hs005 --tmp-dir /tmp/advixe-tmp-popos' returned 0
238 [131221073946176] INFO perfrun.itt <> - start itt controller for pid #54866
238 [131221073946176] INFO perfrun.tpss <> - start tpss controller for pid #54866
288 [131221229582272] INFO perfrun.launcher <> - Launcher: all plugins were started
288 [131221229582272] INFO perfrun.launcher <> - DirectoryMonitor object was created
288 [131221229582272] INFO perfrun.launcher <> - DirectoryMonitor: a callback was added
288 [131221229582272] INFO perfrun.launcher <> - DirectoryMonitor was started with pingTime = 1000
288 [131221229582272] INFO perfrun.launcher <> - DeadlineTimer is going to be constructed
288 [131221229582272] INFO perfrun.launcher <> - DeadlineTimer: a callback was added
292 [131221229582272] INFO perfrun.launcher <> - Launcher: resume the profiled application and  wait its termination or stop command
504 [131221229582272] INFO perfrun.launcher <> - Launcher: the profiled application was terminated  with exit code = 0
507 [131221073946176] INFO perfrun.itt <> - detach itt controller
507 [131221073946176] INFO perfrun.itt <> - detach itt controller done
507 [131221073946176] INFO perfrun.tpss <> - stop tpss controller
507 [131221073946176] INFO perfrun.sdk <> - De-allocating TMU: /home/popos/Desktop/SPP_2D_convolution/big-board-2d-convolution-codepk37/src/e000/hs005/data.0/systemcollector-54861-pop-os-pk.sc
508 [131221073946176] INFO perfrun.system <> - closed the system trace file: /home/popos/Desktop/SPP_2D_convolution/big-board-2d-convolution-codepk37/src/e000/hs005/data.0/systemcollector-54861-pop-os-pk.sc
508 [131221229582272] INFO perfrun.launcher <> - Launcher: all plugins were stopped.
508 [131221229582272] INFO perfrun.launcher <> - DeadlineTimer is going to be destroyed
508 [131221229582272] INFO perfrun.launcher <> - DeadlineTimer was destroyed
508 [131221229582272] INFO perfrun.launcher <> - DirectoryMonitor object was destroyed
508 [131221229582272] WARN perfrun.launcher <> - Stop command is ignored because it is received when collection is already stopped, at file: vcs/perfrun1/launcher/src/command_handler.cpp:226
508 [131221229582272] INFO perfrun.launcher <> - Application exit code: 0
508 [131221229582272] INFO perfrun.launcher <> - Exit code: 0
