<?xml version="1.0" encoding="utf-8"?>
<log version="1.0" tool="runtool">

<msg id="1" tool="runtool">
  <type>log-start</type>
  <arg>2024/04/11 16:42:32</arg>
</msg>
<msg id="2" tool="runtool">
  <type>log-end</type>
  <arg>2024/04/11 16:42:33</arg>
</msg>

</log>

<?xml version="1.0" encoding="utf-8"?>
<log version="1.0" tool="runtool">

<msg id="1" tool="runtool">
  <type>log-start</type>
  <arg>2024/04/11 16:43:14</arg>
</msg>
<msg id="2" tool="runtool">
  <type>log-end</type>
  <arg>2024/04/11 16:43:15</arg>
</msg>

</log>

<?xml version="1.0" encoding="utf-8"?>
<log version="1.0" tool="runtool">

<msg id="1" tool="runtool">
  <type>log-start</type>
  <arg>2024/04/11 16:43:15</arg>
</msg>
<msg id="2" tool="runtool">
  <type>log-end</type>
  <arg>2024/04/11 16:43:16</arg>
</msg>

</log>

