<?xml version="1.0" encoding="utf-8" ?>
<!-- DO NOT EDIT THIS FILE -->

<log version='2.0' source='trc'>
	<msg id='1' display='false' source='trc'>
		<type>PROCESS_START</type>
		<severity>INFO</severity>
		<timestamp>Thu Apr 11 13:03:51 2024</timestamp>
		<arg name='process'>/usr/bin/cmake</arg>
		<arg name='pid'>90320</arg>
	</msg>
	<!-- Instrumentation filter's state:
    Patterns applicability:
        Generic loop pattern.....................: enabled
        Generic loop pattern (with dynamic jumps): enabled
        Known trip value loop pattern............: enabled
        Runtime final value loop pattern.........: enabled
        No initial IV loop pattern...............: enabled
        IV step only loop pattern................: enabled
        No entry loop pattern....................: enabled
    Clustered memory model (CMM) applicability:
        Generic loop pattern.....................: enabled
        Generic loop pattern (with dynamic jumps): enabled
        Known trip value loop pattern............: enabled
        Runtime final value loop pattern.........: enabled
        No initial IV loop pattern...............: enabled
        IV step only loop pattern................: enabled
        No entry loop pattern....................: disabled
 -->
	<!-- Callstack mode:
    filter modules.........: true
    filter routines........: true
    count loops............: true
    count flops............: true
    trace..................: false
    extended trace.........: false
    omp trace..............: false
    jit trace..............: false
    failures trace.........: false
    dump raw...............: false
    dump final.............: false
    dump all...............: false
    stack stitching........: true
    stl profiling..........: true
    aggressive frame switch: true
    unwind frame exit......: true
    analyze child loops....: true
 -->
	<!-- Managed application profiling: -->
	<!-- 	State...................: enabled -->
	<!-- Gpu Profiling: -->
	<!-- 	State  : disabled -->
	<!-- 	Filter : * -->
	<!-- 	GPUs   : 0:0:2.0 -->
	<!-- 	Options:  -->
	<!-- Creating caches according to description: 4:48k:12w/1280k:20w/1:8192k:8w -->
	<!-- Created cache simulator with the following features: set locker, random set sampler, fast random set mapper, bb attribution, default tag, empty feature with size 8388608, associativity 8, and sampling 0.100000 -->
	<!-- Created cache simulator with the following features: empty feature, random set sampler, fast random set mapper, bb attribution, default tag, empty feature with size 1310720, associativity 20, and sampling 0.100000 -->
	<!-- Created cache simulator with the following features: empty feature, random set sampler, fast random set mapper, bb attribution, default tag, empty feature with size 1310720, associativity 20, and sampling 0.100000 -->
	<!-- Created cache simulator with the following features: empty feature, random set sampler, fast random set mapper, bb attribution, default tag, empty feature with size 1310720, associativity 20, and sampling 0.100000 -->
	<!-- Created cache simulator with the following features: empty feature, random set sampler, fast random set mapper, bb attribution, default tag, empty feature with size 1310720, associativity 20, and sampling 0.100000 -->
	<!-- Created cache simulator with the following features: empty feature, random set sampler, fast random set mapper, bb attribution, default tag, empty feature with size 49152, associativity 12, and sampling 0.100000 -->
	<!-- Created cache simulator with the following features: empty feature, random set sampler, fast random set mapper, bb attribution, default tag, empty feature with size 49152, associativity 12, and sampling 0.100000 -->
	<!-- Created cache simulator with the following features: empty feature, random set sampler, fast random set mapper, bb attribution, default tag, empty feature with size 49152, associativity 12, and sampling 0.100000 -->
	<!-- Created cache simulator with the following features: empty feature, random set sampler, fast random set mapper, bb attribution, default tag, empty feature with size 49152, associativity 12, and sampling 0.100000 -->
	<!-- Cache hierarchy created. Status=success -->
	<msg id='2' display='false' source='trc'>
		<type>PROCESS_ANALYSIS_MODE</type>
		<severity>INFO</severity>
		<timestamp>Thu Apr 11 13:03:51 2024</timestamp>
		<arg name='mode'>full</arg>
	</msg>
	<!-- Update image info for [1:0x5C749CAED000:NN] /usr/bin/cmake -->
	<msg id='3' display='false' source='trc'>
		<type>LOAD_MODULE</type>
		<severity>INFO</severity>
		<timestamp>Thu Apr 11 13:03:51 2024</timestamp>
		<arg name='module'>/usr/bin/cmake</arg>
		<arg name='basement'>0x5c749caed000</arg>
		<arg name='ceiling'>0x5c749d165a27</arg>
		<arg name='symtab'>no</arg>
	</msg>
	<!-- Instrumentation of /usr/bin/cmake image skipped because of filter conditions [cs-mode]. -->
	<!-- Update image info for [2:0x797E66EC7000:NN] /lib64/ld-linux-x86-64.so.2 -->
	<msg id='4' display='false' source='trc'>
		<type>LOAD_MODULE</type>
		<severity>INFO</severity>
		<timestamp>Thu Apr 11 13:03:51 2024</timestamp>
		<arg name='module'>/lib64/ld-linux-x86-64.so.2</arg>
		<arg name='basement'>0x797e66ec7000</arg>
		<arg name='ceiling'>0x797e66f022d7</arg>
		<arg name='symtab'>no</arg>
	</msg>
	<!-- Instrumentation of /lib64/ld-linux-x86-64.so.2 image skipped because of filter conditions [cs-mode]. -->
	<!-- Update image info for [3:0x7FFC9AFC9000:NN] [vdso] -->
	<msg id='5' display='false' source='trc'>
		<type>LOAD_MODULE</type>
		<severity>INFO</severity>
		<timestamp>Thu Apr 11 13:03:51 2024</timestamp>
		<arg name='module'>[vdso]</arg>
		<arg name='basement'>0x7ffc9afc9000</arg>
		<arg name='ceiling'>0x7ffc9afca0aa</arg>
		<arg name='symtab'>no</arg>
	</msg>
	<!-- Instrumentation of [vdso] image skipped because of filter conditions [cs-mode]. -->
	<!-- Update image info for [4:0x797E51569000:NN] /lib/x86_64-linux-gnu/libz.so.1 -->
	<msg id='6' display='false' source='trc'>
		<type>LOAD_MODULE</type>
		<severity>INFO</severity>
		<timestamp>Thu Apr 11 13:03:51 2024</timestamp>
		<arg name='module'>/lib/x86_64-linux-gnu/libz.so.1</arg>
		<arg name='basement'>0x797e51569000</arg>
		<arg name='ceiling'>0x797e515840b7</arg>
		<arg name='symtab'>no</arg>
	</msg>
	<!-- Instrumentation of /lib/x86_64-linux-gnu/libz.so.1 image skipped because of filter conditions [cs-mode]. -->
	<!-- Update image info for [5:0x797E5139B000:NN] /lib/x86_64-linux-gnu/libarchive.so.13 -->
	<msg id='7' display='false' source='trc'>
		<type>LOAD_MODULE</type>
		<severity>INFO</severity>
		<timestamp>Thu Apr 11 13:03:51 2024</timestamp>
		<arg name='module'>/lib/x86_64-linux-gnu/libarchive.so.13</arg>
		<arg name='basement'>0x797e5139b000</arg>
		<arg name='ceiling'>0x797e51464687</arg>
		<arg name='symtab'>no</arg>
	</msg>
	<!-- Instrumentation of /lib/x86_64-linux-gnu/libarchive.so.13 image skipped because of filter conditions [cs-mode]. -->
	<!-- Update image info for [6:0x797E512F4000:NN] /lib/x86_64-linux-gnu/libcurl.so.4 -->
	<msg id='8' display='false' source='trc'>
		<type>LOAD_MODULE</type>
		<severity>INFO</severity>
		<timestamp>Thu Apr 11 13:03:51 2024</timestamp>
		<arg name='module'>/lib/x86_64-linux-gnu/libcurl.so.4</arg>
		<arg name='basement'>0x797e512f4000</arg>
		<arg name='ceiling'>0x797e5139a367</arg>
		<arg name='symtab'>no</arg>
	</msg>
	<!-- Instrumentation of /lib/x86_64-linux-gnu/libcurl.so.4 image skipped because of filter conditions [cs-mode]. -->
	<!-- Update image info for [7:0x797E512BF000:NN] /lib/x86_64-linux-gnu/libjsoncpp.so.25 -->
	<msg id='9' display='false' source='trc'>
		<type>LOAD_MODULE</type>
		<severity>INFO</severity>
		<timestamp>Thu Apr 11 13:03:51 2024</timestamp>
		<arg name='module'>/lib/x86_64-linux-gnu/libjsoncpp.so.25</arg>
		<arg name='basement'>0x797e512bf000</arg>
		<arg name='ceiling'>0x797e512f32a7</arg>
		<arg name='symtab'>no</arg>
	</msg>
	<!-- Instrumentation of /lib/x86_64-linux-gnu/libjsoncpp.so.25 image skipped because of filter conditions [cs-mode]. -->
	<!-- Update image info for [8:0x797E5128D000:NN] /lib/x86_64-linux-gnu/libuv.so.1 -->
	<msg id='10' display='false' source='trc'>
		<type>LOAD_MODULE</type>
		<severity>INFO</severity>
		<timestamp>Thu Apr 11 13:03:51 2024</timestamp>
		<arg name='module'>/lib/x86_64-linux-gnu/libuv.so.1</arg>
		<arg name='basement'>0x797e5128d000</arg>
		<arg name='ceiling'>0x797e512be6cf</arg>
		<arg name='symtab'>no</arg>
	</msg>
	<!-- Instrumentation of /lib/x86_64-linux-gnu/libuv.so.1 image skipped because of filter conditions [cs-mode]. -->
	<!-- Update image info for [9:0x797E51259000:NN] /lib/x86_64-linux-gnu/librhash.so.0 -->
	<msg id='11' display='false' source='trc'>
		<type>LOAD_MODULE</type>
		<severity>INFO</severity>
		<timestamp>Thu Apr 11 13:03:51 2024</timestamp>
		<arg name='module'>/lib/x86_64-linux-gnu/librhash.so.0</arg>
		<arg name='basement'>0x797e51259000</arg>
		<arg name='ceiling'>0x797e5128c46f</arg>
		<arg name='symtab'>no</arg>
	</msg>
	<!-- Instrumentation of /lib/x86_64-linux-gnu/librhash.so.0 image skipped because of filter conditions [cs-mode]. -->
	<!-- Update image info for [10:0x797E51000000:NN] /lib/x86_64-linux-gnu/libstdc++.so.6 -->
	<msg id='12' display='false' source='trc'>
		<type>LOAD_MODULE</type>
		<severity>INFO</severity>
		<timestamp>Thu Apr 11 13:03:51 2024</timestamp>
		<arg name='module'>/lib/x86_64-linux-gnu/libstdc++.so.6</arg>
		<arg name='basement'>0x797e51000000</arg>
		<arg name='ceiling'>0x797e5122b8bf</arg>
		<arg name='symtab'>no</arg>
	</msg>
	<!-- Instrumentation of /lib/x86_64-linux-gnu/libstdc++.so.6 image skipped because of filter conditions [cs-mode]. -->
	<!-- Update image info for [11:0x797E50F19000:NN] /lib/x86_64-linux-gnu/libm.so.6 -->
	<msg id='13' display='false' source='trc'>
		<type>LOAD_MODULE</type>
		<severity>INFO</severity>
		<timestamp>Thu Apr 11 13:03:51 2024</timestamp>
		<arg name='module'>/lib/x86_64-linux-gnu/libm.so.6</arg>
		<arg name='basement'>0x797e50f19000</arg>
		<arg name='ceiling'>0x797e50fff107</arg>
		<arg name='symtab'>no</arg>
	</msg>
	<!-- Instrumentation of /lib/x86_64-linux-gnu/libm.so.6 image skipped because of filter conditions [cs-mode]. -->
	<!-- Update image info for [12:0x797E51238000:NN] /lib/x86_64-linux-gnu/libgcc_s.so.1 -->
	<msg id='14' display='false' source='trc'>
		<type>LOAD_MODULE</type>
		<severity>INFO</severity>
		<timestamp>Thu Apr 11 13:03:51 2024</timestamp>
		<arg name='module'>/lib/x86_64-linux-gnu/libgcc_s.so.1</arg>
		<arg name='basement'>0x797e51238000</arg>
		<arg name='ceiling'>0x797e512572e7</arg>
		<arg name='symtab'>no</arg>
	</msg>
	<!-- Instrumentation of /lib/x86_64-linux-gnu/libgcc_s.so.1 image skipped because of filter conditions [cs-mode]. -->
	<!-- Update image info for [13:0x797E50C00000:NN] /lib/x86_64-linux-gnu/libc.so.6 -->
	<msg id='15' display='false' source='trc'>
		<type>LOAD_MODULE</type>
		<severity>INFO</severity>
		<timestamp>Thu Apr 11 13:03:51 2024</timestamp>
		<arg name='module'>/lib/x86_64-linux-gnu/libc.so.6</arg>
		<arg name='basement'>0x797e50c00000</arg>
		<arg name='ceiling'>0x797e50e28e4f</arg>
		<arg name='symtab'>no</arg>
	</msg>
	<!-- Instrumentation of /lib/x86_64-linux-gnu/libc.so.6 image skipped because of filter conditions. -->
	<!-- Update image info for [14:0x797E50E72000:NN] /lib/x86_64-linux-gnu/libnettle.so.8 -->
	<msg id='16' display='false' source='trc'>
		<type>LOAD_MODULE</type>
		<severity>INFO</severity>
		<timestamp>Thu Apr 11 13:03:51 2024</timestamp>
		<arg name='module'>/lib/x86_64-linux-gnu/libnettle.so.8</arg>
		<arg name='basement'>0x797e50e72000</arg>
		<arg name='ceiling'>0x797e50eb70d7</arg>
		<arg name='symtab'>no</arg>
	</msg>
	<!-- Instrumentation of /lib/x86_64-linux-gnu/libnettle.so.8 image skipped because of filter conditions [cs-mode]. -->
	<!-- Update image info for [15:0x797E50E68000:NN] /lib/x86_64-linux-gnu/libacl.so.1 -->
	<msg id='17' display='false' source='trc'>
		<type>LOAD_MODULE</type>
		<severity>INFO</severity>
		<timestamp>Thu Apr 11 13:03:51 2024</timestamp>
		<arg name='module'>/lib/x86_64-linux-gnu/libacl.so.1</arg>
		<arg name='basement'>0x797e50e68000</arg>
		<arg name='ceiling'>0x797e50e7101f</arg>
		<arg name='symtab'>no</arg>
	</msg>
	<!-- Instrumentation of /lib/x86_64-linux-gnu/libacl.so.1 image skipped because of filter conditions [cs-mode]. -->
	<!-- Update image info for [16:0x797E50E35000:NN] /lib/x86_64-linux-gnu/liblzma.so.5 -->
	<msg id='18' display='false' source='trc'>
		<type>LOAD_MODULE</type>
		<severity>INFO</severity>
		<timestamp>Thu Apr 11 13:03:51 2024</timestamp>
		<arg name='module'>/lib/x86_64-linux-gnu/liblzma.so.5</arg>
		<arg name='basement'>0x797e50e35000</arg>
		<arg name='ceiling'>0x797e50e67017</arg>
		<arg name='symtab'>no</arg>
	</msg>
	<!-- Instrumentation of /lib/x86_64-linux-gnu/liblzma.so.5 image skipped because of filter conditions [cs-mode]. -->
	<!-- Update image info for [17:0x797E50B31000:NN] /lib/x86_64-linux-gnu/libzstd.so.1 -->
	<msg id='19' display='false' source='trc'>
		<type>LOAD_MODULE</type>
		<severity>INFO</severity>
		<timestamp>Thu Apr 11 13:03:51 2024</timestamp>
		<arg name='module'>/lib/x86_64-linux-gnu/libzstd.so.1</arg>
		<arg name='basement'>0x797e50b31000</arg>
		<arg name='ceiling'>0x797e50bff037</arg>
		<arg name='symtab'>no</arg>
	</msg>
	<!-- Instrumentation of /lib/x86_64-linux-gnu/libzstd.so.1 image skipped because of filter conditions [cs-mode]. -->
	<!-- Update image info for [18:0x797E50B11000:NN] /lib/x86_64-linux-gnu/liblz4.so.1 -->
	<msg id='20' display='false' source='trc'>
		<type>LOAD_MODULE</type>
		<severity>INFO</severity>
		<timestamp>Thu Apr 11 13:03:51 2024</timestamp>
		<arg name='module'>/lib/x86_64-linux-gnu/liblz4.so.1</arg>
		<arg name='basement'>0x797e50b11000</arg>
		<arg name='ceiling'>0x797e50b3005f</arg>
		<arg name='symtab'>no</arg>
	</msg>
	<!-- Instrumentation of /lib/x86_64-linux-gnu/liblz4.so.1 image skipped because of filter conditions [cs-mode]. -->
	<!-- Update image info for [19:0x797E50AFE000:NN] /lib/x86_64-linux-gnu/libbz2.so.1.0 -->
	<msg id='21' display='false' source='trc'>
		<type>LOAD_MODULE</type>
		<severity>INFO</severity>
		<timestamp>Thu Apr 11 13:03:51 2024</timestamp>
		<arg name='module'>/lib/x86_64-linux-gnu/libbz2.so.1.0</arg>
		<arg name='basement'>0x797e50afe000</arg>
		<arg name='ceiling'>0x797e50b10c27</arg>
		<arg name='symtab'>no</arg>
	</msg>
	<!-- Instrumentation of /lib/x86_64-linux-gnu/libbz2.so.1.0 image skipped because of filter conditions [cs-mode]. -->
	<!-- Update image info for [20:0x797E5091C000:NN] /lib/x86_64-linux-gnu/libxml2.so.2 -->
	<msg id='22' display='false' source='trc'>
		<type>LOAD_MODULE</type>
		<severity>INFO</severity>
		<timestamp>Thu Apr 11 13:03:51 2024</timestamp>
		<arg name='module'>/lib/x86_64-linux-gnu/libxml2.so.2</arg>
		<arg name='basement'>0x797e5091c000</arg>
		<arg name='ceiling'>0x797e50afddd7</arg>
		<arg name='symtab'>no</arg>
	</msg>
	<!-- Instrumentation of /lib/x86_64-linux-gnu/libxml2.so.2 image skipped because of filter conditions [cs-mode]. -->
	<!-- Update image info for [21:0x797E508D1000:NN] /lib/x86_64-linux-gnu/libnghttp2.so.14 -->
	<msg id='23' display='false' source='trc'>
		<type>LOAD_MODULE</type>
		<severity>INFO</severity>
		<timestamp>Thu Apr 11 13:03:51 2024</timestamp>
		<arg name='module'>/lib/x86_64-linux-gnu/libnghttp2.so.14</arg>
		<arg name='basement'>0x797e508d1000</arg>
		<arg name='ceiling'>0x797e508fa10f</arg>
		<arg name='symtab'>no</arg>
	</msg>
	<!-- Instrumentation of /lib/x86_64-linux-gnu/libnghttp2.so.14 image skipped because of filter conditions [cs-mode]. -->
	<!-- Update image info for [22:0x797E508B0000:NN] /lib/x86_64-linux-gnu/libidn2.so.0 -->
	<msg id='24' display='false' source='trc'>
		<type>LOAD_MODULE</type>
		<severity>INFO</severity>
		<timestamp>Thu Apr 11 13:03:51 2024</timestamp>
		<arg name='module'>/lib/x86_64-linux-gnu/libidn2.so.0</arg>
		<arg name='basement'>0x797e508b0000</arg>
		<arg name='ceiling'>0x797e508d000f</arg>
		<arg name='symtab'>no</arg>
	</msg>
	<!-- Instrumentation of /lib/x86_64-linux-gnu/libidn2.so.0 image skipped because of filter conditions [cs-mode]. -->
	<!-- Update image info for [23:0x797E50870000:NN] /lib/x86_64-linux-gnu/librtmp.so.1 -->
	<msg id='25' display='false' source='trc'>
		<type>LOAD_MODULE</type>
		<severity>INFO</severity>
		<timestamp>Thu Apr 11 13:03:51 2024</timestamp>
		<arg name='module'>/lib/x86_64-linux-gnu/librtmp.so.1</arg>
		<arg name='basement'>0x797e50870000</arg>
		<arg name='ceiling'>0x797e5088e3af</arg>
		<arg name='symtab'>no</arg>
	</msg>
	<!-- Instrumentation of /lib/x86_64-linux-gnu/librtmp.so.1 image skipped because of filter conditions [cs-mode]. -->
	<!-- Update image info for [24:0x797E50803000:NN] /lib/x86_64-linux-gnu/libssh.so.4 -->
	<msg id='26' display='false' source='trc'>
		<type>LOAD_MODULE</type>
		<severity>INFO</severity>
		<timestamp>Thu Apr 11 13:03:51 2024</timestamp>
		<arg name='module'>/lib/x86_64-linux-gnu/libssh.so.4</arg>
		<arg name='basement'>0x797e50803000</arg>
		<arg name='ceiling'>0x797e5086f5df</arg>
		<arg name='symtab'>no</arg>
	</msg>
	<!-- Instrumentation of /lib/x86_64-linux-gnu/libssh.so.4 image skipped because of filter conditions [cs-mode]. -->
	<!-- Update image info for [25:0x797E507EF000:NN] /lib/x86_64-linux-gnu/libpsl.so.5 -->
	<msg id='27' display='false' source='trc'>
		<type>LOAD_MODULE</type>
		<severity>INFO</severity>
		<timestamp>Thu Apr 11 13:03:51 2024</timestamp>
		<arg name='module'>/lib/x86_64-linux-gnu/libpsl.so.5</arg>
		<arg name='basement'>0x797e507ef000</arg>
		<arg name='ceiling'>0x797e5080200f</arg>
		<arg name='symtab'>no</arg>
	</msg>
	<!-- Instrumentation of /lib/x86_64-linux-gnu/libpsl.so.5 image skipped because of filter conditions [cs-mode]. -->
	<!-- Update image info for [26:0x797E5072A000:NN] /lib/x86_64-linux-gnu/libssl.so.3 -->
	<msg id='28' display='false' source='trc'>
		<type>LOAD_MODULE</type>
		<severity>INFO</severity>
		<timestamp>Thu Apr 11 13:03:51 2024</timestamp>
		<arg name='module'>/lib/x86_64-linux-gnu/libssl.so.3</arg>
		<arg name='basement'>0x797e5072a000</arg>
		<arg name='ceiling'>0x797e507cd7ef</arg>
		<arg name='symtab'>no</arg>
	</msg>
	<!-- Instrumentation of /lib/x86_64-linux-gnu/libssl.so.3 image skipped because of filter conditions [cs-mode]. -->
	<!-- Update image info for [27:0x797E50200000:NN] /lib/x86_64-linux-gnu/libcrypto.so.3 -->
	<msg id='29' display='false' source='trc'>
		<type>LOAD_MODULE</type>
		<severity>INFO</severity>
		<timestamp>Thu Apr 11 13:03:51 2024</timestamp>
		<arg name='module'>/lib/x86_64-linux-gnu/libcrypto.so.3</arg>
		<arg name='basement'>0x797e50200000</arg>
		<arg name='ceiling'>0x797e506424bf</arg>
		<arg name='symtab'>no</arg>
	</msg>
	<!-- Instrumentation of /lib/x86_64-linux-gnu/libcrypto.so.3 image skipped because of filter conditions [cs-mode]. -->
	<!-- Update image info for [28:0x797E506D6000:NN] /lib/x86_64-linux-gnu/libgssapi_krb5.so.2 -->
	<msg id='30' display='false' source='trc'>
		<type>LOAD_MODULE</type>
		<severity>INFO</severity>
		<timestamp>Thu Apr 11 13:03:51 2024</timestamp>
		<arg name='module'>/lib/x86_64-linux-gnu/libgssapi_krb5.so.2</arg>
		<arg name='basement'>0x797e506d6000</arg>
		<arg name='ceiling'>0x797e507293df</arg>
		<arg name='symtab'>no</arg>
	</msg>
	<!-- Instrumentation of /lib/x86_64-linux-gnu/libgssapi_krb5.so.2 image skipped because of filter conditions [cs-mode]. -->
	<!-- Update image info for [29:0x797E50677000:NN] /lib/x86_64-linux-gnu/libldap-2.5.so.0 -->
	<msg id='31' display='false' source='trc'>
		<type>LOAD_MODULE</type>
		<severity>INFO</severity>
		<timestamp>Thu Apr 11 13:03:51 2024</timestamp>
		<arg name='module'>/lib/x86_64-linux-gnu/libldap-2.5.so.0</arg>
		<arg name='basement'>0x797e50677000</arg>
		<arg name='ceiling'>0x797e506d5b5f</arg>
		<arg name='symtab'>no</arg>
	</msg>
	<!-- Instrumentation of /lib/x86_64-linux-gnu/libldap-2.5.so.0 image skipped because of filter conditions [cs-mode]. -->
	<!-- Update image info for [30:0x797E50666000:NN] /lib/x86_64-linux-gnu/liblber-2.5.so.0 -->
	<msg id='32' display='false' source='trc'>
		<type>LOAD_MODULE</type>
		<severity>INFO</severity>
		<timestamp>Thu Apr 11 13:03:51 2024</timestamp>
		<arg name='module'>/lib/x86_64-linux-gnu/liblber-2.5.so.0</arg>
		<arg name='basement'>0x797e50666000</arg>
		<arg name='ceiling'>0x797e506761a7</arg>
		<arg name='symtab'>no</arg>
	</msg>
	<!-- Instrumentation of /lib/x86_64-linux-gnu/liblber-2.5.so.0 image skipped because of filter conditions [cs-mode]. -->
	<!-- Update image info for [31:0x797E50658000:NN] /lib/x86_64-linux-gnu/libbrotlidec.so.1 -->
	<msg id='33' display='false' source='trc'>
		<type>LOAD_MODULE</type>
		<severity>INFO</severity>
		<timestamp>Thu Apr 11 13:03:51 2024</timestamp>
		<arg name='module'>/lib/x86_64-linux-gnu/libbrotlidec.so.1</arg>
		<arg name='basement'>0x797e50658000</arg>
		<arg name='ceiling'>0x797e50665067</arg>
		<arg name='symtab'>no</arg>
	</msg>
	<!-- Instrumentation of /lib/x86_64-linux-gnu/libbrotlidec.so.1 image skipped because of filter conditions [cs-mode]. -->
	<!-- Update image info for [32:0x797E50005000:NN] /lib/x86_64-linux-gnu/libicuuc.so.70 -->
	<msg id='34' display='false' source='trc'>
		<type>LOAD_MODULE</type>
		<severity>INFO</severity>
		<timestamp>Thu Apr 11 13:03:51 2024</timestamp>
		<arg name='module'>/lib/x86_64-linux-gnu/libicuuc.so.70</arg>
		<arg name='basement'>0x797e50005000</arg>
		<arg name='ceiling'>0x797e501ff2df</arg>
		<arg name='symtab'>no</arg>
	</msg>
	<!-- Instrumentation of /lib/x86_64-linux-gnu/libicuuc.so.70 image skipped because of filter conditions [cs-mode]. -->
	<!-- Update image info for [33:0x797E4FE5B000:NN] /lib/x86_64-linux-gnu/libunistring.so.2 -->
	<msg id='35' display='false' source='trc'>
		<type>LOAD_MODULE</type>
		<severity>INFO</severity>
		<timestamp>Thu Apr 11 13:03:51 2024</timestamp>
		<arg name='module'>/lib/x86_64-linux-gnu/libunistring.so.2</arg>
		<arg name='basement'>0x797e4fe5b000</arg>
		<arg name='ceiling'>0x797e500048e7</arg>
		<arg name='symtab'>no</arg>
	</msg>
	<!-- Instrumentation of /lib/x86_64-linux-gnu/libunistring.so.2 image skipped because of filter conditions [cs-mode]. -->
	<!-- Update image info for [34:0x797E4FC70000:NN] /lib/x86_64-linux-gnu/libgnutls.so.30 -->
	<msg id='36' display='false' source='trc'>
		<type>LOAD_MODULE</type>
		<severity>INFO</severity>
		<timestamp>Thu Apr 11 13:03:51 2024</timestamp>
		<arg name='module'>/lib/x86_64-linux-gnu/libgnutls.so.30</arg>
		<arg name='basement'>0x797e4fc70000</arg>
		<arg name='ceiling'>0x797e4fe5a7ff</arg>
		<arg name='symtab'>no</arg>
	</msg>
	<!-- Instrumentation of /lib/x86_64-linux-gnu/libgnutls.so.30 image skipped because of filter conditions [cs-mode]. -->
	<!-- Update image info for [35:0x797E4FC28000:NN] /lib/x86_64-linux-gnu/libhogweed.so.6 -->
	<msg id='37' display='false' source='trc'>
		<type>LOAD_MODULE</type>
		<severity>INFO</severity>
		<timestamp>Thu Apr 11 13:03:51 2024</timestamp>
		<arg name='module'>/lib/x86_64-linux-gnu/libhogweed.so.6</arg>
		<arg name='basement'>0x797e4fc28000</arg>
		<arg name='ceiling'>0x797e4fc6f337</arg>
		<arg name='symtab'>no</arg>
	</msg>
	<!-- Instrumentation of /lib/x86_64-linux-gnu/libhogweed.so.6 image skipped because of filter conditions [cs-mode]. -->
	<!-- Update image info for [36:0x797E4FBA6000:NN] /lib/x86_64-linux-gnu/libgmp.so.10 -->
	<msg id='38' display='false' source='trc'>
		<type>LOAD_MODULE</type>
		<severity>INFO</severity>
		<timestamp>Thu Apr 11 13:03:51 2024</timestamp>
		<arg name='module'>/lib/x86_64-linux-gnu/libgmp.so.10</arg>
		<arg name='basement'>0x797e4fba6000</arg>
		<arg name='ceiling'>0x797e4fc2720f</arg>
		<arg name='symtab'>no</arg>
	</msg>
	<!-- Instrumentation of /lib/x86_64-linux-gnu/libgmp.so.10 image skipped because of filter conditions [cs-mode]. -->
	<!-- Update image info for [37:0x797E4FADB000:NN] /lib/x86_64-linux-gnu/libkrb5.so.3 -->
	<msg id='39' display='false' source='trc'>
		<type>LOAD_MODULE</type>
		<severity>INFO</severity>
		<timestamp>Thu Apr 11 13:03:52 2024</timestamp>
		<arg name='module'>/lib/x86_64-linux-gnu/libkrb5.so.3</arg>
		<arg name='basement'>0x797e4fadb000</arg>
		<arg name='ceiling'>0x797e4fba5c6f</arg>
		<arg name='symtab'>no</arg>
	</msg>
	<!-- Instrumentation of /lib/x86_64-linux-gnu/libkrb5.so.3 image skipped because of filter conditions [cs-mode]. -->
	<!-- Update image info for [38:0x797E4FAAC000:NN] /lib/x86_64-linux-gnu/libk5crypto.so.3 -->
	<msg id='40' display='false' source='trc'>
		<type>LOAD_MODULE</type>
		<severity>INFO</severity>
		<timestamp>Thu Apr 11 13:03:52 2024</timestamp>
		<arg name='module'>/lib/x86_64-linux-gnu/libk5crypto.so.3</arg>
		<arg name='basement'>0x797e4faac000</arg>
		<arg name='ceiling'>0x797e4fada037</arg>
		<arg name='symtab'>no</arg>
	</msg>
	<!-- Instrumentation of /lib/x86_64-linux-gnu/libk5crypto.so.3 image skipped because of filter conditions [cs-mode]. -->
	<!-- Update image info for [39:0x797E5064A000:NN] /lib/x86_64-linux-gnu/libcom_err.so.2 -->
	<msg id='41' display='false' source='trc'>
		<type>LOAD_MODULE</type>
		<severity>INFO</severity>
		<timestamp>Thu Apr 11 13:03:52 2024</timestamp>
		<arg name='module'>/lib/x86_64-linux-gnu/libcom_err.so.2</arg>
		<arg name='basement'>0x797e5064a000</arg>
		<arg name='ceiling'>0x797e5064f047</arg>
		<arg name='symtab'>no</arg>
	</msg>
	<!-- Instrumentation of /lib/x86_64-linux-gnu/libcom_err.so.2 image skipped because of filter conditions [cs-mode]. -->
	<!-- Update image info for [40:0x797E4FA9E000:NN] /lib/x86_64-linux-gnu/libkrb5support.so.0 -->
	<msg id='42' display='false' source='trc'>
		<type>LOAD_MODULE</type>
		<severity>INFO</severity>
		<timestamp>Thu Apr 11 13:03:52 2024</timestamp>
		<arg name='module'>/lib/x86_64-linux-gnu/libkrb5support.so.0</arg>
		<arg name='basement'>0x797e4fa9e000</arg>
		<arg name='ceiling'>0x797e4faab3cf</arg>
		<arg name='symtab'>no</arg>
	</msg>
	<!-- Instrumentation of /lib/x86_64-linux-gnu/libkrb5support.so.0 image skipped because of filter conditions [cs-mode]. -->
	<!-- Update image info for [41:0x797E4FA83000:NN] /lib/x86_64-linux-gnu/libsasl2.so.2 -->
	<msg id='43' display='false' source='trc'>
		<type>LOAD_MODULE</type>
		<severity>INFO</severity>
		<timestamp>Thu Apr 11 13:03:52 2024</timestamp>
		<arg name='module'>/lib/x86_64-linux-gnu/libsasl2.so.2</arg>
		<arg name='basement'>0x797e4fa83000</arg>
		<arg name='ceiling'>0x797e4fa9d3ef</arg>
		<arg name='symtab'>no</arg>
	</msg>
	<!-- Instrumentation of /lib/x86_64-linux-gnu/libsasl2.so.2 image skipped because of filter conditions [cs-mode]. -->
	<!-- Update image info for [42:0x797E4FA60000:NN] /lib/x86_64-linux-gnu/libbrotlicommon.so.1 -->
	<msg id='44' display='false' source='trc'>
		<type>LOAD_MODULE</type>
		<severity>INFO</severity>
		<timestamp>Thu Apr 11 13:03:52 2024</timestamp>
		<arg name='module'>/lib/x86_64-linux-gnu/libbrotlicommon.so.1</arg>
		<arg name='basement'>0x797e4fa60000</arg>
		<arg name='ceiling'>0x797e4fa82037</arg>
		<arg name='symtab'>no</arg>
	</msg>
	<!-- Instrumentation of /lib/x86_64-linux-gnu/libbrotlicommon.so.1 image skipped because of filter conditions [cs-mode]. -->
	<!-- Update image info for [43:0x797E4DE00000:NN] /lib/x86_64-linux-gnu/libicudata.so.70 -->
	<msg id='45' display='false' source='trc'>
		<type>LOAD_MODULE</type>
		<severity>INFO</severity>
		<timestamp>Thu Apr 11 13:03:52 2024</timestamp>
		<arg name='module'>/lib/x86_64-linux-gnu/libicudata.so.70</arg>
		<arg name='basement'>0x797e4de00000</arg>
		<arg name='ceiling'>0x797e4fa1d017</arg>
		<arg name='symtab'>no</arg>
	</msg>
	<!-- Instrumentation of /lib/x86_64-linux-gnu/libicudata.so.70 image skipped because of filter conditions [cs-mode]. -->
	<!-- Update image info for [44:0x797E4DCC5000:NN] /lib/x86_64-linux-gnu/libp11-kit.so.0 -->
	<msg id='46' display='false' source='trc'>
		<type>LOAD_MODULE</type>
		<severity>INFO</severity>
		<timestamp>Thu Apr 11 13:03:52 2024</timestamp>
		<arg name='module'>/lib/x86_64-linux-gnu/libp11-kit.so.0</arg>
		<arg name='basement'>0x797e4dcc5000</arg>
		<arg name='ceiling'>0x797e4ddffbc7</arg>
		<arg name='symtab'>no</arg>
	</msg>
	<!-- Instrumentation of /lib/x86_64-linux-gnu/libp11-kit.so.0 image skipped because of filter conditions [cs-mode]. -->
	<!-- Update image info for [45:0x797E4FA48000:NN] /lib/x86_64-linux-gnu/libtasn1.so.6 -->
	<msg id='47' display='false' source='trc'>
		<type>LOAD_MODULE</type>
		<severity>INFO</severity>
		<timestamp>Thu Apr 11 13:03:52 2024</timestamp>
		<arg name='module'>/lib/x86_64-linux-gnu/libtasn1.so.6</arg>
		<arg name='basement'>0x797e4fa48000</arg>
		<arg name='ceiling'>0x797e4fa5f227</arg>
		<arg name='symtab'>no</arg>
	</msg>
	<!-- Instrumentation of /lib/x86_64-linux-gnu/libtasn1.so.6 image skipped because of filter conditions [cs-mode]. -->
	<!-- Update image info for [46:0x797E50643000:NN] /lib/x86_64-linux-gnu/libkeyutils.so.1 -->
	<msg id='48' display='false' source='trc'>
		<type>LOAD_MODULE</type>
		<severity>INFO</severity>
		<timestamp>Thu Apr 11 13:03:52 2024</timestamp>
		<arg name='module'>/lib/x86_64-linux-gnu/libkeyutils.so.1</arg>
		<arg name='basement'>0x797e50643000</arg>
		<arg name='ceiling'>0x797e5064900f</arg>
		<arg name='symtab'>no</arg>
	</msg>
	<!-- Instrumentation of /lib/x86_64-linux-gnu/libkeyutils.so.1 image skipped because of filter conditions [cs-mode]. -->
	<!-- Update image info for [47:0x797E4FA34000:NN] /lib/x86_64-linux-gnu/libresolv.so.2 -->
	<msg id='49' display='false' source='trc'>
		<type>LOAD_MODULE</type>
		<severity>INFO</severity>
		<timestamp>Thu Apr 11 13:03:52 2024</timestamp>
		<arg name='module'>/lib/x86_64-linux-gnu/libresolv.so.2</arg>
		<arg name='basement'>0x797e4fa34000</arg>
		<arg name='ceiling'>0x797e4fa47a47</arg>
		<arg name='symtab'>no</arg>
	</msg>
	<!-- Instrumentation of /lib/x86_64-linux-gnu/libresolv.so.2 image skipped because of filter conditions [cs-mode]. -->
	<!-- Update image info for [48:0x797E4FA27000:NN] /lib/x86_64-linux-gnu/libffi.so.8 -->
	<msg id='50' display='false' source='trc'>
		<type>LOAD_MODULE</type>
		<severity>INFO</severity>
		<timestamp>Thu Apr 11 13:03:52 2024</timestamp>
		<arg name='module'>/lib/x86_64-linux-gnu/libffi.so.8</arg>
		<arg name='basement'>0x797e4fa27000</arg>
		<arg name='ceiling'>0x797e4fa3362f</arg>
		<arg name='symtab'>no</arg>
	</msg>
	<!-- Instrumentation of /lib/x86_64-linux-gnu/libffi.so.8 image skipped because of filter conditions [cs-mode]. -->
	<msg id='51' display='false' source='trc'>
		<type>UNLOAD_MODULE</type>
		<severity>INFO</severity>
		<timestamp>Thu Apr 11 13:03:54 2024</timestamp>
		<arg name='module'>/usr/bin/cmake</arg>
	</msg>
	<msg id='52' display='false' source='trc'>
		<type>UNLOAD_MODULE</type>
		<severity>INFO</severity>
		<timestamp>Thu Apr 11 13:03:54 2024</timestamp>
		<arg name='module'>/lib64/ld-linux-x86-64.so.2</arg>
	</msg>
	<msg id='53' display='false' source='trc'>
		<type>UNLOAD_MODULE</type>
		<severity>INFO</severity>
		<timestamp>Thu Apr 11 13:03:54 2024</timestamp>
		<arg name='module'>[vdso]</arg>
	</msg>
	<msg id='54' display='false' source='trc'>
		<type>UNLOAD_MODULE</type>
		<severity>INFO</severity>
		<timestamp>Thu Apr 11 13:03:54 2024</timestamp>
		<arg name='module'>/lib/x86_64-linux-gnu/libz.so.1</arg>
	</msg>
	<msg id='55' display='false' source='trc'>
		<type>UNLOAD_MODULE</type>
		<severity>INFO</severity>
		<timestamp>Thu Apr 11 13:03:54 2024</timestamp>
		<arg name='module'>/lib/x86_64-linux-gnu/libarchive.so.13</arg>
	</msg>
	<msg id='56' display='false' source='trc'>
		<type>UNLOAD_MODULE</type>
		<severity>INFO</severity>
		<timestamp>Thu Apr 11 13:03:54 2024</timestamp>
		<arg name='module'>/lib/x86_64-linux-gnu/libcurl.so.4</arg>
	</msg>
	<msg id='57' display='false' source='trc'>
		<type>UNLOAD_MODULE</type>
		<severity>INFO</severity>
		<timestamp>Thu Apr 11 13:03:54 2024</timestamp>
		<arg name='module'>/lib/x86_64-linux-gnu/libjsoncpp.so.25</arg>
	</msg>
	<msg id='58' display='false' source='trc'>
		<type>UNLOAD_MODULE</type>
		<severity>INFO</severity>
		<timestamp>Thu Apr 11 13:03:54 2024</timestamp>
		<arg name='module'>/lib/x86_64-linux-gnu/libuv.so.1</arg>
	</msg>
	<msg id='59' display='false' source='trc'>
		<type>UNLOAD_MODULE</type>
		<severity>INFO</severity>
		<timestamp>Thu Apr 11 13:03:54 2024</timestamp>
		<arg name='module'>/lib/x86_64-linux-gnu/librhash.so.0</arg>
	</msg>
	<msg id='60' display='false' source='trc'>
		<type>UNLOAD_MODULE</type>
		<severity>INFO</severity>
		<timestamp>Thu Apr 11 13:03:54 2024</timestamp>
		<arg name='module'>/lib/x86_64-linux-gnu/libstdc++.so.6</arg>
	</msg>
	<msg id='61' display='false' source='trc'>
		<type>UNLOAD_MODULE</type>
		<severity>INFO</severity>
		<timestamp>Thu Apr 11 13:03:54 2024</timestamp>
		<arg name='module'>/lib/x86_64-linux-gnu/libm.so.6</arg>
	</msg>
	<msg id='62' display='false' source='trc'>
		<type>UNLOAD_MODULE</type>
		<severity>INFO</severity>
		<timestamp>Thu Apr 11 13:03:54 2024</timestamp>
		<arg name='module'>/lib/x86_64-linux-gnu/libgcc_s.so.1</arg>
	</msg>
	<msg id='63' display='false' source='trc'>
		<type>UNLOAD_MODULE</type>
		<severity>INFO</severity>
		<timestamp>Thu Apr 11 13:03:54 2024</timestamp>
		<arg name='module'>/lib/x86_64-linux-gnu/libc.so.6</arg>
	</msg>
	<msg id='64' display='false' source='trc'>
		<type>UNLOAD_MODULE</type>
		<severity>INFO</severity>
		<timestamp>Thu Apr 11 13:03:54 2024</timestamp>
		<arg name='module'>/lib/x86_64-linux-gnu/libnettle.so.8</arg>
	</msg>
	<msg id='65' display='false' source='trc'>
		<type>UNLOAD_MODULE</type>
		<severity>INFO</severity>
		<timestamp>Thu Apr 11 13:03:54 2024</timestamp>
		<arg name='module'>/lib/x86_64-linux-gnu/libacl.so.1</arg>
	</msg>
	<msg id='66' display='false' source='trc'>
		<type>UNLOAD_MODULE</type>
		<severity>INFO</severity>
		<timestamp>Thu Apr 11 13:03:54 2024</timestamp>
		<arg name='module'>/lib/x86_64-linux-gnu/liblzma.so.5</arg>
	</msg>
	<msg id='67' display='false' source='trc'>
		<type>UNLOAD_MODULE</type>
		<severity>INFO</severity>
		<timestamp>Thu Apr 11 13:03:54 2024</timestamp>
		<arg name='module'>/lib/x86_64-linux-gnu/libzstd.so.1</arg>
	</msg>
	<msg id='68' display='false' source='trc'>
		<type>UNLOAD_MODULE</type>
		<severity>INFO</severity>
		<timestamp>Thu Apr 11 13:03:54 2024</timestamp>
		<arg name='module'>/lib/x86_64-linux-gnu/liblz4.so.1</arg>
	</msg>
	<msg id='69' display='false' source='trc'>
		<type>UNLOAD_MODULE</type>
		<severity>INFO</severity>
		<timestamp>Thu Apr 11 13:03:54 2024</timestamp>
		<arg name='module'>/lib/x86_64-linux-gnu/libbz2.so.1.0</arg>
	</msg>
	<msg id='70' display='false' source='trc'>
		<type>UNLOAD_MODULE</type>
		<severity>INFO</severity>
		<timestamp>Thu Apr 11 13:03:54 2024</timestamp>
		<arg name='module'>/lib/x86_64-linux-gnu/libxml2.so.2</arg>
	</msg>
	<msg id='71' display='false' source='trc'>
		<type>UNLOAD_MODULE</type>
		<severity>INFO</severity>
		<timestamp>Thu Apr 11 13:03:54 2024</timestamp>
		<arg name='module'>/lib/x86_64-linux-gnu/libnghttp2.so.14</arg>
	</msg>
	<msg id='72' display='false' source='trc'>
		<type>UNLOAD_MODULE</type>
		<severity>INFO</severity>
		<timestamp>Thu Apr 11 13:03:54 2024</timestamp>
		<arg name='module'>/lib/x86_64-linux-gnu/libidn2.so.0</arg>
	</msg>
	<msg id='73' display='false' source='trc'>
		<type>UNLOAD_MODULE</type>
		<severity>INFO</severity>
		<timestamp>Thu Apr 11 13:03:54 2024</timestamp>
		<arg name='module'>/lib/x86_64-linux-gnu/librtmp.so.1</arg>
	</msg>
	<msg id='74' display='false' source='trc'>
		<type>UNLOAD_MODULE</type>
		<severity>INFO</severity>
		<timestamp>Thu Apr 11 13:03:54 2024</timestamp>
		<arg name='module'>/lib/x86_64-linux-gnu/libssh.so.4</arg>
	</msg>
	<msg id='75' display='false' source='trc'>
		<type>UNLOAD_MODULE</type>
		<severity>INFO</severity>
		<timestamp>Thu Apr 11 13:03:54 2024</timestamp>
		<arg name='module'>/lib/x86_64-linux-gnu/libpsl.so.5</arg>
	</msg>
	<msg id='76' display='false' source='trc'>
		<type>UNLOAD_MODULE</type>
		<severity>INFO</severity>
		<timestamp>Thu Apr 11 13:03:54 2024</timestamp>
		<arg name='module'>/lib/x86_64-linux-gnu/libssl.so.3</arg>
	</msg>
	<msg id='77' display='false' source='trc'>
		<type>UNLOAD_MODULE</type>
		<severity>INFO</severity>
		<timestamp>Thu Apr 11 13:03:54 2024</timestamp>
		<arg name='module'>/lib/x86_64-linux-gnu/libcrypto.so.3</arg>
	</msg>
	<msg id='78' display='false' source='trc'>
		<type>UNLOAD_MODULE</type>
		<severity>INFO</severity>
		<timestamp>Thu Apr 11 13:03:54 2024</timestamp>
		<arg name='module'>/lib/x86_64-linux-gnu/libgssapi_krb5.so.2</arg>
	</msg>
	<msg id='79' display='false' source='trc'>
		<type>UNLOAD_MODULE</type>
		<severity>INFO</severity>
		<timestamp>Thu Apr 11 13:03:54 2024</timestamp>
		<arg name='module'>/lib/x86_64-linux-gnu/libldap-2.5.so.0</arg>
	</msg>
	<msg id='80' display='false' source='trc'>
		<type>UNLOAD_MODULE</type>
		<severity>INFO</severity>
		<timestamp>Thu Apr 11 13:03:54 2024</timestamp>
		<arg name='module'>/lib/x86_64-linux-gnu/liblber-2.5.so.0</arg>
	</msg>
	<msg id='81' display='false' source='trc'>
		<type>UNLOAD_MODULE</type>
		<severity>INFO</severity>
		<timestamp>Thu Apr 11 13:03:54 2024</timestamp>
		<arg name='module'>/lib/x86_64-linux-gnu/libbrotlidec.so.1</arg>
	</msg>
	<msg id='82' display='false' source='trc'>
		<type>UNLOAD_MODULE</type>
		<severity>INFO</severity>
		<timestamp>Thu Apr 11 13:03:54 2024</timestamp>
		<arg name='module'>/lib/x86_64-linux-gnu/libicuuc.so.70</arg>
	</msg>
	<msg id='83' display='false' source='trc'>
		<type>UNLOAD_MODULE</type>
		<severity>INFO</severity>
		<timestamp>Thu Apr 11 13:03:54 2024</timestamp>
		<arg name='module'>/lib/x86_64-linux-gnu/libunistring.so.2</arg>
	</msg>
	<msg id='84' display='false' source='trc'>
		<type>UNLOAD_MODULE</type>
		<severity>INFO</severity>
		<timestamp>Thu Apr 11 13:03:54 2024</timestamp>
		<arg name='module'>/lib/x86_64-linux-gnu/libgnutls.so.30</arg>
	</msg>
	<msg id='85' display='false' source='trc'>
		<type>UNLOAD_MODULE</type>
		<severity>INFO</severity>
		<timestamp>Thu Apr 11 13:03:54 2024</timestamp>
		<arg name='module'>/lib/x86_64-linux-gnu/libhogweed.so.6</arg>
	</msg>
	<msg id='86' display='false' source='trc'>
		<type>UNLOAD_MODULE</type>
		<severity>INFO</severity>
		<timestamp>Thu Apr 11 13:03:54 2024</timestamp>
		<arg name='module'>/lib/x86_64-linux-gnu/libgmp.so.10</arg>
	</msg>
	<msg id='87' display='false' source='trc'>
		<type>UNLOAD_MODULE</type>
		<severity>INFO</severity>
		<timestamp>Thu Apr 11 13:03:54 2024</timestamp>
		<arg name='module'>/lib/x86_64-linux-gnu/libkrb5.so.3</arg>
	</msg>
	<msg id='88' display='false' source='trc'>
		<type>UNLOAD_MODULE</type>
		<severity>INFO</severity>
		<timestamp>Thu Apr 11 13:03:54 2024</timestamp>
		<arg name='module'>/lib/x86_64-linux-gnu/libk5crypto.so.3</arg>
	</msg>
	<msg id='89' display='false' source='trc'>
		<type>UNLOAD_MODULE</type>
		<severity>INFO</severity>
		<timestamp>Thu Apr 11 13:03:54 2024</timestamp>
		<arg name='module'>/lib/x86_64-linux-gnu/libcom_err.so.2</arg>
	</msg>
	<msg id='90' display='false' source='trc'>
		<type>UNLOAD_MODULE</type>
		<severity>INFO</severity>
		<timestamp>Thu Apr 11 13:03:54 2024</timestamp>
		<arg name='module'>/lib/x86_64-linux-gnu/libkrb5support.so.0</arg>
	</msg>
	<msg id='91' display='false' source='trc'>
		<type>UNLOAD_MODULE</type>
		<severity>INFO</severity>
		<timestamp>Thu Apr 11 13:03:54 2024</timestamp>
		<arg name='module'>/lib/x86_64-linux-gnu/libsasl2.so.2</arg>
	</msg>
	<msg id='92' display='false' source='trc'>
		<type>UNLOAD_MODULE</type>
		<severity>INFO</severity>
		<timestamp>Thu Apr 11 13:03:54 2024</timestamp>
		<arg name='module'>/lib/x86_64-linux-gnu/libbrotlicommon.so.1</arg>
	</msg>
	<msg id='93' display='false' source='trc'>
		<type>UNLOAD_MODULE</type>
		<severity>INFO</severity>
		<timestamp>Thu Apr 11 13:03:54 2024</timestamp>
		<arg name='module'>/lib/x86_64-linux-gnu/libicudata.so.70</arg>
	</msg>
	<msg id='94' display='false' source='trc'>
		<type>UNLOAD_MODULE</type>
		<severity>INFO</severity>
		<timestamp>Thu Apr 11 13:03:54 2024</timestamp>
		<arg name='module'>/lib/x86_64-linux-gnu/libp11-kit.so.0</arg>
	</msg>
	<msg id='95' display='false' source='trc'>
		<type>UNLOAD_MODULE</type>
		<severity>INFO</severity>
		<timestamp>Thu Apr 11 13:03:54 2024</timestamp>
		<arg name='module'>/lib/x86_64-linux-gnu/libtasn1.so.6</arg>
	</msg>
	<msg id='96' display='false' source='trc'>
		<type>UNLOAD_MODULE</type>
		<severity>INFO</severity>
		<timestamp>Thu Apr 11 13:03:54 2024</timestamp>
		<arg name='module'>/lib/x86_64-linux-gnu/libkeyutils.so.1</arg>
	</msg>
	<msg id='97' display='false' source='trc'>
		<type>UNLOAD_MODULE</type>
		<severity>INFO</severity>
		<timestamp>Thu Apr 11 13:03:54 2024</timestamp>
		<arg name='module'>/lib/x86_64-linux-gnu/libresolv.so.2</arg>
	</msg>
	<msg id='98' display='false' source='trc'>
		<type>UNLOAD_MODULE</type>
		<severity>INFO</severity>
		<timestamp>Thu Apr 11 13:03:54 2024</timestamp>
		<arg name='module'>/lib/x86_64-linux-gnu/libffi.so.8</arg>
	</msg>
	<msg id='99' display='false' source='trc'>
		<type>PROCESS_FINISH</type>
		<severity>INFO</severity>
		<timestamp>Thu Apr 11 13:03:54 2024</timestamp>
		<arg name='process'>/usr/bin/cmake</arg>
		<arg name='pid'>90320</arg>
		<arg name='exitcode'>0x0</arg>
	</msg>
	<!-- Application exited with code 0 -->
</log>