<?xml version="1.0" encoding="utf-8" ?>
<!-- DO NOT EDIT THIS FILE -->

<log version='2.0' source='trc'>
	<msg id='1' display='false' source='trc'>
		<type>PROCESS_START</type>
		<severity>INFO</severity>
		<timestamp>Thu Apr 11 13:03:46 2024</timestamp>
		<arg name='process'>/usr/bin/cmake</arg>
		<arg name='pid'>90284</arg>
	</msg>
	<!-- Instrumentation filter's state:
    Patterns applicability:
        Generic loop pattern.....................: enabled
        Generic loop pattern (with dynamic jumps): enabled
        Known trip value loop pattern............: enabled
        Runtime final value loop pattern.........: enabled
        No initial IV loop pattern...............: enabled
        IV step only loop pattern................: enabled
        No entry loop pattern....................: enabled
    Clustered memory model (CMM) applicability:
        Generic loop pattern.....................: enabled
        Generic loop pattern (with dynamic jumps): enabled
        Known trip value loop pattern............: enabled
        Runtime final value loop pattern.........: enabled
        No initial IV loop pattern...............: enabled
        IV step only loop pattern................: enabled
        No entry loop pattern....................: disabled
 -->
	<!-- Callstack mode:
    filter modules.........: true
    filter routines........: true
    count loops............: true
    count flops............: true
    trace..................: false
    extended trace.........: false
    omp trace..............: false
    jit trace..............: false
    failures trace.........: false
    dump raw...............: false
    dump final.............: false
    dump all...............: false
    stack stitching........: true
    stl profiling..........: true
    aggressive frame switch: true
    unwind frame exit......: true
    analyze child loops....: true
 -->
	<!-- Managed application profiling: -->
	<!-- 	State...................: enabled -->
	<!-- Gpu Profiling: -->
	<!-- 	State  : disabled -->
	<!-- 	Filter : * -->
	<!-- 	GPUs   : 0:0:2.0 -->
	<!-- 	Options:  -->
	<!-- Creating caches according to description: 4:48k:12w/1280k:20w/1:8192k:8w -->
	<!-- Created cache simulator with the following features: set locker, random set sampler, fast random set mapper, bb attribution, default tag, empty feature with size 8388608, associativity 8, and sampling 0.100000 -->
	<!-- Created cache simulator with the following features: empty feature, random set sampler, fast random set mapper, bb attribution, default tag, empty feature with size 1310720, associativity 20, and sampling 0.100000 -->
	<!-- Created cache simulator with the following features: empty feature, random set sampler, fast random set mapper, bb attribution, default tag, empty feature with size 1310720, associativity 20, and sampling 0.100000 -->
	<!-- Created cache simulator with the following features: empty feature, random set sampler, fast random set mapper, bb attribution, default tag, empty feature with size 1310720, associativity 20, and sampling 0.100000 -->
	<!-- Created cache simulator with the following features: empty feature, random set sampler, fast random set mapper, bb attribution, default tag, empty feature with size 1310720, associativity 20, and sampling 0.100000 -->
	<!-- Created cache simulator with the following features: empty feature, random set sampler, fast random set mapper, bb attribution, default tag, empty feature with size 49152, associativity 12, and sampling 0.100000 -->
	<!-- Created cache simulator with the following features: empty feature, random set sampler, fast random set mapper, bb attribution, default tag, empty feature with size 49152, associativity 12, and sampling 0.100000 -->
	<!-- Created cache simulator with the following features: empty feature, random set sampler, fast random set mapper, bb attribution, default tag, empty feature with size 49152, associativity 12, and sampling 0.100000 -->
	<!-- Created cache simulator with the following features: empty feature, random set sampler, fast random set mapper, bb attribution, default tag, empty feature with size 49152, associativity 12, and sampling 0.100000 -->
	<!-- Cache hierarchy created. Status=success -->
	<msg id='2' display='false' source='trc'>
		<type>PROCESS_ANALYSIS_MODE</type>
		<severity>INFO</severity>
		<timestamp>Thu Apr 11 13:03:46 2024</timestamp>
		<arg name='mode'>full</arg>
	</msg>
	<!-- Update image info for [1:0x5FF6CB54D000:NN] /usr/bin/cmake -->
	<msg id='3' display='false' source='trc'>
		<type>LOAD_MODULE</type>
		<severity>INFO</severity>
		<timestamp>Thu Apr 11 13:03:46 2024</timestamp>
		<arg name='module'>/usr/bin/cmake</arg>
		<arg name='basement'>0x5ff6cb54d000</arg>
		<arg name='ceiling'>0x5ff6cbbc5a27</arg>
		<arg name='symtab'>no</arg>
	</msg>
	<!-- Instrumentation of /usr/bin/cmake image skipped because of filter conditions [cs-mode]. -->
	<!-- Update image info for [2:0x74C4E1043000:NN] /lib64/ld-linux-x86-64.so.2 -->
	<msg id='4' display='false' source='trc'>
		<type>LOAD_MODULE</type>
		<severity>INFO</severity>
		<timestamp>Thu Apr 11 13:03:46 2024</timestamp>
		<arg name='module'>/lib64/ld-linux-x86-64.so.2</arg>
		<arg name='basement'>0x74c4e1043000</arg>
		<arg name='ceiling'>0x74c4e107e2d7</arg>
		<arg name='symtab'>no</arg>
	</msg>
	<!-- Instrumentation of /lib64/ld-linux-x86-64.so.2 image skipped because of filter conditions [cs-mode]. -->
	<!-- Update image info for [3:0x7FFCB6588000:NN] [vdso] -->
	<msg id='5' display='false' source='trc'>
		<type>LOAD_MODULE</type>
		<severity>INFO</severity>
		<timestamp>Thu Apr 11 13:03:46 2024</timestamp>
		<arg name='module'>[vdso]</arg>
		<arg name='basement'>0x7ffcb6588000</arg>
		<arg name='ceiling'>0x7ffcb65890aa</arg>
		<arg name='symtab'>no</arg>
	</msg>
	<!-- Instrumentation of [vdso] image skipped because of filter conditions [cs-mode]. -->
	<!-- Update image info for [4:0x74C4CB6E5000:NN] /lib/x86_64-linux-gnu/libz.so.1 -->
	<msg id='6' display='false' source='trc'>
		<type>LOAD_MODULE</type>
		<severity>INFO</severity>
		<timestamp>Thu Apr 11 13:03:46 2024</timestamp>
		<arg name='module'>/lib/x86_64-linux-gnu/libz.so.1</arg>
		<arg name='basement'>0x74c4cb6e5000</arg>
		<arg name='ceiling'>0x74c4cb7000b7</arg>
		<arg name='symtab'>no</arg>
	</msg>
	<!-- Instrumentation of /lib/x86_64-linux-gnu/libz.so.1 image skipped because of filter conditions [cs-mode]. -->
	<!-- Update image info for [5:0x74C4CB517000:NN] /lib/x86_64-linux-gnu/libarchive.so.13 -->
	<msg id='7' display='false' source='trc'>
		<type>LOAD_MODULE</type>
		<severity>INFO</severity>
		<timestamp>Thu Apr 11 13:03:46 2024</timestamp>
		<arg name='module'>/lib/x86_64-linux-gnu/libarchive.so.13</arg>
		<arg name='basement'>0x74c4cb517000</arg>
		<arg name='ceiling'>0x74c4cb5e0687</arg>
		<arg name='symtab'>no</arg>
	</msg>
	<!-- Instrumentation of /lib/x86_64-linux-gnu/libarchive.so.13 image skipped because of filter conditions [cs-mode]. -->
	<!-- Update image info for [6:0x74C4CB470000:NN] /lib/x86_64-linux-gnu/libcurl.so.4 -->
	<msg id='8' display='false' source='trc'>
		<type>LOAD_MODULE</type>
		<severity>INFO</severity>
		<timestamp>Thu Apr 11 13:03:46 2024</timestamp>
		<arg name='module'>/lib/x86_64-linux-gnu/libcurl.so.4</arg>
		<arg name='basement'>0x74c4cb470000</arg>
		<arg name='ceiling'>0x74c4cb516367</arg>
		<arg name='symtab'>no</arg>
	</msg>
	<!-- Instrumentation of /lib/x86_64-linux-gnu/libcurl.so.4 image skipped because of filter conditions [cs-mode]. -->
	<!-- Update image info for [7:0x74C4CB43B000:NN] /lib/x86_64-linux-gnu/libjsoncpp.so.25 -->
	<msg id='9' display='false' source='trc'>
		<type>LOAD_MODULE</type>
		<severity>INFO</severity>
		<timestamp>Thu Apr 11 13:03:46 2024</timestamp>
		<arg name='module'>/lib/x86_64-linux-gnu/libjsoncpp.so.25</arg>
		<arg name='basement'>0x74c4cb43b000</arg>
		<arg name='ceiling'>0x74c4cb46f2a7</arg>
		<arg name='symtab'>no</arg>
	</msg>
	<!-- Instrumentation of /lib/x86_64-linux-gnu/libjsoncpp.so.25 image skipped because of filter conditions [cs-mode]. -->
	<!-- Update image info for [8:0x74C4CB409000:NN] /lib/x86_64-linux-gnu/libuv.so.1 -->
	<msg id='10' display='false' source='trc'>
		<type>LOAD_MODULE</type>
		<severity>INFO</severity>
		<timestamp>Thu Apr 11 13:03:46 2024</timestamp>
		<arg name='module'>/lib/x86_64-linux-gnu/libuv.so.1</arg>
		<arg name='basement'>0x74c4cb409000</arg>
		<arg name='ceiling'>0x74c4cb43a6cf</arg>
		<arg name='symtab'>no</arg>
	</msg>
	<!-- Instrumentation of /lib/x86_64-linux-gnu/libuv.so.1 image skipped because of filter conditions [cs-mode]. -->
	<!-- Update image info for [9:0x74C4CB3D5000:NN] /lib/x86_64-linux-gnu/librhash.so.0 -->
	<msg id='11' display='false' source='trc'>
		<type>LOAD_MODULE</type>
		<severity>INFO</severity>
		<timestamp>Thu Apr 11 13:03:46 2024</timestamp>
		<arg name='module'>/lib/x86_64-linux-gnu/librhash.so.0</arg>
		<arg name='basement'>0x74c4cb3d5000</arg>
		<arg name='ceiling'>0x74c4cb40846f</arg>
		<arg name='symtab'>no</arg>
	</msg>
	<!-- Instrumentation of /lib/x86_64-linux-gnu/librhash.so.0 image skipped because of filter conditions [cs-mode]. -->
	<!-- Update image info for [10:0x74C4CB000000:NN] /lib/x86_64-linux-gnu/libstdc++.so.6 -->
	<msg id='12' display='false' source='trc'>
		<type>LOAD_MODULE</type>
		<severity>INFO</severity>
		<timestamp>Thu Apr 11 13:03:46 2024</timestamp>
		<arg name='module'>/lib/x86_64-linux-gnu/libstdc++.so.6</arg>
		<arg name='basement'>0x74c4cb000000</arg>
		<arg name='ceiling'>0x74c4cb22b8bf</arg>
		<arg name='symtab'>no</arg>
	</msg>
	<!-- Instrumentation of /lib/x86_64-linux-gnu/libstdc++.so.6 image skipped because of filter conditions [cs-mode]. -->
	<!-- Update image info for [11:0x74C4CB2ED000:NN] /lib/x86_64-linux-gnu/libm.so.6 -->
	<msg id='13' display='false' source='trc'>
		<type>LOAD_MODULE</type>
		<severity>INFO</severity>
		<timestamp>Thu Apr 11 13:03:46 2024</timestamp>
		<arg name='module'>/lib/x86_64-linux-gnu/libm.so.6</arg>
		<arg name='basement'>0x74c4cb2ed000</arg>
		<arg name='ceiling'>0x74c4cb3d3107</arg>
		<arg name='symtab'>no</arg>
	</msg>
	<!-- Instrumentation of /lib/x86_64-linux-gnu/libm.so.6 image skipped because of filter conditions [cs-mode]. -->
	<!-- Update image info for [12:0x74C4CB2CD000:NN] /lib/x86_64-linux-gnu/libgcc_s.so.1 -->
	<msg id='14' display='false' source='trc'>
		<type>LOAD_MODULE</type>
		<severity>INFO</severity>
		<timestamp>Thu Apr 11 13:03:46 2024</timestamp>
		<arg name='module'>/lib/x86_64-linux-gnu/libgcc_s.so.1</arg>
		<arg name='basement'>0x74c4cb2cd000</arg>
		<arg name='ceiling'>0x74c4cb2ec2e7</arg>
		<arg name='symtab'>no</arg>
	</msg>
	<!-- Instrumentation of /lib/x86_64-linux-gnu/libgcc_s.so.1 image skipped because of filter conditions [cs-mode]. -->
	<!-- Update image info for [13:0x74C4CAC00000:NN] /lib/x86_64-linux-gnu/libc.so.6 -->
	<msg id='15' display='false' source='trc'>
		<type>LOAD_MODULE</type>
		<severity>INFO</severity>
		<timestamp>Thu Apr 11 13:03:46 2024</timestamp>
		<arg name='module'>/lib/x86_64-linux-gnu/libc.so.6</arg>
		<arg name='basement'>0x74c4cac00000</arg>
		<arg name='ceiling'>0x74c4cae28e4f</arg>
		<arg name='symtab'>no</arg>
	</msg>
	<!-- Instrumentation of /lib/x86_64-linux-gnu/libc.so.6 image skipped because of filter conditions. -->
	<!-- Update image info for [14:0x74C4CAFBA000:NN] /lib/x86_64-linux-gnu/libnettle.so.8 -->
	<msg id='16' display='false' source='trc'>
		<type>LOAD_MODULE</type>
		<severity>INFO</severity>
		<timestamp>Thu Apr 11 13:03:47 2024</timestamp>
		<arg name='module'>/lib/x86_64-linux-gnu/libnettle.so.8</arg>
		<arg name='basement'>0x74c4cafba000</arg>
		<arg name='ceiling'>0x74c4cafff0d7</arg>
		<arg name='symtab'>no</arg>
	</msg>
	<!-- Instrumentation of /lib/x86_64-linux-gnu/libnettle.so.8 image skipped because of filter conditions [cs-mode]. -->
	<!-- Update image info for [15:0x74C4CB256000:NN] /lib/x86_64-linux-gnu/libacl.so.1 -->
	<msg id='17' display='false' source='trc'>
		<type>LOAD_MODULE</type>
		<severity>INFO</severity>
		<timestamp>Thu Apr 11 13:03:47 2024</timestamp>
		<arg name='module'>/lib/x86_64-linux-gnu/libacl.so.1</arg>
		<arg name='basement'>0x74c4cb256000</arg>
		<arg name='ceiling'>0x74c4cb25f01f</arg>
		<arg name='symtab'>no</arg>
	</msg>
	<!-- Instrumentation of /lib/x86_64-linux-gnu/libacl.so.1 image skipped because of filter conditions [cs-mode]. -->
	<!-- Update image info for [16:0x74C4CAF87000:NN] /lib/x86_64-linux-gnu/liblzma.so.5 -->
	<msg id='18' display='false' source='trc'>
		<type>LOAD_MODULE</type>
		<severity>INFO</severity>
		<timestamp>Thu Apr 11 13:03:47 2024</timestamp>
		<arg name='module'>/lib/x86_64-linux-gnu/liblzma.so.5</arg>
		<arg name='basement'>0x74c4caf87000</arg>
		<arg name='ceiling'>0x74c4cafb9017</arg>
		<arg name='symtab'>no</arg>
	</msg>
	<!-- Instrumentation of /lib/x86_64-linux-gnu/liblzma.so.5 image skipped because of filter conditions [cs-mode]. -->
	<!-- Update image info for [17:0x74C4CAEB8000:NN] /lib/x86_64-linux-gnu/libzstd.so.1 -->
	<msg id='19' display='false' source='trc'>
		<type>LOAD_MODULE</type>
		<severity>INFO</severity>
		<timestamp>Thu Apr 11 13:03:47 2024</timestamp>
		<arg name='module'>/lib/x86_64-linux-gnu/libzstd.so.1</arg>
		<arg name='basement'>0x74c4caeb8000</arg>
		<arg name='ceiling'>0x74c4caf86037</arg>
		<arg name='symtab'>no</arg>
	</msg>
	<!-- Instrumentation of /lib/x86_64-linux-gnu/libzstd.so.1 image skipped because of filter conditions [cs-mode]. -->
	<!-- Update image info for [18:0x74C4CB236000:NN] /lib/x86_64-linux-gnu/liblz4.so.1 -->
	<msg id='20' display='false' source='trc'>
		<type>LOAD_MODULE</type>
		<severity>INFO</severity>
		<timestamp>Thu Apr 11 13:03:47 2024</timestamp>
		<arg name='module'>/lib/x86_64-linux-gnu/liblz4.so.1</arg>
		<arg name='basement'>0x74c4cb236000</arg>
		<arg name='ceiling'>0x74c4cb25505f</arg>
		<arg name='symtab'>no</arg>
	</msg>
	<!-- Instrumentation of /lib/x86_64-linux-gnu/liblz4.so.1 image skipped because of filter conditions [cs-mode]. -->
	<!-- Update image info for [19:0x74C4CAEA5000:NN] /lib/x86_64-linux-gnu/libbz2.so.1.0 -->
	<msg id='21' display='false' source='trc'>
		<type>LOAD_MODULE</type>
		<severity>INFO</severity>
		<timestamp>Thu Apr 11 13:03:47 2024</timestamp>
		<arg name='module'>/lib/x86_64-linux-gnu/libbz2.so.1.0</arg>
		<arg name='basement'>0x74c4caea5000</arg>
		<arg name='ceiling'>0x74c4caeb7c27</arg>
		<arg name='symtab'>no</arg>
	</msg>
	<!-- Instrumentation of /lib/x86_64-linux-gnu/libbz2.so.1.0 image skipped because of filter conditions [cs-mode]. -->
	<!-- Update image info for [20:0x74C4CAA1E000:NN] /lib/x86_64-linux-gnu/libxml2.so.2 -->
	<msg id='22' display='false' source='trc'>
		<type>LOAD_MODULE</type>
		<severity>INFO</severity>
		<timestamp>Thu Apr 11 13:03:47 2024</timestamp>
		<arg name='module'>/lib/x86_64-linux-gnu/libxml2.so.2</arg>
		<arg name='basement'>0x74c4caa1e000</arg>
		<arg name='ceiling'>0x74c4cabffdd7</arg>
		<arg name='symtab'>no</arg>
	</msg>
	<!-- Instrumentation of /lib/x86_64-linux-gnu/libxml2.so.2 image skipped because of filter conditions [cs-mode]. -->
	<!-- Update image info for [21:0x74C4CAE5A000:NN] /lib/x86_64-linux-gnu/libnghttp2.so.14 -->
	<msg id='23' display='false' source='trc'>
		<type>LOAD_MODULE</type>
		<severity>INFO</severity>
		<timestamp>Thu Apr 11 13:03:47 2024</timestamp>
		<arg name='module'>/lib/x86_64-linux-gnu/libnghttp2.so.14</arg>
		<arg name='basement'>0x74c4cae5a000</arg>
		<arg name='ceiling'>0x74c4cae8310f</arg>
		<arg name='symtab'>no</arg>
	</msg>
	<!-- Instrumentation of /lib/x86_64-linux-gnu/libnghttp2.so.14 image skipped because of filter conditions [cs-mode]. -->
	<!-- Update image info for [22:0x74C4CAE39000:NN] /lib/x86_64-linux-gnu/libidn2.so.0 -->
	<msg id='24' display='false' source='trc'>
		<type>LOAD_MODULE</type>
		<severity>INFO</severity>
		<timestamp>Thu Apr 11 13:03:47 2024</timestamp>
		<arg name='module'>/lib/x86_64-linux-gnu/libidn2.so.0</arg>
		<arg name='basement'>0x74c4cae39000</arg>
		<arg name='ceiling'>0x74c4cae5900f</arg>
		<arg name='symtab'>no</arg>
	</msg>
	<!-- Instrumentation of /lib/x86_64-linux-gnu/libidn2.so.0 image skipped because of filter conditions [cs-mode]. -->
	<!-- Update image info for [23:0x74C4CA9DE000:NN] /lib/x86_64-linux-gnu/librtmp.so.1 -->
	<msg id='25' display='false' source='trc'>
		<type>LOAD_MODULE</type>
		<severity>INFO</severity>
		<timestamp>Thu Apr 11 13:03:47 2024</timestamp>
		<arg name='module'>/lib/x86_64-linux-gnu/librtmp.so.1</arg>
		<arg name='basement'>0x74c4ca9de000</arg>
		<arg name='ceiling'>0x74c4ca9fc3af</arg>
		<arg name='symtab'>no</arg>
	</msg>
	<!-- Instrumentation of /lib/x86_64-linux-gnu/librtmp.so.1 image skipped because of filter conditions [cs-mode]. -->
	<!-- Update image info for [24:0x74C4CA971000:NN] /lib/x86_64-linux-gnu/libssh.so.4 -->
	<msg id='26' display='false' source='trc'>
		<type>LOAD_MODULE</type>
		<severity>INFO</severity>
		<timestamp>Thu Apr 11 13:03:47 2024</timestamp>
		<arg name='module'>/lib/x86_64-linux-gnu/libssh.so.4</arg>
		<arg name='basement'>0x74c4ca971000</arg>
		<arg name='ceiling'>0x74c4ca9dd5df</arg>
		<arg name='symtab'>no</arg>
	</msg>
	<!-- Instrumentation of /lib/x86_64-linux-gnu/libssh.so.4 image skipped because of filter conditions [cs-mode]. -->
	<!-- Update image info for [25:0x74C4CA95D000:NN] /lib/x86_64-linux-gnu/libpsl.so.5 -->
	<msg id='27' display='false' source='trc'>
		<type>LOAD_MODULE</type>
		<severity>INFO</severity>
		<timestamp>Thu Apr 11 13:03:47 2024</timestamp>
		<arg name='module'>/lib/x86_64-linux-gnu/libpsl.so.5</arg>
		<arg name='basement'>0x74c4ca95d000</arg>
		<arg name='ceiling'>0x74c4ca97000f</arg>
		<arg name='symtab'>no</arg>
	</msg>
	<!-- Instrumentation of /lib/x86_64-linux-gnu/libpsl.so.5 image skipped because of filter conditions [cs-mode]. -->
	<!-- Update image info for [26:0x74C4CA898000:NN] /lib/x86_64-linux-gnu/libssl.so.3 -->
	<msg id='28' display='false' source='trc'>
		<type>LOAD_MODULE</type>
		<severity>INFO</severity>
		<timestamp>Thu Apr 11 13:03:47 2024</timestamp>
		<arg name='module'>/lib/x86_64-linux-gnu/libssl.so.3</arg>
		<arg name='basement'>0x74c4ca898000</arg>
		<arg name='ceiling'>0x74c4ca93b7ef</arg>
		<arg name='symtab'>no</arg>
	</msg>
	<!-- Instrumentation of /lib/x86_64-linux-gnu/libssl.so.3 image skipped because of filter conditions [cs-mode]. -->
	<!-- Update image info for [27:0x74C4CA400000:NN] /lib/x86_64-linux-gnu/libcrypto.so.3 -->
	<msg id='29' display='false' source='trc'>
		<type>LOAD_MODULE</type>
		<severity>INFO</severity>
		<timestamp>Thu Apr 11 13:03:47 2024</timestamp>
		<arg name='module'>/lib/x86_64-linux-gnu/libcrypto.so.3</arg>
		<arg name='basement'>0x74c4ca400000</arg>
		<arg name='ceiling'>0x74c4ca8424bf</arg>
		<arg name='symtab'>no</arg>
	</msg>
	<!-- Instrumentation of /lib/x86_64-linux-gnu/libcrypto.so.3 image skipped because of filter conditions [cs-mode]. -->
	<!-- Update image info for [28:0x74C4CA844000:NN] /lib/x86_64-linux-gnu/libgssapi_krb5.so.2 -->
	<msg id='30' display='false' source='trc'>
		<type>LOAD_MODULE</type>
		<severity>INFO</severity>
		<timestamp>Thu Apr 11 13:03:47 2024</timestamp>
		<arg name='module'>/lib/x86_64-linux-gnu/libgssapi_krb5.so.2</arg>
		<arg name='basement'>0x74c4ca844000</arg>
		<arg name='ceiling'>0x74c4ca8973df</arg>
		<arg name='symtab'>no</arg>
	</msg>
	<!-- Instrumentation of /lib/x86_64-linux-gnu/libgssapi_krb5.so.2 image skipped because of filter conditions [cs-mode]. -->
	<!-- Update image info for [29:0x74C4CA3A1000:NN] /lib/x86_64-linux-gnu/libldap-2.5.so.0 -->
	<msg id='31' display='false' source='trc'>
		<type>LOAD_MODULE</type>
		<severity>INFO</severity>
		<timestamp>Thu Apr 11 13:03:47 2024</timestamp>
		<arg name='module'>/lib/x86_64-linux-gnu/libldap-2.5.so.0</arg>
		<arg name='basement'>0x74c4ca3a1000</arg>
		<arg name='ceiling'>0x74c4ca3ffb5f</arg>
		<arg name='symtab'>no</arg>
	</msg>
	<!-- Instrumentation of /lib/x86_64-linux-gnu/libldap-2.5.so.0 image skipped because of filter conditions [cs-mode]. -->
	<!-- Update image info for [30:0x74C4CA390000:NN] /lib/x86_64-linux-gnu/liblber-2.5.so.0 -->
	<msg id='32' display='false' source='trc'>
		<type>LOAD_MODULE</type>
		<severity>INFO</severity>
		<timestamp>Thu Apr 11 13:03:47 2024</timestamp>
		<arg name='module'>/lib/x86_64-linux-gnu/liblber-2.5.so.0</arg>
		<arg name='basement'>0x74c4ca390000</arg>
		<arg name='ceiling'>0x74c4ca3a01a7</arg>
		<arg name='symtab'>no</arg>
	</msg>
	<!-- Instrumentation of /lib/x86_64-linux-gnu/liblber-2.5.so.0 image skipped because of filter conditions [cs-mode]. -->
	<!-- Update image info for [31:0x74C4CA382000:NN] /lib/x86_64-linux-gnu/libbrotlidec.so.1 -->
	<msg id='33' display='false' source='trc'>
		<type>LOAD_MODULE</type>
		<severity>INFO</severity>
		<timestamp>Thu Apr 11 13:03:47 2024</timestamp>
		<arg name='module'>/lib/x86_64-linux-gnu/libbrotlidec.so.1</arg>
		<arg name='basement'>0x74c4ca382000</arg>
		<arg name='ceiling'>0x74c4ca38f067</arg>
		<arg name='symtab'>no</arg>
	</msg>
	<!-- Instrumentation of /lib/x86_64-linux-gnu/libbrotlidec.so.1 image skipped because of filter conditions [cs-mode]. -->
	<!-- Update image info for [32:0x74C4CA187000:NN] /lib/x86_64-linux-gnu/libicuuc.so.70 -->
	<msg id='34' display='false' source='trc'>
		<type>LOAD_MODULE</type>
		<severity>INFO</severity>
		<timestamp>Thu Apr 11 13:03:47 2024</timestamp>
		<arg name='module'>/lib/x86_64-linux-gnu/libicuuc.so.70</arg>
		<arg name='basement'>0x74c4ca187000</arg>
		<arg name='ceiling'>0x74c4ca3812df</arg>
		<arg name='symtab'>no</arg>
	</msg>
	<!-- Instrumentation of /lib/x86_64-linux-gnu/libicuuc.so.70 image skipped because of filter conditions [cs-mode]. -->
	<!-- Update image info for [33:0x74C4C9FDD000:NN] /lib/x86_64-linux-gnu/libunistring.so.2 -->
	<msg id='35' display='false' source='trc'>
		<type>LOAD_MODULE</type>
		<severity>INFO</severity>
		<timestamp>Thu Apr 11 13:03:47 2024</timestamp>
		<arg name='module'>/lib/x86_64-linux-gnu/libunistring.so.2</arg>
		<arg name='basement'>0x74c4c9fdd000</arg>
		<arg name='ceiling'>0x74c4ca1868e7</arg>
		<arg name='symtab'>no</arg>
	</msg>
	<!-- Instrumentation of /lib/x86_64-linux-gnu/libunistring.so.2 image skipped because of filter conditions [cs-mode]. -->
	<!-- Update image info for [34:0x74C4C9DF2000:NN] /lib/x86_64-linux-gnu/libgnutls.so.30 -->
	<msg id='36' display='false' source='trc'>
		<type>LOAD_MODULE</type>
		<severity>INFO</severity>
		<timestamp>Thu Apr 11 13:03:47 2024</timestamp>
		<arg name='module'>/lib/x86_64-linux-gnu/libgnutls.so.30</arg>
		<arg name='basement'>0x74c4c9df2000</arg>
		<arg name='ceiling'>0x74c4c9fdc7ff</arg>
		<arg name='symtab'>no</arg>
	</msg>
	<!-- Instrumentation of /lib/x86_64-linux-gnu/libgnutls.so.30 image skipped because of filter conditions [cs-mode]. -->
	<!-- Update image info for [35:0x74C4C9DAA000:NN] /lib/x86_64-linux-gnu/libhogweed.so.6 -->
	<msg id='37' display='false' source='trc'>
		<type>LOAD_MODULE</type>
		<severity>INFO</severity>
		<timestamp>Thu Apr 11 13:03:47 2024</timestamp>
		<arg name='module'>/lib/x86_64-linux-gnu/libhogweed.so.6</arg>
		<arg name='basement'>0x74c4c9daa000</arg>
		<arg name='ceiling'>0x74c4c9df1337</arg>
		<arg name='symtab'>no</arg>
	</msg>
	<!-- Instrumentation of /lib/x86_64-linux-gnu/libhogweed.so.6 image skipped because of filter conditions [cs-mode]. -->
	<!-- Update image info for [36:0x74C4C9D28000:NN] /lib/x86_64-linux-gnu/libgmp.so.10 -->
	<msg id='38' display='false' source='trc'>
		<type>LOAD_MODULE</type>
		<severity>INFO</severity>
		<timestamp>Thu Apr 11 13:03:47 2024</timestamp>
		<arg name='module'>/lib/x86_64-linux-gnu/libgmp.so.10</arg>
		<arg name='basement'>0x74c4c9d28000</arg>
		<arg name='ceiling'>0x74c4c9da920f</arg>
		<arg name='symtab'>no</arg>
	</msg>
	<!-- Instrumentation of /lib/x86_64-linux-gnu/libgmp.so.10 image skipped because of filter conditions [cs-mode]. -->
	<!-- Update image info for [37:0x74C4C9C5D000:NN] /lib/x86_64-linux-gnu/libkrb5.so.3 -->
	<msg id='39' display='false' source='trc'>
		<type>LOAD_MODULE</type>
		<severity>INFO</severity>
		<timestamp>Thu Apr 11 13:03:47 2024</timestamp>
		<arg name='module'>/lib/x86_64-linux-gnu/libkrb5.so.3</arg>
		<arg name='basement'>0x74c4c9c5d000</arg>
		<arg name='ceiling'>0x74c4c9d27c6f</arg>
		<arg name='symtab'>no</arg>
	</msg>
	<!-- Instrumentation of /lib/x86_64-linux-gnu/libkrb5.so.3 image skipped because of filter conditions [cs-mode]. -->
	<!-- Update image info for [38:0x74C4C9C2E000:NN] /lib/x86_64-linux-gnu/libk5crypto.so.3 -->
	<msg id='40' display='false' source='trc'>
		<type>LOAD_MODULE</type>
		<severity>INFO</severity>
		<timestamp>Thu Apr 11 13:03:47 2024</timestamp>
		<arg name='module'>/lib/x86_64-linux-gnu/libk5crypto.so.3</arg>
		<arg name='basement'>0x74c4c9c2e000</arg>
		<arg name='ceiling'>0x74c4c9c5c037</arg>
		<arg name='symtab'>no</arg>
	</msg>
	<!-- Instrumentation of /lib/x86_64-linux-gnu/libk5crypto.so.3 image skipped because of filter conditions [cs-mode]. -->
	<!-- Update image info for [39:0x74C4CAE29000:NN] /lib/x86_64-linux-gnu/libcom_err.so.2 -->
	<msg id='41' display='false' source='trc'>
		<type>LOAD_MODULE</type>
		<severity>INFO</severity>
		<timestamp>Thu Apr 11 13:03:47 2024</timestamp>
		<arg name='module'>/lib/x86_64-linux-gnu/libcom_err.so.2</arg>
		<arg name='basement'>0x74c4cae29000</arg>
		<arg name='ceiling'>0x74c4cae2e047</arg>
		<arg name='symtab'>no</arg>
	</msg>
	<!-- Instrumentation of /lib/x86_64-linux-gnu/libcom_err.so.2 image skipped because of filter conditions [cs-mode]. -->
	<!-- Update image info for [40:0x74C4C9C20000:NN] /lib/x86_64-linux-gnu/libkrb5support.so.0 -->
	<msg id='42' display='false' source='trc'>
		<type>LOAD_MODULE</type>
		<severity>INFO</severity>
		<timestamp>Thu Apr 11 13:03:47 2024</timestamp>
		<arg name='module'>/lib/x86_64-linux-gnu/libkrb5support.so.0</arg>
		<arg name='basement'>0x74c4c9c20000</arg>
		<arg name='ceiling'>0x74c4c9c2d3cf</arg>
		<arg name='symtab'>no</arg>
	</msg>
	<!-- Instrumentation of /lib/x86_64-linux-gnu/libkrb5support.so.0 image skipped because of filter conditions [cs-mode]. -->
	<!-- Update image info for [41:0x74C4C9C05000:NN] /lib/x86_64-linux-gnu/libsasl2.so.2 -->
	<msg id='43' display='false' source='trc'>
		<type>LOAD_MODULE</type>
		<severity>INFO</severity>
		<timestamp>Thu Apr 11 13:03:47 2024</timestamp>
		<arg name='module'>/lib/x86_64-linux-gnu/libsasl2.so.2</arg>
		<arg name='basement'>0x74c4c9c05000</arg>
		<arg name='ceiling'>0x74c4c9c1f3ef</arg>
		<arg name='symtab'>no</arg>
	</msg>
	<!-- Instrumentation of /lib/x86_64-linux-gnu/libsasl2.so.2 image skipped because of filter conditions [cs-mode]. -->
	<!-- Update image info for [42:0x74C4C9BE2000:NN] /lib/x86_64-linux-gnu/libbrotlicommon.so.1 -->
	<msg id='44' display='false' source='trc'>
		<type>LOAD_MODULE</type>
		<severity>INFO</severity>
		<timestamp>Thu Apr 11 13:03:47 2024</timestamp>
		<arg name='module'>/lib/x86_64-linux-gnu/libbrotlicommon.so.1</arg>
		<arg name='basement'>0x74c4c9be2000</arg>
		<arg name='ceiling'>0x74c4c9c04037</arg>
		<arg name='symtab'>no</arg>
	</msg>
	<!-- Instrumentation of /lib/x86_64-linux-gnu/libbrotlicommon.so.1 image skipped because of filter conditions [cs-mode]. -->
	<!-- Update image info for [43:0x74C4C7E00000:NN] /lib/x86_64-linux-gnu/libicudata.so.70 -->
	<msg id='45' display='false' source='trc'>
		<type>LOAD_MODULE</type>
		<severity>INFO</severity>
		<timestamp>Thu Apr 11 13:03:47 2024</timestamp>
		<arg name='module'>/lib/x86_64-linux-gnu/libicudata.so.70</arg>
		<arg name='basement'>0x74c4c7e00000</arg>
		<arg name='ceiling'>0x74c4c9a1d017</arg>
		<arg name='symtab'>no</arg>
	</msg>
	<!-- Instrumentation of /lib/x86_64-linux-gnu/libicudata.so.70 image skipped because of filter conditions [cs-mode]. -->
	<!-- Update image info for [44:0x74C4C9AA7000:NN] /lib/x86_64-linux-gnu/libp11-kit.so.0 -->
	<msg id='46' display='false' source='trc'>
		<type>LOAD_MODULE</type>
		<severity>INFO</severity>
		<timestamp>Thu Apr 11 13:03:47 2024</timestamp>
		<arg name='module'>/lib/x86_64-linux-gnu/libp11-kit.so.0</arg>
		<arg name='basement'>0x74c4c9aa7000</arg>
		<arg name='ceiling'>0x74c4c9be1bc7</arg>
		<arg name='symtab'>no</arg>
	</msg>
	<!-- Instrumentation of /lib/x86_64-linux-gnu/libp11-kit.so.0 image skipped because of filter conditions [cs-mode]. -->
	<!-- Update image info for [45:0x74C4C9A8F000:NN] /lib/x86_64-linux-gnu/libtasn1.so.6 -->
	<msg id='47' display='false' source='trc'>
		<type>LOAD_MODULE</type>
		<severity>INFO</severity>
		<timestamp>Thu Apr 11 13:03:47 2024</timestamp>
		<arg name='module'>/lib/x86_64-linux-gnu/libtasn1.so.6</arg>
		<arg name='basement'>0x74c4c9a8f000</arg>
		<arg name='ceiling'>0x74c4c9aa6227</arg>
		<arg name='symtab'>no</arg>
	</msg>
	<!-- Instrumentation of /lib/x86_64-linux-gnu/libtasn1.so.6 image skipped because of filter conditions [cs-mode]. -->
	<!-- Update image info for [46:0x74C4C9A88000:NN] /lib/x86_64-linux-gnu/libkeyutils.so.1 -->
	<msg id='48' display='false' source='trc'>
		<type>LOAD_MODULE</type>
		<severity>INFO</severity>
		<timestamp>Thu Apr 11 13:03:47 2024</timestamp>
		<arg name='module'>/lib/x86_64-linux-gnu/libkeyutils.so.1</arg>
		<arg name='basement'>0x74c4c9a88000</arg>
		<arg name='ceiling'>0x74c4c9a8e00f</arg>
		<arg name='symtab'>no</arg>
	</msg>
	<!-- Instrumentation of /lib/x86_64-linux-gnu/libkeyutils.so.1 image skipped because of filter conditions [cs-mode]. -->
	<!-- Update image info for [47:0x74C4C9A74000:NN] /lib/x86_64-linux-gnu/libresolv.so.2 -->
	<msg id='49' display='false' source='trc'>
		<type>LOAD_MODULE</type>
		<severity>INFO</severity>
		<timestamp>Thu Apr 11 13:03:47 2024</timestamp>
		<arg name='module'>/lib/x86_64-linux-gnu/libresolv.so.2</arg>
		<arg name='basement'>0x74c4c9a74000</arg>
		<arg name='ceiling'>0x74c4c9a87a47</arg>
		<arg name='symtab'>no</arg>
	</msg>
	<!-- Instrumentation of /lib/x86_64-linux-gnu/libresolv.so.2 image skipped because of filter conditions [cs-mode]. -->
	<!-- Update image info for [48:0x74C4C9A67000:NN] /lib/x86_64-linux-gnu/libffi.so.8 -->
	<msg id='50' display='false' source='trc'>
		<type>LOAD_MODULE</type>
		<severity>INFO</severity>
		<timestamp>Thu Apr 11 13:03:47 2024</timestamp>
		<arg name='module'>/lib/x86_64-linux-gnu/libffi.so.8</arg>
		<arg name='basement'>0x74c4c9a67000</arg>
		<arg name='ceiling'>0x74c4c9a7362f</arg>
		<arg name='symtab'>no</arg>
	</msg>
	<!-- Instrumentation of /lib/x86_64-linux-gnu/libffi.so.8 image skipped because of filter conditions [cs-mode]. -->
	<msg id='51' display='false' source='trc'>
		<type>UNLOAD_MODULE</type>
		<severity>INFO</severity>
		<timestamp>Thu Apr 11 13:03:47 2024</timestamp>
		<arg name='module'>/usr/bin/cmake</arg>
	</msg>
	<msg id='52' display='false' source='trc'>
		<type>UNLOAD_MODULE</type>
		<severity>INFO</severity>
		<timestamp>Thu Apr 11 13:03:47 2024</timestamp>
		<arg name='module'>/lib64/ld-linux-x86-64.so.2</arg>
	</msg>
	<msg id='53' display='false' source='trc'>
		<type>UNLOAD_MODULE</type>
		<severity>INFO</severity>
		<timestamp>Thu Apr 11 13:03:47 2024</timestamp>
		<arg name='module'>[vdso]</arg>
	</msg>
	<msg id='54' display='false' source='trc'>
		<type>UNLOAD_MODULE</type>
		<severity>INFO</severity>
		<timestamp>Thu Apr 11 13:03:47 2024</timestamp>
		<arg name='module'>/lib/x86_64-linux-gnu/libz.so.1</arg>
	</msg>
	<msg id='55' display='false' source='trc'>
		<type>UNLOAD_MODULE</type>
		<severity>INFO</severity>
		<timestamp>Thu Apr 11 13:03:47 2024</timestamp>
		<arg name='module'>/lib/x86_64-linux-gnu/libarchive.so.13</arg>
	</msg>
	<msg id='56' display='false' source='trc'>
		<type>UNLOAD_MODULE</type>
		<severity>INFO</severity>
		<timestamp>Thu Apr 11 13:03:47 2024</timestamp>
		<arg name='module'>/lib/x86_64-linux-gnu/libcurl.so.4</arg>
	</msg>
	<msg id='57' display='false' source='trc'>
		<type>UNLOAD_MODULE</type>
		<severity>INFO</severity>
		<timestamp>Thu Apr 11 13:03:47 2024</timestamp>
		<arg name='module'>/lib/x86_64-linux-gnu/libjsoncpp.so.25</arg>
	</msg>
	<msg id='58' display='false' source='trc'>
		<type>UNLOAD_MODULE</type>
		<severity>INFO</severity>
		<timestamp>Thu Apr 11 13:03:47 2024</timestamp>
		<arg name='module'>/lib/x86_64-linux-gnu/libuv.so.1</arg>
	</msg>
	<msg id='59' display='false' source='trc'>
		<type>UNLOAD_MODULE</type>
		<severity>INFO</severity>
		<timestamp>Thu Apr 11 13:03:47 2024</timestamp>
		<arg name='module'>/lib/x86_64-linux-gnu/librhash.so.0</arg>
	</msg>
	<msg id='60' display='false' source='trc'>
		<type>UNLOAD_MODULE</type>
		<severity>INFO</severity>
		<timestamp>Thu Apr 11 13:03:47 2024</timestamp>
		<arg name='module'>/lib/x86_64-linux-gnu/libstdc++.so.6</arg>
	</msg>
	<msg id='61' display='false' source='trc'>
		<type>UNLOAD_MODULE</type>
		<severity>INFO</severity>
		<timestamp>Thu Apr 11 13:03:47 2024</timestamp>
		<arg name='module'>/lib/x86_64-linux-gnu/libm.so.6</arg>
	</msg>
	<msg id='62' display='false' source='trc'>
		<type>UNLOAD_MODULE</type>
		<severity>INFO</severity>
		<timestamp>Thu Apr 11 13:03:47 2024</timestamp>
		<arg name='module'>/lib/x86_64-linux-gnu/libgcc_s.so.1</arg>
	</msg>
	<msg id='63' display='false' source='trc'>
		<type>UNLOAD_MODULE</type>
		<severity>INFO</severity>
		<timestamp>Thu Apr 11 13:03:47 2024</timestamp>
		<arg name='module'>/lib/x86_64-linux-gnu/libc.so.6</arg>
	</msg>
	<msg id='64' display='false' source='trc'>
		<type>UNLOAD_MODULE</type>
		<severity>INFO</severity>
		<timestamp>Thu Apr 11 13:03:48 2024</timestamp>
		<arg name='module'>/lib/x86_64-linux-gnu/libnettle.so.8</arg>
	</msg>
	<msg id='65' display='false' source='trc'>
		<type>UNLOAD_MODULE</type>
		<severity>INFO</severity>
		<timestamp>Thu Apr 11 13:03:48 2024</timestamp>
		<arg name='module'>/lib/x86_64-linux-gnu/libacl.so.1</arg>
	</msg>
	<msg id='66' display='false' source='trc'>
		<type>UNLOAD_MODULE</type>
		<severity>INFO</severity>
		<timestamp>Thu Apr 11 13:03:48 2024</timestamp>
		<arg name='module'>/lib/x86_64-linux-gnu/liblzma.so.5</arg>
	</msg>
	<msg id='67' display='false' source='trc'>
		<type>UNLOAD_MODULE</type>
		<severity>INFO</severity>
		<timestamp>Thu Apr 11 13:03:48 2024</timestamp>
		<arg name='module'>/lib/x86_64-linux-gnu/libzstd.so.1</arg>
	</msg>
	<msg id='68' display='false' source='trc'>
		<type>UNLOAD_MODULE</type>
		<severity>INFO</severity>
		<timestamp>Thu Apr 11 13:03:48 2024</timestamp>
		<arg name='module'>/lib/x86_64-linux-gnu/liblz4.so.1</arg>
	</msg>
	<msg id='69' display='false' source='trc'>
		<type>UNLOAD_MODULE</type>
		<severity>INFO</severity>
		<timestamp>Thu Apr 11 13:03:48 2024</timestamp>
		<arg name='module'>/lib/x86_64-linux-gnu/libbz2.so.1.0</arg>
	</msg>
	<msg id='70' display='false' source='trc'>
		<type>UNLOAD_MODULE</type>
		<severity>INFO</severity>
		<timestamp>Thu Apr 11 13:03:48 2024</timestamp>
		<arg name='module'>/lib/x86_64-linux-gnu/libxml2.so.2</arg>
	</msg>
	<msg id='71' display='false' source='trc'>
		<type>UNLOAD_MODULE</type>
		<severity>INFO</severity>
		<timestamp>Thu Apr 11 13:03:48 2024</timestamp>
		<arg name='module'>/lib/x86_64-linux-gnu/libnghttp2.so.14</arg>
	</msg>
	<msg id='72' display='false' source='trc'>
		<type>UNLOAD_MODULE</type>
		<severity>INFO</severity>
		<timestamp>Thu Apr 11 13:03:48 2024</timestamp>
		<arg name='module'>/lib/x86_64-linux-gnu/libidn2.so.0</arg>
	</msg>
	<msg id='73' display='false' source='trc'>
		<type>UNLOAD_MODULE</type>
		<severity>INFO</severity>
		<timestamp>Thu Apr 11 13:03:48 2024</timestamp>
		<arg name='module'>/lib/x86_64-linux-gnu/librtmp.so.1</arg>
	</msg>
	<msg id='74' display='false' source='trc'>
		<type>UNLOAD_MODULE</type>
		<severity>INFO</severity>
		<timestamp>Thu Apr 11 13:03:48 2024</timestamp>
		<arg name='module'>/lib/x86_64-linux-gnu/libssh.so.4</arg>
	</msg>
	<msg id='75' display='false' source='trc'>
		<type>UNLOAD_MODULE</type>
		<severity>INFO</severity>
		<timestamp>Thu Apr 11 13:03:48 2024</timestamp>
		<arg name='module'>/lib/x86_64-linux-gnu/libpsl.so.5</arg>
	</msg>
	<msg id='76' display='false' source='trc'>
		<type>UNLOAD_MODULE</type>
		<severity>INFO</severity>
		<timestamp>Thu Apr 11 13:03:48 2024</timestamp>
		<arg name='module'>/lib/x86_64-linux-gnu/libssl.so.3</arg>
	</msg>
	<msg id='77' display='false' source='trc'>
		<type>UNLOAD_MODULE</type>
		<severity>INFO</severity>
		<timestamp>Thu Apr 11 13:03:48 2024</timestamp>
		<arg name='module'>/lib/x86_64-linux-gnu/libcrypto.so.3</arg>
	</msg>
	<msg id='78' display='false' source='trc'>
		<type>UNLOAD_MODULE</type>
		<severity>INFO</severity>
		<timestamp>Thu Apr 11 13:03:48 2024</timestamp>
		<arg name='module'>/lib/x86_64-linux-gnu/libgssapi_krb5.so.2</arg>
	</msg>
	<msg id='79' display='false' source='trc'>
		<type>UNLOAD_MODULE</type>
		<severity>INFO</severity>
		<timestamp>Thu Apr 11 13:03:48 2024</timestamp>
		<arg name='module'>/lib/x86_64-linux-gnu/libldap-2.5.so.0</arg>
	</msg>
	<msg id='80' display='false' source='trc'>
		<type>UNLOAD_MODULE</type>
		<severity>INFO</severity>
		<timestamp>Thu Apr 11 13:03:48 2024</timestamp>
		<arg name='module'>/lib/x86_64-linux-gnu/liblber-2.5.so.0</arg>
	</msg>
	<msg id='81' display='false' source='trc'>
		<type>UNLOAD_MODULE</type>
		<severity>INFO</severity>
		<timestamp>Thu Apr 11 13:03:48 2024</timestamp>
		<arg name='module'>/lib/x86_64-linux-gnu/libbrotlidec.so.1</arg>
	</msg>
	<msg id='82' display='false' source='trc'>
		<type>UNLOAD_MODULE</type>
		<severity>INFO</severity>
		<timestamp>Thu Apr 11 13:03:48 2024</timestamp>
		<arg name='module'>/lib/x86_64-linux-gnu/libicuuc.so.70</arg>
	</msg>
	<msg id='83' display='false' source='trc'>
		<type>UNLOAD_MODULE</type>
		<severity>INFO</severity>
		<timestamp>Thu Apr 11 13:03:48 2024</timestamp>
		<arg name='module'>/lib/x86_64-linux-gnu/libunistring.so.2</arg>
	</msg>
	<msg id='84' display='false' source='trc'>
		<type>UNLOAD_MODULE</type>
		<severity>INFO</severity>
		<timestamp>Thu Apr 11 13:03:48 2024</timestamp>
		<arg name='module'>/lib/x86_64-linux-gnu/libgnutls.so.30</arg>
	</msg>
	<msg id='85' display='false' source='trc'>
		<type>UNLOAD_MODULE</type>
		<severity>INFO</severity>
		<timestamp>Thu Apr 11 13:03:48 2024</timestamp>
		<arg name='module'>/lib/x86_64-linux-gnu/libhogweed.so.6</arg>
	</msg>
	<msg id='86' display='false' source='trc'>
		<type>UNLOAD_MODULE</type>
		<severity>INFO</severity>
		<timestamp>Thu Apr 11 13:03:48 2024</timestamp>
		<arg name='module'>/lib/x86_64-linux-gnu/libgmp.so.10</arg>
	</msg>
	<msg id='87' display='false' source='trc'>
		<type>UNLOAD_MODULE</type>
		<severity>INFO</severity>
		<timestamp>Thu Apr 11 13:03:48 2024</timestamp>
		<arg name='module'>/lib/x86_64-linux-gnu/libkrb5.so.3</arg>
	</msg>
	<msg id='88' display='false' source='trc'>
		<type>UNLOAD_MODULE</type>
		<severity>INFO</severity>
		<timestamp>Thu Apr 11 13:03:48 2024</timestamp>
		<arg name='module'>/lib/x86_64-linux-gnu/libk5crypto.so.3</arg>
	</msg>
	<msg id='89' display='false' source='trc'>
		<type>UNLOAD_MODULE</type>
		<severity>INFO</severity>
		<timestamp>Thu Apr 11 13:03:48 2024</timestamp>
		<arg name='module'>/lib/x86_64-linux-gnu/libcom_err.so.2</arg>
	</msg>
	<msg id='90' display='false' source='trc'>
		<type>UNLOAD_MODULE</type>
		<severity>INFO</severity>
		<timestamp>Thu Apr 11 13:03:48 2024</timestamp>
		<arg name='module'>/lib/x86_64-linux-gnu/libkrb5support.so.0</arg>
	</msg>
	<msg id='91' display='false' source='trc'>
		<type>UNLOAD_MODULE</type>
		<severity>INFO</severity>
		<timestamp>Thu Apr 11 13:03:48 2024</timestamp>
		<arg name='module'>/lib/x86_64-linux-gnu/libsasl2.so.2</arg>
	</msg>
	<msg id='92' display='false' source='trc'>
		<type>UNLOAD_MODULE</type>
		<severity>INFO</severity>
		<timestamp>Thu Apr 11 13:03:48 2024</timestamp>
		<arg name='module'>/lib/x86_64-linux-gnu/libbrotlicommon.so.1</arg>
	</msg>
	<msg id='93' display='false' source='trc'>
		<type>UNLOAD_MODULE</type>
		<severity>INFO</severity>
		<timestamp>Thu Apr 11 13:03:48 2024</timestamp>
		<arg name='module'>/lib/x86_64-linux-gnu/libicudata.so.70</arg>
	</msg>
	<msg id='94' display='false' source='trc'>
		<type>UNLOAD_MODULE</type>
		<severity>INFO</severity>
		<timestamp>Thu Apr 11 13:03:48 2024</timestamp>
		<arg name='module'>/lib/x86_64-linux-gnu/libp11-kit.so.0</arg>
	</msg>
	<msg id='95' display='false' source='trc'>
		<type>UNLOAD_MODULE</type>
		<severity>INFO</severity>
		<timestamp>Thu Apr 11 13:03:48 2024</timestamp>
		<arg name='module'>/lib/x86_64-linux-gnu/libtasn1.so.6</arg>
	</msg>
	<msg id='96' display='false' source='trc'>
		<type>UNLOAD_MODULE</type>
		<severity>INFO</severity>
		<timestamp>Thu Apr 11 13:03:48 2024</timestamp>
		<arg name='module'>/lib/x86_64-linux-gnu/libkeyutils.so.1</arg>
	</msg>
	<msg id='97' display='false' source='trc'>
		<type>UNLOAD_MODULE</type>
		<severity>INFO</severity>
		<timestamp>Thu Apr 11 13:03:48 2024</timestamp>
		<arg name='module'>/lib/x86_64-linux-gnu/libresolv.so.2</arg>
	</msg>
	<msg id='98' display='false' source='trc'>
		<type>UNLOAD_MODULE</type>
		<severity>INFO</severity>
		<timestamp>Thu Apr 11 13:03:48 2024</timestamp>
		<arg name='module'>/lib/x86_64-linux-gnu/libffi.so.8</arg>
	</msg>
	<msg id='99' display='false' source='trc'>
		<type>PROCESS_FINISH</type>
		<severity>INFO</severity>
		<timestamp>Thu Apr 11 13:03:48 2024</timestamp>
		<arg name='process'>/usr/bin/cmake</arg>
		<arg name='pid'>90284</arg>
		<arg name='exitcode'>0x0</arg>
	</msg>
	<!-- Application exited with code 0 -->
</log>