<?xml version="1.0" encoding="utf-8" ?>
<!-- DO NOT EDIT THIS FILE -->

<log version='2.0' source='trc'>
	<msg id='1' display='false' source='trc'>
		<type>PROCESS_START</type>
		<severity>INFO</severity>
		<timestamp>Thu Apr 11 13:03:56 2024</timestamp>
		<arg name='process'>/usr/bin/cmake</arg>
		<arg name='pid'>90348</arg>
	</msg>
	<!-- Instrumentation filter's state:
    Patterns applicability:
        Generic loop pattern.....................: enabled
        Generic loop pattern (with dynamic jumps): enabled
        Known trip value loop pattern............: enabled
        Runtime final value loop pattern.........: enabled
        No initial IV loop pattern...............: enabled
        IV step only loop pattern................: enabled
        No entry loop pattern....................: enabled
    Clustered memory model (CMM) applicability:
        Generic loop pattern.....................: enabled
        Generic loop pattern (with dynamic jumps): enabled
        Known trip value loop pattern............: enabled
        Runtime final value loop pattern.........: enabled
        No initial IV loop pattern...............: enabled
        IV step only loop pattern................: enabled
        No entry loop pattern....................: disabled
 -->
	<!-- Callstack mode:
    filter modules.........: true
    filter routines........: true
    count loops............: true
    count flops............: true
    trace..................: false
    extended trace.........: false
    omp trace..............: false
    jit trace..............: false
    failures trace.........: false
    dump raw...............: false
    dump final.............: false
    dump all...............: false
    stack stitching........: true
    stl profiling..........: true
    aggressive frame switch: true
    unwind frame exit......: true
    analyze child loops....: true
 -->
	<!-- Managed application profiling: -->
	<!-- 	State...................: enabled -->
	<!-- Gpu Profiling: -->
	<!-- 	State  : disabled -->
	<!-- 	Filter : * -->
	<!-- 	GPUs   : 0:0:2.0 -->
	<!-- 	Options:  -->
	<!-- Creating caches according to description: 4:48k:12w/1280k:20w/1:8192k:8w -->
	<!-- Created cache simulator with the following features: set locker, random set sampler, fast random set mapper, bb attribution, default tag, empty feature with size 8388608, associativity 8, and sampling 0.100000 -->
	<!-- Created cache simulator with the following features: empty feature, random set sampler, fast random set mapper, bb attribution, default tag, empty feature with size 1310720, associativity 20, and sampling 0.100000 -->
	<!-- Created cache simulator with the following features: empty feature, random set sampler, fast random set mapper, bb attribution, default tag, empty feature with size 1310720, associativity 20, and sampling 0.100000 -->
	<!-- Created cache simulator with the following features: empty feature, random set sampler, fast random set mapper, bb attribution, default tag, empty feature with size 1310720, associativity 20, and sampling 0.100000 -->
	<!-- Created cache simulator with the following features: empty feature, random set sampler, fast random set mapper, bb attribution, default tag, empty feature with size 1310720, associativity 20, and sampling 0.100000 -->
	<!-- Created cache simulator with the following features: empty feature, random set sampler, fast random set mapper, bb attribution, default tag, empty feature with size 49152, associativity 12, and sampling 0.100000 -->
	<!-- Created cache simulator with the following features: empty feature, random set sampler, fast random set mapper, bb attribution, default tag, empty feature with size 49152, associativity 12, and sampling 0.100000 -->
	<!-- Created cache simulator with the following features: empty feature, random set sampler, fast random set mapper, bb attribution, default tag, empty feature with size 49152, associativity 12, and sampling 0.100000 -->
	<!-- Created cache simulator with the following features: empty feature, random set sampler, fast random set mapper, bb attribution, default tag, empty feature with size 49152, associativity 12, and sampling 0.100000 -->
	<!-- Cache hierarchy created. Status=success -->
	<msg id='2' display='false' source='trc'>
		<type>PROCESS_ANALYSIS_MODE</type>
		<severity>INFO</severity>
		<timestamp>Thu Apr 11 13:03:56 2024</timestamp>
		<arg name='mode'>full</arg>
	</msg>
	<!-- Update image info for [1:0x5F19B6D9B000:NN] /usr/bin/cmake -->
	<msg id='3' display='false' source='trc'>
		<type>LOAD_MODULE</type>
		<severity>INFO</severity>
		<timestamp>Thu Apr 11 13:03:56 2024</timestamp>
		<arg name='module'>/usr/bin/cmake</arg>
		<arg name='basement'>0x5f19b6d9b000</arg>
		<arg name='ceiling'>0x5f19b7413a27</arg>
		<arg name='symtab'>no</arg>
	</msg>
	<!-- Instrumentation of /usr/bin/cmake image skipped because of filter conditions [cs-mode]. -->
	<!-- Update image info for [2:0x785EF7855000:NN] /lib64/ld-linux-x86-64.so.2 -->
	<msg id='4' display='false' source='trc'>
		<type>LOAD_MODULE</type>
		<severity>INFO</severity>
		<timestamp>Thu Apr 11 13:03:56 2024</timestamp>
		<arg name='module'>/lib64/ld-linux-x86-64.so.2</arg>
		<arg name='basement'>0x785ef7855000</arg>
		<arg name='ceiling'>0x785ef78902d7</arg>
		<arg name='symtab'>no</arg>
	</msg>
	<!-- Instrumentation of /lib64/ld-linux-x86-64.so.2 image skipped because of filter conditions [cs-mode]. -->
	<!-- Update image info for [3:0x7FFDDBA39000:NN] [vdso] -->
	<msg id='5' display='false' source='trc'>
		<type>LOAD_MODULE</type>
		<severity>INFO</severity>
		<timestamp>Thu Apr 11 13:03:56 2024</timestamp>
		<arg name='module'>[vdso]</arg>
		<arg name='basement'>0x7ffddba39000</arg>
		<arg name='ceiling'>0x7ffddba3a0aa</arg>
		<arg name='symtab'>no</arg>
	</msg>
	<!-- Instrumentation of [vdso] image skipped because of filter conditions [cs-mode]. -->
	<!-- Update image info for [4:0x785EE1EF7000:NN] /lib/x86_64-linux-gnu/libz.so.1 -->
	<msg id='6' display='false' source='trc'>
		<type>LOAD_MODULE</type>
		<severity>INFO</severity>
		<timestamp>Thu Apr 11 13:03:56 2024</timestamp>
		<arg name='module'>/lib/x86_64-linux-gnu/libz.so.1</arg>
		<arg name='basement'>0x785ee1ef7000</arg>
		<arg name='ceiling'>0x785ee1f120b7</arg>
		<arg name='symtab'>no</arg>
	</msg>
	<!-- Instrumentation of /lib/x86_64-linux-gnu/libz.so.1 image skipped because of filter conditions [cs-mode]. -->
	<!-- Update image info for [5:0x785EE1D29000:NN] /lib/x86_64-linux-gnu/libarchive.so.13 -->
	<msg id='7' display='false' source='trc'>
		<type>LOAD_MODULE</type>
		<severity>INFO</severity>
		<timestamp>Thu Apr 11 13:03:56 2024</timestamp>
		<arg name='module'>/lib/x86_64-linux-gnu/libarchive.so.13</arg>
		<arg name='basement'>0x785ee1d29000</arg>
		<arg name='ceiling'>0x785ee1df2687</arg>
		<arg name='symtab'>no</arg>
	</msg>
	<!-- Instrumentation of /lib/x86_64-linux-gnu/libarchive.so.13 image skipped because of filter conditions [cs-mode]. -->
	<!-- Update image info for [6:0x785EE1C82000:NN] /lib/x86_64-linux-gnu/libcurl.so.4 -->
	<msg id='8' display='false' source='trc'>
		<type>LOAD_MODULE</type>
		<severity>INFO</severity>
		<timestamp>Thu Apr 11 13:03:56 2024</timestamp>
		<arg name='module'>/lib/x86_64-linux-gnu/libcurl.so.4</arg>
		<arg name='basement'>0x785ee1c82000</arg>
		<arg name='ceiling'>0x785ee1d28367</arg>
		<arg name='symtab'>no</arg>
	</msg>
	<!-- Instrumentation of /lib/x86_64-linux-gnu/libcurl.so.4 image skipped because of filter conditions [cs-mode]. -->
	<!-- Update image info for [7:0x785EE1C4D000:NN] /lib/x86_64-linux-gnu/libjsoncpp.so.25 -->
	<msg id='9' display='false' source='trc'>
		<type>LOAD_MODULE</type>
		<severity>INFO</severity>
		<timestamp>Thu Apr 11 13:03:56 2024</timestamp>
		<arg name='module'>/lib/x86_64-linux-gnu/libjsoncpp.so.25</arg>
		<arg name='basement'>0x785ee1c4d000</arg>
		<arg name='ceiling'>0x785ee1c812a7</arg>
		<arg name='symtab'>no</arg>
	</msg>
	<!-- Instrumentation of /lib/x86_64-linux-gnu/libjsoncpp.so.25 image skipped because of filter conditions [cs-mode]. -->
	<!-- Update image info for [8:0x785EE1C1B000:NN] /lib/x86_64-linux-gnu/libuv.so.1 -->
	<msg id='10' display='false' source='trc'>
		<type>LOAD_MODULE</type>
		<severity>INFO</severity>
		<timestamp>Thu Apr 11 13:03:56 2024</timestamp>
		<arg name='module'>/lib/x86_64-linux-gnu/libuv.so.1</arg>
		<arg name='basement'>0x785ee1c1b000</arg>
		<arg name='ceiling'>0x785ee1c4c6cf</arg>
		<arg name='symtab'>no</arg>
	</msg>
	<!-- Instrumentation of /lib/x86_64-linux-gnu/libuv.so.1 image skipped because of filter conditions [cs-mode]. -->
	<!-- Update image info for [9:0x785EE1BE7000:NN] /lib/x86_64-linux-gnu/librhash.so.0 -->
	<msg id='11' display='false' source='trc'>
		<type>LOAD_MODULE</type>
		<severity>INFO</severity>
		<timestamp>Thu Apr 11 13:03:56 2024</timestamp>
		<arg name='module'>/lib/x86_64-linux-gnu/librhash.so.0</arg>
		<arg name='basement'>0x785ee1be7000</arg>
		<arg name='ceiling'>0x785ee1c1a46f</arg>
		<arg name='symtab'>no</arg>
	</msg>
	<!-- Instrumentation of /lib/x86_64-linux-gnu/librhash.so.0 image skipped because of filter conditions [cs-mode]. -->
	<!-- Update image info for [10:0x785EE1800000:NN] /lib/x86_64-linux-gnu/libstdc++.so.6 -->
	<msg id='12' display='false' source='trc'>
		<type>LOAD_MODULE</type>
		<severity>INFO</severity>
		<timestamp>Thu Apr 11 13:03:56 2024</timestamp>
		<arg name='module'>/lib/x86_64-linux-gnu/libstdc++.so.6</arg>
		<arg name='basement'>0x785ee1800000</arg>
		<arg name='ceiling'>0x785ee1a2b8bf</arg>
		<arg name='symtab'>no</arg>
	</msg>
	<!-- Instrumentation of /lib/x86_64-linux-gnu/libstdc++.so.6 image skipped because of filter conditions [cs-mode]. -->
	<!-- Update image info for [11:0x785EE1AFF000:NN] /lib/x86_64-linux-gnu/libm.so.6 -->
	<msg id='13' display='false' source='trc'>
		<type>LOAD_MODULE</type>
		<severity>INFO</severity>
		<timestamp>Thu Apr 11 13:03:56 2024</timestamp>
		<arg name='module'>/lib/x86_64-linux-gnu/libm.so.6</arg>
		<arg name='basement'>0x785ee1aff000</arg>
		<arg name='ceiling'>0x785ee1be5107</arg>
		<arg name='symtab'>no</arg>
	</msg>
	<!-- Instrumentation of /lib/x86_64-linux-gnu/libm.so.6 image skipped because of filter conditions [cs-mode]. -->
	<!-- Update image info for [12:0x785EE1ADF000:NN] /lib/x86_64-linux-gnu/libgcc_s.so.1 -->
	<msg id='14' display='false' source='trc'>
		<type>LOAD_MODULE</type>
		<severity>INFO</severity>
		<timestamp>Thu Apr 11 13:03:56 2024</timestamp>
		<arg name='module'>/lib/x86_64-linux-gnu/libgcc_s.so.1</arg>
		<arg name='basement'>0x785ee1adf000</arg>
		<arg name='ceiling'>0x785ee1afe2e7</arg>
		<arg name='symtab'>no</arg>
	</msg>
	<!-- Instrumentation of /lib/x86_64-linux-gnu/libgcc_s.so.1 image skipped because of filter conditions [cs-mode]. -->
	<!-- Update image info for [13:0x785EE1400000:NN] /lib/x86_64-linux-gnu/libc.so.6 -->
	<msg id='15' display='false' source='trc'>
		<type>LOAD_MODULE</type>
		<severity>INFO</severity>
		<timestamp>Thu Apr 11 13:03:56 2024</timestamp>
		<arg name='module'>/lib/x86_64-linux-gnu/libc.so.6</arg>
		<arg name='basement'>0x785ee1400000</arg>
		<arg name='ceiling'>0x785ee1628e4f</arg>
		<arg name='symtab'>no</arg>
	</msg>
	<!-- Instrumentation of /lib/x86_64-linux-gnu/libc.so.6 image skipped because of filter conditions. -->
	<!-- Update image info for [14:0x785EE1A2C000:NN] /lib/x86_64-linux-gnu/libnettle.so.8 -->
	<msg id='16' display='false' source='trc'>
		<type>LOAD_MODULE</type>
		<severity>INFO</severity>
		<timestamp>Thu Apr 11 13:03:57 2024</timestamp>
		<arg name='module'>/lib/x86_64-linux-gnu/libnettle.so.8</arg>
		<arg name='basement'>0x785ee1a2c000</arg>
		<arg name='ceiling'>0x785ee1a710d7</arg>
		<arg name='symtab'>no</arg>
	</msg>
	<!-- Instrumentation of /lib/x86_64-linux-gnu/libnettle.so.8 image skipped because of filter conditions [cs-mode]. -->
	<!-- Update image info for [15:0x785EE17F6000:NN] /lib/x86_64-linux-gnu/libacl.so.1 -->
	<msg id='17' display='false' source='trc'>
		<type>LOAD_MODULE</type>
		<severity>INFO</severity>
		<timestamp>Thu Apr 11 13:03:57 2024</timestamp>
		<arg name='module'>/lib/x86_64-linux-gnu/libacl.so.1</arg>
		<arg name='basement'>0x785ee17f6000</arg>
		<arg name='ceiling'>0x785ee17ff01f</arg>
		<arg name='symtab'>no</arg>
	</msg>
	<!-- Instrumentation of /lib/x86_64-linux-gnu/libacl.so.1 image skipped because of filter conditions [cs-mode]. -->
	<!-- Update image info for [16:0x785EE17C3000:NN] /lib/x86_64-linux-gnu/liblzma.so.5 -->
	<msg id='18' display='false' source='trc'>
		<type>LOAD_MODULE</type>
		<severity>INFO</severity>
		<timestamp>Thu Apr 11 13:03:57 2024</timestamp>
		<arg name='module'>/lib/x86_64-linux-gnu/liblzma.so.5</arg>
		<arg name='basement'>0x785ee17c3000</arg>
		<arg name='ceiling'>0x785ee17f5017</arg>
		<arg name='symtab'>no</arg>
	</msg>
	<!-- Instrumentation of /lib/x86_64-linux-gnu/liblzma.so.5 image skipped because of filter conditions [cs-mode]. -->
	<!-- Update image info for [17:0x785EE16F4000:NN] /lib/x86_64-linux-gnu/libzstd.so.1 -->
	<msg id='19' display='false' source='trc'>
		<type>LOAD_MODULE</type>
		<severity>INFO</severity>
		<timestamp>Thu Apr 11 13:03:57 2024</timestamp>
		<arg name='module'>/lib/x86_64-linux-gnu/libzstd.so.1</arg>
		<arg name='basement'>0x785ee16f4000</arg>
		<arg name='ceiling'>0x785ee17c2037</arg>
		<arg name='symtab'>no</arg>
	</msg>
	<!-- Instrumentation of /lib/x86_64-linux-gnu/libzstd.so.1 image skipped because of filter conditions [cs-mode]. -->
	<!-- Update image info for [18:0x785EE16D4000:NN] /lib/x86_64-linux-gnu/liblz4.so.1 -->
	<msg id='20' display='false' source='trc'>
		<type>LOAD_MODULE</type>
		<severity>INFO</severity>
		<timestamp>Thu Apr 11 13:03:57 2024</timestamp>
		<arg name='module'>/lib/x86_64-linux-gnu/liblz4.so.1</arg>
		<arg name='basement'>0x785ee16d4000</arg>
		<arg name='ceiling'>0x785ee16f305f</arg>
		<arg name='symtab'>no</arg>
	</msg>
	<!-- Instrumentation of /lib/x86_64-linux-gnu/liblz4.so.1 image skipped because of filter conditions [cs-mode]. -->
	<!-- Update image info for [19:0x785EE16C1000:NN] /lib/x86_64-linux-gnu/libbz2.so.1.0 -->
	<msg id='21' display='false' source='trc'>
		<type>LOAD_MODULE</type>
		<severity>INFO</severity>
		<timestamp>Thu Apr 11 13:03:57 2024</timestamp>
		<arg name='module'>/lib/x86_64-linux-gnu/libbz2.so.1.0</arg>
		<arg name='basement'>0x785ee16c1000</arg>
		<arg name='ceiling'>0x785ee16d3c27</arg>
		<arg name='symtab'>no</arg>
	</msg>
	<!-- Instrumentation of /lib/x86_64-linux-gnu/libbz2.so.1.0 image skipped because of filter conditions [cs-mode]. -->
	<!-- Update image info for [20:0x785EE121E000:NN] /lib/x86_64-linux-gnu/libxml2.so.2 -->
	<msg id='22' display='false' source='trc'>
		<type>LOAD_MODULE</type>
		<severity>INFO</severity>
		<timestamp>Thu Apr 11 13:03:57 2024</timestamp>
		<arg name='module'>/lib/x86_64-linux-gnu/libxml2.so.2</arg>
		<arg name='basement'>0x785ee121e000</arg>
		<arg name='ceiling'>0x785ee13ffdd7</arg>
		<arg name='symtab'>no</arg>
	</msg>
	<!-- Instrumentation of /lib/x86_64-linux-gnu/libxml2.so.2 image skipped because of filter conditions [cs-mode]. -->
	<!-- Update image info for [21:0x785EE1676000:NN] /lib/x86_64-linux-gnu/libnghttp2.so.14 -->
	<msg id='23' display='false' source='trc'>
		<type>LOAD_MODULE</type>
		<severity>INFO</severity>
		<timestamp>Thu Apr 11 13:03:57 2024</timestamp>
		<arg name='module'>/lib/x86_64-linux-gnu/libnghttp2.so.14</arg>
		<arg name='basement'>0x785ee1676000</arg>
		<arg name='ceiling'>0x785ee169f10f</arg>
		<arg name='symtab'>no</arg>
	</msg>
	<!-- Instrumentation of /lib/x86_64-linux-gnu/libnghttp2.so.14 image skipped because of filter conditions [cs-mode]. -->
	<!-- Update image info for [22:0x785EE1655000:NN] /lib/x86_64-linux-gnu/libidn2.so.0 -->
	<msg id='24' display='false' source='trc'>
		<type>LOAD_MODULE</type>
		<severity>INFO</severity>
		<timestamp>Thu Apr 11 13:03:57 2024</timestamp>
		<arg name='module'>/lib/x86_64-linux-gnu/libidn2.so.0</arg>
		<arg name='basement'>0x785ee1655000</arg>
		<arg name='ceiling'>0x785ee167500f</arg>
		<arg name='symtab'>no</arg>
	</msg>
	<!-- Instrumentation of /lib/x86_64-linux-gnu/libidn2.so.0 image skipped because of filter conditions [cs-mode]. -->
	<!-- Update image info for [23:0x785EE11FF000:NN] /lib/x86_64-linux-gnu/librtmp.so.1 -->
	<msg id='25' display='false' source='trc'>
		<type>LOAD_MODULE</type>
		<severity>INFO</severity>
		<timestamp>Thu Apr 11 13:03:57 2024</timestamp>
		<arg name='module'>/lib/x86_64-linux-gnu/librtmp.so.1</arg>
		<arg name='basement'>0x785ee11ff000</arg>
		<arg name='ceiling'>0x785ee121d3af</arg>
		<arg name='symtab'>no</arg>
	</msg>
	<!-- Instrumentation of /lib/x86_64-linux-gnu/librtmp.so.1 image skipped because of filter conditions [cs-mode]. -->
	<!-- Update image info for [24:0x785EE1192000:NN] /lib/x86_64-linux-gnu/libssh.so.4 -->
	<msg id='26' display='false' source='trc'>
		<type>LOAD_MODULE</type>
		<severity>INFO</severity>
		<timestamp>Thu Apr 11 13:03:57 2024</timestamp>
		<arg name='module'>/lib/x86_64-linux-gnu/libssh.so.4</arg>
		<arg name='basement'>0x785ee1192000</arg>
		<arg name='ceiling'>0x785ee11fe5df</arg>
		<arg name='symtab'>no</arg>
	</msg>
	<!-- Instrumentation of /lib/x86_64-linux-gnu/libssh.so.4 image skipped because of filter conditions [cs-mode]. -->
	<!-- Update image info for [25:0x785EE117E000:NN] /lib/x86_64-linux-gnu/libpsl.so.5 -->
	<msg id='27' display='false' source='trc'>
		<type>LOAD_MODULE</type>
		<severity>INFO</severity>
		<timestamp>Thu Apr 11 13:03:57 2024</timestamp>
		<arg name='module'>/lib/x86_64-linux-gnu/libpsl.so.5</arg>
		<arg name='basement'>0x785ee117e000</arg>
		<arg name='ceiling'>0x785ee119100f</arg>
		<arg name='symtab'>no</arg>
	</msg>
	<!-- Instrumentation of /lib/x86_64-linux-gnu/libpsl.so.5 image skipped because of filter conditions [cs-mode]. -->
	<!-- Update image info for [26:0x785EE10B9000:NN] /lib/x86_64-linux-gnu/libssl.so.3 -->
	<msg id='28' display='false' source='trc'>
		<type>LOAD_MODULE</type>
		<severity>INFO</severity>
		<timestamp>Thu Apr 11 13:03:57 2024</timestamp>
		<arg name='module'>/lib/x86_64-linux-gnu/libssl.so.3</arg>
		<arg name='basement'>0x785ee10b9000</arg>
		<arg name='ceiling'>0x785ee115c7ef</arg>
		<arg name='symtab'>no</arg>
	</msg>
	<!-- Instrumentation of /lib/x86_64-linux-gnu/libssl.so.3 image skipped because of filter conditions [cs-mode]. -->
	<!-- Update image info for [27:0x785EE0C00000:NN] /lib/x86_64-linux-gnu/libcrypto.so.3 -->
	<msg id='29' display='false' source='trc'>
		<type>LOAD_MODULE</type>
		<severity>INFO</severity>
		<timestamp>Thu Apr 11 13:03:57 2024</timestamp>
		<arg name='module'>/lib/x86_64-linux-gnu/libcrypto.so.3</arg>
		<arg name='basement'>0x785ee0c00000</arg>
		<arg name='ceiling'>0x785ee10424bf</arg>
		<arg name='symtab'>no</arg>
	</msg>
	<!-- Instrumentation of /lib/x86_64-linux-gnu/libcrypto.so.3 image skipped because of filter conditions [cs-mode]. -->
	<!-- Update image info for [28:0x785EE1065000:NN] /lib/x86_64-linux-gnu/libgssapi_krb5.so.2 -->
	<msg id='30' display='false' source='trc'>
		<type>LOAD_MODULE</type>
		<severity>INFO</severity>
		<timestamp>Thu Apr 11 13:03:57 2024</timestamp>
		<arg name='module'>/lib/x86_64-linux-gnu/libgssapi_krb5.so.2</arg>
		<arg name='basement'>0x785ee1065000</arg>
		<arg name='ceiling'>0x785ee10b83df</arg>
		<arg name='symtab'>no</arg>
	</msg>
	<!-- Instrumentation of /lib/x86_64-linux-gnu/libgssapi_krb5.so.2 image skipped because of filter conditions [cs-mode]. -->
	<!-- Update image info for [29:0x785EE0BA1000:NN] /lib/x86_64-linux-gnu/libldap-2.5.so.0 -->
	<msg id='31' display='false' source='trc'>
		<type>LOAD_MODULE</type>
		<severity>INFO</severity>
		<timestamp>Thu Apr 11 13:03:57 2024</timestamp>
		<arg name='module'>/lib/x86_64-linux-gnu/libldap-2.5.so.0</arg>
		<arg name='basement'>0x785ee0ba1000</arg>
		<arg name='ceiling'>0x785ee0bffb5f</arg>
		<arg name='symtab'>no</arg>
	</msg>
	<!-- Instrumentation of /lib/x86_64-linux-gnu/libldap-2.5.so.0 image skipped because of filter conditions [cs-mode]. -->
	<!-- Update image info for [30:0x785EE1054000:NN] /lib/x86_64-linux-gnu/liblber-2.5.so.0 -->
	<msg id='32' display='false' source='trc'>
		<type>LOAD_MODULE</type>
		<severity>INFO</severity>
		<timestamp>Thu Apr 11 13:03:57 2024</timestamp>
		<arg name='module'>/lib/x86_64-linux-gnu/liblber-2.5.so.0</arg>
		<arg name='basement'>0x785ee1054000</arg>
		<arg name='ceiling'>0x785ee10641a7</arg>
		<arg name='symtab'>no</arg>
	</msg>
	<!-- Instrumentation of /lib/x86_64-linux-gnu/liblber-2.5.so.0 image skipped because of filter conditions [cs-mode]. -->
	<!-- Update image info for [31:0x785EE1046000:NN] /lib/x86_64-linux-gnu/libbrotlidec.so.1 -->
	<msg id='33' display='false' source='trc'>
		<type>LOAD_MODULE</type>
		<severity>INFO</severity>
		<timestamp>Thu Apr 11 13:03:57 2024</timestamp>
		<arg name='module'>/lib/x86_64-linux-gnu/libbrotlidec.so.1</arg>
		<arg name='basement'>0x785ee1046000</arg>
		<arg name='ceiling'>0x785ee1053067</arg>
		<arg name='symtab'>no</arg>
	</msg>
	<!-- Instrumentation of /lib/x86_64-linux-gnu/libbrotlidec.so.1 image skipped because of filter conditions [cs-mode]. -->
	<!-- Update image info for [32:0x785EE09A4000:NN] /lib/x86_64-linux-gnu/libicuuc.so.70 -->
	<msg id='34' display='false' source='trc'>
		<type>LOAD_MODULE</type>
		<severity>INFO</severity>
		<timestamp>Thu Apr 11 13:03:57 2024</timestamp>
		<arg name='module'>/lib/x86_64-linux-gnu/libicuuc.so.70</arg>
		<arg name='basement'>0x785ee09a4000</arg>
		<arg name='ceiling'>0x785ee0b9e2df</arg>
		<arg name='symtab'>no</arg>
	</msg>
	<!-- Instrumentation of /lib/x86_64-linux-gnu/libicuuc.so.70 image skipped because of filter conditions [cs-mode]. -->
	<!-- Update image info for [33:0x785EE07F6000:NN] /lib/x86_64-linux-gnu/libunistring.so.2 -->
	<msg id='35' display='false' source='trc'>
		<type>LOAD_MODULE</type>
		<severity>INFO</severity>
		<timestamp>Thu Apr 11 13:03:57 2024</timestamp>
		<arg name='module'>/lib/x86_64-linux-gnu/libunistring.so.2</arg>
		<arg name='basement'>0x785ee07f6000</arg>
		<arg name='ceiling'>0x785ee099f8e7</arg>
		<arg name='symtab'>no</arg>
	</msg>
	<!-- Instrumentation of /lib/x86_64-linux-gnu/libunistring.so.2 image skipped because of filter conditions [cs-mode]. -->
	<!-- Update image info for [34:0x785EE060B000:NN] /lib/x86_64-linux-gnu/libgnutls.so.30 -->
	<msg id='36' display='false' source='trc'>
		<type>LOAD_MODULE</type>
		<severity>INFO</severity>
		<timestamp>Thu Apr 11 13:03:57 2024</timestamp>
		<arg name='module'>/lib/x86_64-linux-gnu/libgnutls.so.30</arg>
		<arg name='basement'>0x785ee060b000</arg>
		<arg name='ceiling'>0x785ee07f57ff</arg>
		<arg name='symtab'>no</arg>
	</msg>
	<!-- Instrumentation of /lib/x86_64-linux-gnu/libgnutls.so.30 image skipped because of filter conditions [cs-mode]. -->
	<!-- Update image info for [35:0x785EE05C3000:NN] /lib/x86_64-linux-gnu/libhogweed.so.6 -->
	<msg id='37' display='false' source='trc'>
		<type>LOAD_MODULE</type>
		<severity>INFO</severity>
		<timestamp>Thu Apr 11 13:03:57 2024</timestamp>
		<arg name='module'>/lib/x86_64-linux-gnu/libhogweed.so.6</arg>
		<arg name='basement'>0x785ee05c3000</arg>
		<arg name='ceiling'>0x785ee060a337</arg>
		<arg name='symtab'>no</arg>
	</msg>
	<!-- Instrumentation of /lib/x86_64-linux-gnu/libhogweed.so.6 image skipped because of filter conditions [cs-mode]. -->
	<!-- Update image info for [36:0x785EE0541000:NN] /lib/x86_64-linux-gnu/libgmp.so.10 -->
	<msg id='38' display='false' source='trc'>
		<type>LOAD_MODULE</type>
		<severity>INFO</severity>
		<timestamp>Thu Apr 11 13:03:57 2024</timestamp>
		<arg name='module'>/lib/x86_64-linux-gnu/libgmp.so.10</arg>
		<arg name='basement'>0x785ee0541000</arg>
		<arg name='ceiling'>0x785ee05c220f</arg>
		<arg name='symtab'>no</arg>
	</msg>
	<!-- Instrumentation of /lib/x86_64-linux-gnu/libgmp.so.10 image skipped because of filter conditions [cs-mode]. -->
	<!-- Update image info for [37:0x785EE0476000:NN] /lib/x86_64-linux-gnu/libkrb5.so.3 -->
	<msg id='39' display='false' source='trc'>
		<type>LOAD_MODULE</type>
		<severity>INFO</severity>
		<timestamp>Thu Apr 11 13:03:57 2024</timestamp>
		<arg name='module'>/lib/x86_64-linux-gnu/libkrb5.so.3</arg>
		<arg name='basement'>0x785ee0476000</arg>
		<arg name='ceiling'>0x785ee0540c6f</arg>
		<arg name='symtab'>no</arg>
	</msg>
	<!-- Instrumentation of /lib/x86_64-linux-gnu/libkrb5.so.3 image skipped because of filter conditions [cs-mode]. -->
	<!-- Update image info for [38:0x785EE0447000:NN] /lib/x86_64-linux-gnu/libk5crypto.so.3 -->
	<msg id='40' display='false' source='trc'>
		<type>LOAD_MODULE</type>
		<severity>INFO</severity>
		<timestamp>Thu Apr 11 13:03:57 2024</timestamp>
		<arg name='module'>/lib/x86_64-linux-gnu/libk5crypto.so.3</arg>
		<arg name='basement'>0x785ee0447000</arg>
		<arg name='ceiling'>0x785ee0475037</arg>
		<arg name='symtab'>no</arg>
	</msg>
	<!-- Instrumentation of /lib/x86_64-linux-gnu/libk5crypto.so.3 image skipped because of filter conditions [cs-mode]. -->
	<!-- Update image info for [39:0x785EE0441000:NN] /lib/x86_64-linux-gnu/libcom_err.so.2 -->
	<msg id='41' display='false' source='trc'>
		<type>LOAD_MODULE</type>
		<severity>INFO</severity>
		<timestamp>Thu Apr 11 13:03:57 2024</timestamp>
		<arg name='module'>/lib/x86_64-linux-gnu/libcom_err.so.2</arg>
		<arg name='basement'>0x785ee0441000</arg>
		<arg name='ceiling'>0x785ee0446047</arg>
		<arg name='symtab'>no</arg>
	</msg>
	<!-- Instrumentation of /lib/x86_64-linux-gnu/libcom_err.so.2 image skipped because of filter conditions [cs-mode]. -->
	<!-- Update image info for [40:0x785EE0433000:NN] /lib/x86_64-linux-gnu/libkrb5support.so.0 -->
	<msg id='42' display='false' source='trc'>
		<type>LOAD_MODULE</type>
		<severity>INFO</severity>
		<timestamp>Thu Apr 11 13:03:57 2024</timestamp>
		<arg name='module'>/lib/x86_64-linux-gnu/libkrb5support.so.0</arg>
		<arg name='basement'>0x785ee0433000</arg>
		<arg name='ceiling'>0x785ee04403cf</arg>
		<arg name='symtab'>no</arg>
	</msg>
	<!-- Instrumentation of /lib/x86_64-linux-gnu/libkrb5support.so.0 image skipped because of filter conditions [cs-mode]. -->
	<!-- Update image info for [41:0x785EE0418000:NN] /lib/x86_64-linux-gnu/libsasl2.so.2 -->
	<msg id='43' display='false' source='trc'>
		<type>LOAD_MODULE</type>
		<severity>INFO</severity>
		<timestamp>Thu Apr 11 13:03:57 2024</timestamp>
		<arg name='module'>/lib/x86_64-linux-gnu/libsasl2.so.2</arg>
		<arg name='basement'>0x785ee0418000</arg>
		<arg name='ceiling'>0x785ee04323ef</arg>
		<arg name='symtab'>no</arg>
	</msg>
	<!-- Instrumentation of /lib/x86_64-linux-gnu/libsasl2.so.2 image skipped because of filter conditions [cs-mode]. -->
	<!-- Update image info for [42:0x785EE03F5000:NN] /lib/x86_64-linux-gnu/libbrotlicommon.so.1 -->
	<msg id='44' display='false' source='trc'>
		<type>LOAD_MODULE</type>
		<severity>INFO</severity>
		<timestamp>Thu Apr 11 13:03:57 2024</timestamp>
		<arg name='module'>/lib/x86_64-linux-gnu/libbrotlicommon.so.1</arg>
		<arg name='basement'>0x785ee03f5000</arg>
		<arg name='ceiling'>0x785ee0417037</arg>
		<arg name='symtab'>no</arg>
	</msg>
	<!-- Instrumentation of /lib/x86_64-linux-gnu/libbrotlicommon.so.1 image skipped because of filter conditions [cs-mode]. -->
	<!-- Update image info for [43:0x785EDE600000:NN] /lib/x86_64-linux-gnu/libicudata.so.70 -->
	<msg id='45' display='false' source='trc'>
		<type>LOAD_MODULE</type>
		<severity>INFO</severity>
		<timestamp>Thu Apr 11 13:03:57 2024</timestamp>
		<arg name='module'>/lib/x86_64-linux-gnu/libicudata.so.70</arg>
		<arg name='basement'>0x785ede600000</arg>
		<arg name='ceiling'>0x785ee021d017</arg>
		<arg name='symtab'>no</arg>
	</msg>
	<!-- Instrumentation of /lib/x86_64-linux-gnu/libicudata.so.70 image skipped because of filter conditions [cs-mode]. -->
	<!-- Update image info for [44:0x785EE02BA000:NN] /lib/x86_64-linux-gnu/libp11-kit.so.0 -->
	<msg id='46' display='false' source='trc'>
		<type>LOAD_MODULE</type>
		<severity>INFO</severity>
		<timestamp>Thu Apr 11 13:03:57 2024</timestamp>
		<arg name='module'>/lib/x86_64-linux-gnu/libp11-kit.so.0</arg>
		<arg name='basement'>0x785ee02ba000</arg>
		<arg name='ceiling'>0x785ee03f4bc7</arg>
		<arg name='symtab'>no</arg>
	</msg>
	<!-- Instrumentation of /lib/x86_64-linux-gnu/libp11-kit.so.0 image skipped because of filter conditions [cs-mode]. -->
	<!-- Update image info for [45:0x785EE02A2000:NN] /lib/x86_64-linux-gnu/libtasn1.so.6 -->
	<msg id='47' display='false' source='trc'>
		<type>LOAD_MODULE</type>
		<severity>INFO</severity>
		<timestamp>Thu Apr 11 13:03:57 2024</timestamp>
		<arg name='module'>/lib/x86_64-linux-gnu/libtasn1.so.6</arg>
		<arg name='basement'>0x785ee02a2000</arg>
		<arg name='ceiling'>0x785ee02b9227</arg>
		<arg name='symtab'>no</arg>
	</msg>
	<!-- Instrumentation of /lib/x86_64-linux-gnu/libtasn1.so.6 image skipped because of filter conditions [cs-mode]. -->
	<!-- Update image info for [46:0x785EE029B000:NN] /lib/x86_64-linux-gnu/libkeyutils.so.1 -->
	<msg id='48' display='false' source='trc'>
		<type>LOAD_MODULE</type>
		<severity>INFO</severity>
		<timestamp>Thu Apr 11 13:03:57 2024</timestamp>
		<arg name='module'>/lib/x86_64-linux-gnu/libkeyutils.so.1</arg>
		<arg name='basement'>0x785ee029b000</arg>
		<arg name='ceiling'>0x785ee02a100f</arg>
		<arg name='symtab'>no</arg>
	</msg>
	<!-- Instrumentation of /lib/x86_64-linux-gnu/libkeyutils.so.1 image skipped because of filter conditions [cs-mode]. -->
	<!-- Update image info for [47:0x785EE0287000:NN] /lib/x86_64-linux-gnu/libresolv.so.2 -->
	<msg id='49' display='false' source='trc'>
		<type>LOAD_MODULE</type>
		<severity>INFO</severity>
		<timestamp>Thu Apr 11 13:03:57 2024</timestamp>
		<arg name='module'>/lib/x86_64-linux-gnu/libresolv.so.2</arg>
		<arg name='basement'>0x785ee0287000</arg>
		<arg name='ceiling'>0x785ee029aa47</arg>
		<arg name='symtab'>no</arg>
	</msg>
	<!-- Instrumentation of /lib/x86_64-linux-gnu/libresolv.so.2 image skipped because of filter conditions [cs-mode]. -->
	<!-- Update image info for [48:0x785EE027A000:NN] /lib/x86_64-linux-gnu/libffi.so.8 -->
	<msg id='50' display='false' source='trc'>
		<type>LOAD_MODULE</type>
		<severity>INFO</severity>
		<timestamp>Thu Apr 11 13:03:57 2024</timestamp>
		<arg name='module'>/lib/x86_64-linux-gnu/libffi.so.8</arg>
		<arg name='basement'>0x785ee027a000</arg>
		<arg name='ceiling'>0x785ee028662f</arg>
		<arg name='symtab'>no</arg>
	</msg>
	<!-- Instrumentation of /lib/x86_64-linux-gnu/libffi.so.8 image skipped because of filter conditions [cs-mode]. -->
	<msg id='51' display='false' source='trc'>
		<type>UNLOAD_MODULE</type>
		<severity>INFO</severity>
		<timestamp>Thu Apr 11 13:03:59 2024</timestamp>
		<arg name='module'>/usr/bin/cmake</arg>
	</msg>
	<msg id='52' display='false' source='trc'>
		<type>UNLOAD_MODULE</type>
		<severity>INFO</severity>
		<timestamp>Thu Apr 11 13:03:59 2024</timestamp>
		<arg name='module'>/lib64/ld-linux-x86-64.so.2</arg>
	</msg>
	<msg id='53' display='false' source='trc'>
		<type>UNLOAD_MODULE</type>
		<severity>INFO</severity>
		<timestamp>Thu Apr 11 13:03:59 2024</timestamp>
		<arg name='module'>[vdso]</arg>
	</msg>
	<msg id='54' display='false' source='trc'>
		<type>UNLOAD_MODULE</type>
		<severity>INFO</severity>
		<timestamp>Thu Apr 11 13:03:59 2024</timestamp>
		<arg name='module'>/lib/x86_64-linux-gnu/libz.so.1</arg>
	</msg>
	<msg id='55' display='false' source='trc'>
		<type>UNLOAD_MODULE</type>
		<severity>INFO</severity>
		<timestamp>Thu Apr 11 13:03:59 2024</timestamp>
		<arg name='module'>/lib/x86_64-linux-gnu/libarchive.so.13</arg>
	</msg>
	<msg id='56' display='false' source='trc'>
		<type>UNLOAD_MODULE</type>
		<severity>INFO</severity>
		<timestamp>Thu Apr 11 13:03:59 2024</timestamp>
		<arg name='module'>/lib/x86_64-linux-gnu/libcurl.so.4</arg>
	</msg>
	<msg id='57' display='false' source='trc'>
		<type>UNLOAD_MODULE</type>
		<severity>INFO</severity>
		<timestamp>Thu Apr 11 13:03:59 2024</timestamp>
		<arg name='module'>/lib/x86_64-linux-gnu/libjsoncpp.so.25</arg>
	</msg>
	<msg id='58' display='false' source='trc'>
		<type>UNLOAD_MODULE</type>
		<severity>INFO</severity>
		<timestamp>Thu Apr 11 13:03:59 2024</timestamp>
		<arg name='module'>/lib/x86_64-linux-gnu/libuv.so.1</arg>
	</msg>
	<msg id='59' display='false' source='trc'>
		<type>UNLOAD_MODULE</type>
		<severity>INFO</severity>
		<timestamp>Thu Apr 11 13:03:59 2024</timestamp>
		<arg name='module'>/lib/x86_64-linux-gnu/librhash.so.0</arg>
	</msg>
	<msg id='60' display='false' source='trc'>
		<type>UNLOAD_MODULE</type>
		<severity>INFO</severity>
		<timestamp>Thu Apr 11 13:03:59 2024</timestamp>
		<arg name='module'>/lib/x86_64-linux-gnu/libstdc++.so.6</arg>
	</msg>
	<msg id='61' display='false' source='trc'>
		<type>UNLOAD_MODULE</type>
		<severity>INFO</severity>
		<timestamp>Thu Apr 11 13:03:59 2024</timestamp>
		<arg name='module'>/lib/x86_64-linux-gnu/libm.so.6</arg>
	</msg>
	<msg id='62' display='false' source='trc'>
		<type>UNLOAD_MODULE</type>
		<severity>INFO</severity>
		<timestamp>Thu Apr 11 13:03:59 2024</timestamp>
		<arg name='module'>/lib/x86_64-linux-gnu/libgcc_s.so.1</arg>
	</msg>
	<msg id='63' display='false' source='trc'>
		<type>UNLOAD_MODULE</type>
		<severity>INFO</severity>
		<timestamp>Thu Apr 11 13:03:59 2024</timestamp>
		<arg name='module'>/lib/x86_64-linux-gnu/libc.so.6</arg>
	</msg>
	<msg id='64' display='false' source='trc'>
		<type>UNLOAD_MODULE</type>
		<severity>INFO</severity>
		<timestamp>Thu Apr 11 13:03:59 2024</timestamp>
		<arg name='module'>/lib/x86_64-linux-gnu/libnettle.so.8</arg>
	</msg>
	<msg id='65' display='false' source='trc'>
		<type>UNLOAD_MODULE</type>
		<severity>INFO</severity>
		<timestamp>Thu Apr 11 13:03:59 2024</timestamp>
		<arg name='module'>/lib/x86_64-linux-gnu/libacl.so.1</arg>
	</msg>
	<msg id='66' display='false' source='trc'>
		<type>UNLOAD_MODULE</type>
		<severity>INFO</severity>
		<timestamp>Thu Apr 11 13:03:59 2024</timestamp>
		<arg name='module'>/lib/x86_64-linux-gnu/liblzma.so.5</arg>
	</msg>
	<msg id='67' display='false' source='trc'>
		<type>UNLOAD_MODULE</type>
		<severity>INFO</severity>
		<timestamp>Thu Apr 11 13:03:59 2024</timestamp>
		<arg name='module'>/lib/x86_64-linux-gnu/libzstd.so.1</arg>
	</msg>
	<msg id='68' display='false' source='trc'>
		<type>UNLOAD_MODULE</type>
		<severity>INFO</severity>
		<timestamp>Thu Apr 11 13:03:59 2024</timestamp>
		<arg name='module'>/lib/x86_64-linux-gnu/liblz4.so.1</arg>
	</msg>
	<msg id='69' display='false' source='trc'>
		<type>UNLOAD_MODULE</type>
		<severity>INFO</severity>
		<timestamp>Thu Apr 11 13:03:59 2024</timestamp>
		<arg name='module'>/lib/x86_64-linux-gnu/libbz2.so.1.0</arg>
	</msg>
	<msg id='70' display='false' source='trc'>
		<type>UNLOAD_MODULE</type>
		<severity>INFO</severity>
		<timestamp>Thu Apr 11 13:03:59 2024</timestamp>
		<arg name='module'>/lib/x86_64-linux-gnu/libxml2.so.2</arg>
	</msg>
	<msg id='71' display='false' source='trc'>
		<type>UNLOAD_MODULE</type>
		<severity>INFO</severity>
		<timestamp>Thu Apr 11 13:03:59 2024</timestamp>
		<arg name='module'>/lib/x86_64-linux-gnu/libnghttp2.so.14</arg>
	</msg>
	<msg id='72' display='false' source='trc'>
		<type>UNLOAD_MODULE</type>
		<severity>INFO</severity>
		<timestamp>Thu Apr 11 13:03:59 2024</timestamp>
		<arg name='module'>/lib/x86_64-linux-gnu/libidn2.so.0</arg>
	</msg>
	<msg id='73' display='false' source='trc'>
		<type>UNLOAD_MODULE</type>
		<severity>INFO</severity>
		<timestamp>Thu Apr 11 13:03:59 2024</timestamp>
		<arg name='module'>/lib/x86_64-linux-gnu/librtmp.so.1</arg>
	</msg>
	<msg id='74' display='false' source='trc'>
		<type>UNLOAD_MODULE</type>
		<severity>INFO</severity>
		<timestamp>Thu Apr 11 13:03:59 2024</timestamp>
		<arg name='module'>/lib/x86_64-linux-gnu/libssh.so.4</arg>
	</msg>
	<msg id='75' display='false' source='trc'>
		<type>UNLOAD_MODULE</type>
		<severity>INFO</severity>
		<timestamp>Thu Apr 11 13:03:59 2024</timestamp>
		<arg name='module'>/lib/x86_64-linux-gnu/libpsl.so.5</arg>
	</msg>
	<msg id='76' display='false' source='trc'>
		<type>UNLOAD_MODULE</type>
		<severity>INFO</severity>
		<timestamp>Thu Apr 11 13:03:59 2024</timestamp>
		<arg name='module'>/lib/x86_64-linux-gnu/libssl.so.3</arg>
	</msg>
	<msg id='77' display='false' source='trc'>
		<type>UNLOAD_MODULE</type>
		<severity>INFO</severity>
		<timestamp>Thu Apr 11 13:03:59 2024</timestamp>
		<arg name='module'>/lib/x86_64-linux-gnu/libcrypto.so.3</arg>
	</msg>
	<msg id='78' display='false' source='trc'>
		<type>UNLOAD_MODULE</type>
		<severity>INFO</severity>
		<timestamp>Thu Apr 11 13:03:59 2024</timestamp>
		<arg name='module'>/lib/x86_64-linux-gnu/libgssapi_krb5.so.2</arg>
	</msg>
	<msg id='79' display='false' source='trc'>
		<type>UNLOAD_MODULE</type>
		<severity>INFO</severity>
		<timestamp>Thu Apr 11 13:03:59 2024</timestamp>
		<arg name='module'>/lib/x86_64-linux-gnu/libldap-2.5.so.0</arg>
	</msg>
	<msg id='80' display='false' source='trc'>
		<type>UNLOAD_MODULE</type>
		<severity>INFO</severity>
		<timestamp>Thu Apr 11 13:03:59 2024</timestamp>
		<arg name='module'>/lib/x86_64-linux-gnu/liblber-2.5.so.0</arg>
	</msg>
	<msg id='81' display='false' source='trc'>
		<type>UNLOAD_MODULE</type>
		<severity>INFO</severity>
		<timestamp>Thu Apr 11 13:03:59 2024</timestamp>
		<arg name='module'>/lib/x86_64-linux-gnu/libbrotlidec.so.1</arg>
	</msg>
	<msg id='82' display='false' source='trc'>
		<type>UNLOAD_MODULE</type>
		<severity>INFO</severity>
		<timestamp>Thu Apr 11 13:03:59 2024</timestamp>
		<arg name='module'>/lib/x86_64-linux-gnu/libicuuc.so.70</arg>
	</msg>
	<msg id='83' display='false' source='trc'>
		<type>UNLOAD_MODULE</type>
		<severity>INFO</severity>
		<timestamp>Thu Apr 11 13:03:59 2024</timestamp>
		<arg name='module'>/lib/x86_64-linux-gnu/libunistring.so.2</arg>
	</msg>
	<msg id='84' display='false' source='trc'>
		<type>UNLOAD_MODULE</type>
		<severity>INFO</severity>
		<timestamp>Thu Apr 11 13:03:59 2024</timestamp>
		<arg name='module'>/lib/x86_64-linux-gnu/libgnutls.so.30</arg>
	</msg>
	<msg id='85' display='false' source='trc'>
		<type>UNLOAD_MODULE</type>
		<severity>INFO</severity>
		<timestamp>Thu Apr 11 13:03:59 2024</timestamp>
		<arg name='module'>/lib/x86_64-linux-gnu/libhogweed.so.6</arg>
	</msg>
	<msg id='86' display='false' source='trc'>
		<type>UNLOAD_MODULE</type>
		<severity>INFO</severity>
		<timestamp>Thu Apr 11 13:03:59 2024</timestamp>
		<arg name='module'>/lib/x86_64-linux-gnu/libgmp.so.10</arg>
	</msg>
	<msg id='87' display='false' source='trc'>
		<type>UNLOAD_MODULE</type>
		<severity>INFO</severity>
		<timestamp>Thu Apr 11 13:03:59 2024</timestamp>
		<arg name='module'>/lib/x86_64-linux-gnu/libkrb5.so.3</arg>
	</msg>
	<msg id='88' display='false' source='trc'>
		<type>UNLOAD_MODULE</type>
		<severity>INFO</severity>
		<timestamp>Thu Apr 11 13:03:59 2024</timestamp>
		<arg name='module'>/lib/x86_64-linux-gnu/libk5crypto.so.3</arg>
	</msg>
	<msg id='89' display='false' source='trc'>
		<type>UNLOAD_MODULE</type>
		<severity>INFO</severity>
		<timestamp>Thu Apr 11 13:03:59 2024</timestamp>
		<arg name='module'>/lib/x86_64-linux-gnu/libcom_err.so.2</arg>
	</msg>
	<msg id='90' display='false' source='trc'>
		<type>UNLOAD_MODULE</type>
		<severity>INFO</severity>
		<timestamp>Thu Apr 11 13:03:59 2024</timestamp>
		<arg name='module'>/lib/x86_64-linux-gnu/libkrb5support.so.0</arg>
	</msg>
	<msg id='91' display='false' source='trc'>
		<type>UNLOAD_MODULE</type>
		<severity>INFO</severity>
		<timestamp>Thu Apr 11 13:03:59 2024</timestamp>
		<arg name='module'>/lib/x86_64-linux-gnu/libsasl2.so.2</arg>
	</msg>
	<msg id='92' display='false' source='trc'>
		<type>UNLOAD_MODULE</type>
		<severity>INFO</severity>
		<timestamp>Thu Apr 11 13:03:59 2024</timestamp>
		<arg name='module'>/lib/x86_64-linux-gnu/libbrotlicommon.so.1</arg>
	</msg>
	<msg id='93' display='false' source='trc'>
		<type>UNLOAD_MODULE</type>
		<severity>INFO</severity>
		<timestamp>Thu Apr 11 13:03:59 2024</timestamp>
		<arg name='module'>/lib/x86_64-linux-gnu/libicudata.so.70</arg>
	</msg>
	<msg id='94' display='false' source='trc'>
		<type>UNLOAD_MODULE</type>
		<severity>INFO</severity>
		<timestamp>Thu Apr 11 13:03:59 2024</timestamp>
		<arg name='module'>/lib/x86_64-linux-gnu/libp11-kit.so.0</arg>
	</msg>
	<msg id='95' display='false' source='trc'>
		<type>UNLOAD_MODULE</type>
		<severity>INFO</severity>
		<timestamp>Thu Apr 11 13:03:59 2024</timestamp>
		<arg name='module'>/lib/x86_64-linux-gnu/libtasn1.so.6</arg>
	</msg>
	<msg id='96' display='false' source='trc'>
		<type>UNLOAD_MODULE</type>
		<severity>INFO</severity>
		<timestamp>Thu Apr 11 13:03:59 2024</timestamp>
		<arg name='module'>/lib/x86_64-linux-gnu/libkeyutils.so.1</arg>
	</msg>
	<msg id='97' display='false' source='trc'>
		<type>UNLOAD_MODULE</type>
		<severity>INFO</severity>
		<timestamp>Thu Apr 11 13:03:59 2024</timestamp>
		<arg name='module'>/lib/x86_64-linux-gnu/libresolv.so.2</arg>
	</msg>
	<msg id='98' display='false' source='trc'>
		<type>UNLOAD_MODULE</type>
		<severity>INFO</severity>
		<timestamp>Thu Apr 11 13:03:59 2024</timestamp>
		<arg name='module'>/lib/x86_64-linux-gnu/libffi.so.8</arg>
	</msg>
	<msg id='99' display='false' source='trc'>
		<type>PROCESS_FINISH</type>
		<severity>INFO</severity>
		<timestamp>Thu Apr 11 13:03:59 2024</timestamp>
		<arg name='process'>/usr/bin/cmake</arg>
		<arg name='pid'>90348</arg>
		<arg name='exitcode'>0x0</arg>
	</msg>
	<!-- Application exited with code 0 -->
</log>