0 [134597879293888] INFO perfrun.launcher <> - Launcher main begin
1 [134597879293888] INFO perfrun.launcher <> - MessageCatalogInit finished
1 [134597879293888] INFO perfrun.launcher <> - Launcher instance created
1 [134597879293888] INFO perfrun.launcher <> - argc = 7; cmdline = /opt/intel/oneapi/advisor/2024.1/bin64/advixe-runss --ui-output-format xml --ui-output-fd 118 --option-file /home/popos/Desktop/SPP_2D_convolution/big-board-2d-convolution-codepk37/e000/hs020/config/runss.options 
38 [134597879293888] INFO perfrun.launcher <> - create msngr2::ICliToolContext
38 [134597879293888] INFO perfrun.launcher <> - create file finder object
38 [134597879293888] INFO perfrun.launcher <> - create a result directory: pattern = /home/popos/Desktop/SPP_2D_convolution/big-board-2d-convolution-codepk37/e000/hs020 pid = 4294967295
40 [134597879293888] INFO perfrun.sdk <> - checked that the directory /home/popos/Desktop/SPP_2D_convolution/big-board-2d-convolution-codepk37/e000/hs020 is a local directory
40 [134597879293888] INFO perfrun.sdk <> - the directory /home/popos/Desktop/SPP_2D_convolution/big-board-2d-convolution-codepk37/e000/hs020 is a local directory with FS type ID 61267
40 [134597879293888] INFO perfrun.launcher <> - create data directory = /home/popos/Desktop/SPP_2D_convolution/big-board-2d-convolution-codepk37/e000/hs020/data.0
40 [134597879293888] INFO perfrun.launcher <> - Creating the master collection flag
53 [134597879293888] INFO perfrun.launcher <> - Done creating the master collection flag
54 [134597723547200] INFO perfrun.launcher <> - plugin [remoteplug] was disabled because it doesn't support the given collection type.
54 [134597723547200] INFO perfrun.sdk <> - Allocating TMU :/home/popos/Desktop/SPP_2D_convolution/big-board-2d-convolution-codepk37/e000/hs020/data.0/systemcollector-89693-pop-os-pk.sc
54 [134597723547200] INFO perfrun.launcher <> - plugin [] was disabled because it doesn't support the given collection type.
54 [134597723547200] INFO perfrun.launcher <> - plugin [gpu] was disabled because it doesn't support the given collection type.
54 [134597723547200] INFO perfrun.launcher <> - plugin [] was disabled because it doesn't support the given collection type.
54 [134597723547200] INFO perfrun.launcher <> - plugin [] was disabled because it doesn't support the given collection type.
54 [134597723547200] INFO perfrun.launcher <> - plugin [] was disabled because it doesn't support the given collection type.
54 [134597723547200] INFO perfrun.mrte <> - system-wide mode is 0
54 [134597723547200] INFO perfrun.mrte <> - Getting  mrte profiling environment ...
57 [134597723547200] INFO perfrun.mrte <> - INTEL_MRTE_DATA_DIR=/home/popos/Desktop/SPP_2D_convolution/big-board-2d-convolution-codepk37/e000/hs020/data.0
57 [134597723547200] INFO perfrun.mrte <> - INTEL_MRTE_HOST_NAME=pop-os-pk
57 [134597723547200] INFO perfrun.mrte <> - JAVA_TOOL_OPTIONS=-agentlib:advixe_tpssmrte_javaprof_1.0 -Dsun.boot.library.path=/opt/intel/oneapi/advisor/2024.1/lib32/runtime:/opt/intel/oneapi/advisor/2024.1/lib64/runtime
57 [134597723547200] INFO perfrun.mrte <> - LD_LIBRARY_PATH=/opt/intel/oneapi/advisor/2024.1/lib32/runtime:/opt/intel/oneapi/advisor/2024.1/lib64/runtime
57 [134597723547200] INFO perfrun.mrte <> - Data directory: /home/popos/Desktop/SPP_2D_convolution/big-board-2d-convolution-codepk37/e000/hs020/data.0
57 [134597723547200] INFO perfrun.mrte <> - Mrte plugin is initialized
57 [134597723547200] INFO perfrun.launcher <> - plugin [] was disabled because it doesn't support the given collection type.
57 [134597723547200] INFO perfrun.launcher <> - plugin [] was disabled because it doesn't support the given collection type.
57 [134597723547200] INFO perfrun.launcher <> - plugin [] was disabled because it doesn't support the given collection type.
57 [134597723547200] INFO perfrun.launcher <> - plugin [] was disabled because it doesn't support the given collection type.
57 [134597723547200] INFO perfrun.launcher <> - plugin [] was disabled because it doesn't support the given collection type.
57 [134597723547200] INFO perfrun.launcher <> - plugin [] was disabled because it doesn't support the given collection type.
57 [134597723547200] INFO perfrun.launcher <> - plugin [] was disabled because it doesn't support the given collection type.
57 [134597723547200] INFO perfrun.tpss <> - initialize tpss controller
57 [134597723547200] INFO perfrun.tpss <> - configure collection mode: value = cpu:stack
57 [134597723547200] INFO perfrun.tpss <> - default obj-size-min=1024
58 [134597723547200] INFO perfrun.tpss <> - default hash-table-size=0
58 [134597723547200] INFO perfrun.launcher <> - plugin [] was disabled because it doesn't support the given collection type.
58 [134597723547200] INFO perfrun.launcher <> - plugin [] was disabled because it doesn't support the given collection type.
58 [134597723547200] INFO perfrun.launcher <> - plugin [] was disabled because it doesn't support the given collection type.
58 [134597723547200] INFO perfrun.launcher <> - plugin [] was disabled because it doesn't support the given collection type.
58 [134597723547200] INFO perfrun.launcher <> - plugin [] was disabled because it doesn't support the given collection type.
58 [134597723547200] INFO perfrun.launcher <> - plugin [] was disabled because it doesn't support the given collection type.
58 [134597723547200] INFO perfrun.launcher <> - plugin [] was disabled because it doesn't support the given collection type.
58 [134597723547200] INFO perfrun.launcher <> - plugin [] was disabled because it doesn't support the given collection type.
58 [134597723547200] INFO perfrun.launcher <> - plugin [] was disabled because it doesn't support the given collection type.
58 [134597879293888] INFO perfrun.launcher <> - set environment variable: LD_LIBRARY_PATH = /opt/intel/oneapi/advisor/2024.1/lib32/runtime:/opt/intel/oneapi/advisor/2024.1/lib64/runtime
58 [134597879293888] INFO perfrun.launcher <> - set environment variable: INTEL_LIBITTNOTIFY32 = /opt/intel/oneapi/advisor/2024.1/lib32/runtime/libittnotify_collector.so
58 [134597879293888] INFO perfrun.launcher <> - set environment variable: INTEL_LIBITTNOTIFY64 = /opt/intel/oneapi/advisor/2024.1/lib64/runtime/libittnotify_collector.so
58 [134597879293888] INFO perfrun.launcher <> - set environment variable: INTEL_ITTNOTIFY_GROUPS = 
58 [134597879293888] INFO perfrun.launcher <> - set environment variable: INTEL_JIT_PROFILER32 = /opt/intel/oneapi/advisor/2024.1/lib32/runtime/libittnotify_collector.so
58 [134597879293888] INFO perfrun.launcher <> - set environment variable: INTEL_JIT_PROFILER64 = /opt/intel/oneapi/advisor/2024.1/lib64/runtime/libittnotify_collector.so
58 [134597879293888] INFO perfrun.launcher <> - set environment variable: ENABLE_JITPROFILING = 1
58 [134597879293888] INFO perfrun.launcher <> - set environment variable: CL_CONFIG_USE_VTUNE = True
58 [134597879293888] INFO perfrun.launcher <> - set environment variable: KMP_FORKJOIN_FRAMES = 0
58 [134597879293888] INFO perfrun.launcher <> - set environment variable: KMP_FORKJOIN_FRAMES_MODE = 0
58 [134597879293888] INFO perfrun.launcher <> - set environment variable: INTEL_MRTE_DATA_DIR = /home/popos/Desktop/SPP_2D_convolution/big-board-2d-convolution-codepk37/e000/hs020/data.0
58 [134597879293888] INFO perfrun.launcher <> - set environment variable: INTEL_MRTE_HOST_NAME = pop-os-pk
58 [134597879293888] INFO perfrun.launcher <> - set environment variable: JAVA_TOOL_OPTIONS = -agentlib:advixe_tpssmrte_javaprof_1.0 -Dsun.boot.library.path=/opt/intel/oneapi/advisor/2024.1/lib32/runtime:/opt/intel/oneapi/advisor/2024.1/lib64/runtime
58 [134597879293888] INFO perfrun.launcher <> - set environment variable: LD_LIBRARY_PATH = /opt/intel/oneapi/advisor/2024.1/lib32/runtime:/opt/intel/oneapi/advisor/2024.1/lib64/runtime
58 [134597879293888] INFO perfrun.launcher <> - RpcServer: run RPC server to handle requests
58 [134597879293888] INFO perfrun.launcher <> - Launcher: command line to start before modification = ./runner_script.sh
58 [134597879293888] INFO perfrun.launcher <> - Launcher: command line to start after modification = /opt/intel/oneapi/advisor/2024.1/bin64/pin -error_file /home/popos/Desktop/SPP_2D_convolution/big-board-2d-convolution-codepk37/e000/hs020/data.0/pinerr.tpsslog -detach_reattach -follow_execv -tool_load_option deepbind -t64 /opt/intel/oneapi/advisor/2024.1/lib64/libtpsstool.so -t /opt/intel/oneapi/advisor/2024.1/lib32/libtpsstool.so -server_name tpss_ipc.89693 -prd_dir /opt/intel/oneapi/advisor/2024.1 -- ./runner_script.sh
58 [134597879293888] INFO perfrun.launcher <> - ProcessCreator object was created
59 [134597879293888] INFO perfrun.launcher <> - Launcher: the process was started in suspend mode
59 [134597723547200] WARN perfrun.system <> - Could not do anything with /sys/kernel/debug/kvm: boost::filesystem::status: Permission denied [system:13]: "/sys/kernel/debug/kvm", at file: vcs/perfrun1/plugins/system/src/trace_writer.cpp:787
59 [134597723547200] WARN perfrun.system <> - Folder "/var/run/libvirt/qemu/"doesn't exist, at file: vcs/perfrun1/plugins/system/src/trace_writer.cpp:800
60 [134597723547200] WARN perfrun.sdk <> - Failed to find xl binary on any of the system paths: /bin, /sbin, /usr/bin, /usr/sbin., at file: vcs/perfrun1/sdk/src/utils.cpp:204
63 [134597723547200] INFO perfrun.vdso <> - Helper runtool '/opt/intel/oneapi/advisor/2024.1/bin32/advixe-runss -dump-vdso -r /home/popos/Desktop/SPP_2D_convolution/big-board-2d-convolution-codepk37/e000/hs020 --tmp-dir /tmp/advixe-tmp-popos' returned 1
236 [134597723547200] INFO perfrun.vdso <> - Helper runtool '/opt/intel/oneapi/advisor/2024.1/bin64/advixe-runss -dump-vdso -r /home/popos/Desktop/SPP_2D_convolution/big-board-2d-convolution-codepk37/e000/hs020 --tmp-dir /tmp/advixe-tmp-popos' returned 0
236 [134597723547200] INFO perfrun.itt <> - start itt controller for pid #89706
236 [134597723547200] INFO perfrun.tpss <> - start tpss controller for pid #89706
286 [134597879293888] INFO perfrun.launcher <> - Launcher: all plugins were started
286 [134597879293888] INFO perfrun.launcher <> - DirectoryMonitor object was created
286 [134597879293888] INFO perfrun.launcher <> - DirectoryMonitor: a callback was added
286 [134597879293888] INFO perfrun.launcher <> - DirectoryMonitor was started with pingTime = 1000
286 [134597879293888] INFO perfrun.launcher <> - DeadlineTimer is going to be constructed
287 [134597879293888] INFO perfrun.launcher <> - DeadlineTimer: a callback was added
289 [134597879293888] INFO perfrun.launcher <> - Launcher: resume the profiled application and  wait its termination or stop command
6905 [134597879293888] INFO perfrun.launcher <> - Launcher: the profiled application was terminated  with exit code = 0
6921 [134597723547200] INFO perfrun.itt <> - detach itt controller
6921 [134597723547200] INFO perfrun.itt <> - detach itt controller done
6921 [134597723547200] INFO perfrun.tpss <> - stop tpss controller
6922 [134597723547200] INFO perfrun.sdk <> - De-allocating TMU: /home/popos/Desktop/SPP_2D_convolution/big-board-2d-convolution-codepk37/e000/hs020/data.0/systemcollector-89693-pop-os-pk.sc
6922 [134597723547200] INFO perfrun.system <> - closed the system trace file: /home/popos/Desktop/SPP_2D_convolution/big-board-2d-convolution-codepk37/e000/hs020/data.0/systemcollector-89693-pop-os-pk.sc
6922 [134597879293888] INFO perfrun.launcher <> - Launcher: all plugins were stopped.
6922 [134597879293888] INFO perfrun.launcher <> - DeadlineTimer is going to be destroyed
6922 [134597879293888] INFO perfrun.launcher <> - DeadlineTimer was destroyed
6922 [134597879293888] INFO perfrun.launcher <> - DirectoryMonitor object was destroyed
6922 [134597879293888] WARN perfrun.launcher <> - Stop command is ignored because it is received when collection is already stopped, at file: vcs/perfrun1/launcher/src/command_handler.cpp:226
6922 [134597879293888] INFO perfrun.launcher <> - Application exit code: 0
6922 [134597879293888] INFO perfrun.launcher <> - Exit code: 0
